[    5654ms] [WARNING] adgb - not initialized. @ https://cdn.taboola.com/libtrc/babnettunisie/loader.js:0
[    9134ms] [WARNING] load or execution issue occured @ https://cdn.pabidding.io/c/babnet.net.min.js:4
[   12981ms] [WARNING] Manifest: found icon with no valid purpose; ignoring it. @ https://www.babnet.net/manifest.php:0
[   13295ms] [WARNING] [GPT] Slot div-gpt-ad-1447608228340-3 rendered inside of the viewport.
https://goo.gle/gpt-message#169 @ https://securepubads.g.doubleclick.net/pagead/managed/js/gpt/m202602090101/pubads_impl.js?cb=31096699:18
[   14163ms] [ERROR] Attestation check for Attribution Reporting on https://www.google-analytics.com failed. @ https://www.babnet.net/:0
[   14163ms] [ERROR] Attestation check for Attribution Reporting on https://www.google-analytics.com failed. @ https://www.babnet.net/:0
[   14163ms] [ERROR] Attestation check for Attribution Reporting on https://www.google-analytics.com failed. @ https://www.babnet.net/:0
[   14165ms] [ERROR] Attestation check for Attribution Reporting on https://www.google-analytics.com failed. @ https://www.babnet.net/:0
[   14448ms] [WARNING] [GPT] Using deprecated googletag.encryptedSignalProviders. Please use googletag.secureSignalProviders instead.
https://goo.gle/gpt-message#155 @ https://securepubads.g.doubleclick.net/pagead/managed/js/gpt/m202602090101/pubads_impl.js?cb=31096699:18
[   14489ms] [WARNING] [GPT] Using deprecated googletag.encryptedSignalProviders. Please use googletag.secureSignalProviders instead.
https://goo.gle/gpt-message#155 @ https://securepubads.g.doubleclick.net/pagead/managed/js/gpt/m202602090101/pubads_impl.js?cb=31096699:18
[   14698ms] [WARNING] Google Deploy of the SharedId library has been deprecated. Please select another option in the GAM UI. If you use Prebid, we suggest the Prebid.js UserId option. If you do not, you may configure GAM to allow Google to share a first party user identifier with OB and AB participants, which is either the publisherProvidedId or the __gads value when that is missing. @ https://cdn.jsdelivr.net/gh/prebid/shared-id/pubcid.js/docs/pubcid.min.js:0
[   14739ms] [ERROR] Attestation check for Shared Storage on https://www.googleadservices.com failed. @ https://www.googleadservices.com/pagead/managed/js/activeview/current/reach_worklet.html:0
[   14770ms] [ERROR] Attestation check for Shared Storage on https://www.googleadservices.com failed. @ https://www.googleadservices.com/pagead/managed/js/activeview/current/reach_worklet.html:0
[   14779ms] [ERROR] Attestation check for Shared Storage on https://www.googleadservices.com failed. @ https://www.googleadservices.com/pagead/managed/js/activeview/current/reach_worklet.html:0
[   15114ms] [WARNING] [GPT] Using deprecated googletag.encryptedSignalProviders. Please use googletag.secureSignalProviders instead.
https://goo.gle/gpt-message#155 @ https://securepubads.g.doubleclick.net/pagead/managed/js/gpt/m202602090101/pubads_impl.js?cb=31096699:18
[   15332ms] SyntaxError: Failed to execute 'write' on 'Document': Unexpected identifier 'href'
    at G (https://cdn.projectagora-adtag-library.com/adtag/latest/pav2.min.js:1:9763)
    at $ (https://cdn.projectagora-adtag-library.com/adtag/latest/pav2.min.js:1:10728)
    at https://cdn.projectagora-adtag-library.com/adtag/latest/pav2.min.js:1:69585
    at _n (https://cdn.projectagora-adtag-library.com/adtag/latest/pav2.min.js:1:69609)
    at https://cdn.projectagora-adtag-library.com/adtag/latest/pav2.min.js:1:60534
    at cn (https://cdn.projectagora-adtag-library.com/adtag/latest/pav2.min.js:1:60539)
    at an (https://cdn.projectagora-adtag-library.com/adtag/latest/pav2.min.js:1:60126)
    at Object.bi (https://cdn.projectagora-adtag-library.com/adtag/latest/pav2.min.js:1:109146)
    at mi (https://cdn.projectagora-adtag-library.com/adtag/latest/pav2.min.js:1:109454)
    at https://cdn.projectagora-adtag-library.com/adtag/latest/pav2.min.js:1:4871
[   15366ms] SyntaxError: Failed to execute 'write' on 'Document': Unexpected token '<'
    at G (https://cdn.projectagora-adtag-library.com/adtag/latest/pav2.min.js:1:9763)
    at $ (https://cdn.projectagora-adtag-library.com/adtag/latest/pav2.min.js:1:10728)
    at https://cdn.projectagora-adtag-library.com/adtag/latest/pav2.min.js:1:69585
    at _n (https://cdn.projectagora-adtag-library.com/adtag/latest/pav2.min.js:1:69609)
    at https://cdn.projectagora-adtag-library.com/adtag/latest/pav2.min.js:1:60534
    at cn (https://cdn.projectagora-adtag-library.com/adtag/latest/pav2.min.js:1:60539)
    at an (https://cdn.projectagora-adtag-library.com/adtag/latest/pav2.min.js:1:60126)
    at Object.bi (https://cdn.projectagora-adtag-library.com/adtag/latest/pav2.min.js:1:109146)
    at mi (https://cdn.projectagora-adtag-library.com/adtag/latest/pav2.min.js:1:109454)
    at https://cdn.projectagora-adtag-library.com/adtag/latest/pav2.min.js:1:4871
[   15408ms] [ERROR] Mixed Content: The page at 'https://www.babnet.net/' was loaded over HTTPS, but requested an insecure resource 'http://prg.smartadserver.com/prebid/v1'. This request has been blocked; the content must be served over HTTPS. @ https://cdn.projectagora-adtag-library.com/prebid/latest/prebid.js:11
[   15415ms] [ERROR] Mixed Content: The page at 'https://www.babnet.net/' was loaded over HTTPS, but requested an insecure resource 'http://prg.smartadserver.com/prebid/v1'. This request has been blocked; the content must be served over HTTPS. @ https://cdn.projectagora-adtag-library.com/prebid/latest/prebid.js:11
[   16033ms] [ERROR] Access to XMLHttpRequest at 'https://api.rlcdn.com/api/identity/envelope?pid=1258' from origin 'https://www.babnet.net' has been blocked by CORS policy: No 'Access-Control-Allow-Origin' header is present on the requested resource. @ https://www.babnet.net/:0
[   16033ms] [ERROR] Failed to load resource: net::ERR_FAILED @ https://api.rlcdn.com/api/identity/envelope?pid=1258:0
[   19451ms] [WARNING] adgb - not initialized. @ https://cdn.taboola.com/libtrc/babnet-300x250-mena-r100003339/loader.js:58
[   20084ms] [WARNING] Placements With no Content: 100003339 @ https://cdn.taboola.com/libtrc/babnet-300x250-mena-r100003339/loader.js:58
[   20089ms] [WARNING] Placements With no Content: 100003339 @ https://cdn.taboola.com/libtrc/babnet-300x250-mena-r100003339/loader.js:58
[   20098ms] [WARNING] response is missing recommendation on all placements: "NO_ITEMS" @ https://cdn.taboola.com/libtrc/babnet-300x250-mena-r100003339/loader.js:58
[   20535ms] Uncaught TypeError: TRC.getRTUS is not a function
    at <anonymous> (https://gum.criteo.com/sync?c=72&r=2&j=TRC.getRTUS&us_privacy=&gdpr=0&gdpr_consent=:0:4)
[   21269ms] [ERROR] Failed to load resource: net::ERR_NAME_NOT_RESOLVED @ https://pxl.connexity.net/c/cse?a=R&A=22c&D=569a&V=9&I0k=ptnrid&I0v=28725860-cd32-4ffa-adfd-9924be0cac6f-tuct10878bc5:0
[   23527ms] [ERROR] Failed to load resource: the server responded with a status of 404 (Not Found) @ https://us4.shb-sync.com/242f9efd-a4ac-41dd-ac5b-b0dfe12f0eea.gif?puid=[UID]&redir=https%3A%2F%2Fu-ams03.e-planning.net%2Fum%3Fuid%3D%5BUID%5D%26dc%3Dc5bad88b99fd7fa3%26fi%3D627376943a01bbeb&gdpr=[GDPR]&gdpr_consent=[GDPR_CONSENT]&ccpa=[CCPA]:0
[   25335ms] [ERROR] Failed to load resource: the server responded with a status of 400 () @ https://eb2.3lift.com/getuid?gdpr=0&gdpr_consent=&redir=https%3A%2F%2Fvisitor.europe-west9.gcp.omnitagjs.com%2Fvisitor%2Fsync%3Fgdpr%3D0%26gdpr_consent%3D%26is_cookie_sync_uid%3D1%26name%3DTRIPLELIFT_cookie_sync%26ttl%3D720%26uid%3D771bebe2d6221e9ca65e16ebf8d2f6f3%26visitor%3D%24UID:0
[   25475ms] [ERROR] Failed to load resource: the server responded with a status of 502 () @ chrome-error://chromewebdata/:0
[   25482ms] [ERROR] Refused to display 'https://gum.aidemsrv.com/' in a frame because it set 'X-Frame-Options' to 'sameorigin'. @ chrome-error://chromewebdata/:0
[   14739ms] [ERROR] Attestation check for Shared Storage on https://www.googleadservices.com failed. @ https://www.googleadservices.com/pagead/managed/js/activeview/current/reach_worklet.html:0
[   14770ms] [ERROR] Attestation check for Shared Storage on https://www.googleadservices.com failed. @ https://www.googleadservices.com/pagead/managed/js/activeview/current/reach_worklet.html:0
[   14779ms] [ERROR] Attestation check for Shared Storage on https://www.googleadservices.com failed. @ https://www.googleadservices.com/pagead/managed/js/activeview/current/reach_worklet.html:0
[   27378ms] SyntaxError: Failed to execute 'write' on 'Document': Unexpected token '<'
    at G (https://cdn.projectagora-adtag-library.com/adtag/latest/pav2.min.js:1:9763)
    at $ (https://cdn.projectagora-adtag-library.com/adtag/latest/pav2.min.js:1:10728)
    at https://cdn.projectagora-adtag-library.com/adtag/latest/pav2.min.js:1:69585
    at _n (https://cdn.projectagora-adtag-library.com/adtag/latest/pav2.min.js:1:69609)
    at https://cdn.projectagora-adtag-library.com/adtag/latest/pav2.min.js:1:60534
    at cn (https://cdn.projectagora-adtag-library.com/adtag/latest/pav2.min.js:1:60539)
    at an (https://cdn.projectagora-adtag-library.com/adtag/latest/pav2.min.js:1:60126)
    at Object.bi (https://cdn.projectagora-adtag-library.com/adtag/latest/pav2.min.js:1:109146)
    at mi (https://cdn.projectagora-adtag-library.com/adtag/latest/pav2.min.js:1:109454)
    at https://cdn.projectagora-adtag-library.com/adtag/latest/pav2.min.js:1:4871
[   27442ms] [ERROR] Attestation check for Attribution Reporting on https://www.google-analytics.com failed. @ https://www.babnet.net/:0
[   27484ms] [ERROR] Attestation check for Shared Storage on https://www.googleadservices.com failed. @ https://www.googleadservices.com/pagead/managed/js/activeview/current/reach_worklet.html:0
[   27486ms] [WARNING] Failed to execute 'postMessage' on 'DOMWindow': The target origin provided ('https://www.youtube.com') does not match the recipient window's origin ('https://www.babnet.net'). @ https://www.youtube.com/s/player/fd1b5dc8/www-widgetapi.vflset/www-widgetapi.js:209
[   28241ms] [ERROR] Failed to load resource: net::ERR_CONNECTION_RESET @ https://csync.copper6.com/f3c49daf592d06bab39258cac72c0de9.gif?gdpr=0&gdpr_consent=&redir=https%3A%2F%2Fvisitor.europe-west9.gcp.omnitagjs.com%2Fvisitor%2Fsync%3Fgdpr%3D0%26gdpr_consent%3D%26is_cookie_sync_uid%3D1%26name%3DCOPPER6_APP_cookie_sync%26ttl%3D720%26uid%3D123285a4642e0170ed8b35a36075585%26visitor%3D%5BUID%5D:0
[   30316ms] [ERROR] Failed to load resource: net::ERR_INSUFFICIENT_RESOURCES @ https://www.youtube.com/s/player/fd1b5dc8/player_es6.vflset/fr_FR/heartbeat.js:0
[   32005ms] [ERROR] Failed to load resource: net::ERR_INSUFFICIENT_RESOURCES @ https://jnn-pa.googleapis.com/$rpc/google.internal.waa.v1.Waa/GenerateIT:0
[   25335ms] [ERROR] Failed to load resource: the server responded with a status of 400 () @ https://eb2.3lift.com/getuid?gdpr=0&gdpr_consent=&redir=https%3A%2F%2Fvisitor.europe-west9.gcp.omnitagjs.com%2Fvisitor%2Fsync%3Fgdpr%3D0%26gdpr_consent%3D%26is_cookie_sync_uid%3D1%26name%3DTRIPLELIFT_cookie_sync%26ttl%3D720%26uid%3D771bebe2d6221e9ca65e16ebf8d2f6f3%26visitor%3D%24UID:0
[   28241ms] [ERROR] Failed to load resource: net::ERR_CONNECTION_RESET @ https://csync.copper6.com/f3c49daf592d06bab39258cac72c0de9.gif?gdpr=0&gdpr_consent=&redir=https%3A%2F%2Fvisitor.europe-west9.gcp.omnitagjs.com%2Fvisitor%2Fsync%3Fgdpr%3D0%26gdpr_consent%3D%26is_cookie_sync_uid%3D1%26name%3DCOPPER6_APP_cookie_sync%26ttl%3D720%26uid%3D123285a4642e0170ed8b35a36075585%26visitor%3D%5BUID%5D:0
[   25335ms] [ERROR] Failed to load resource: the server responded with a status of 400 () @ https://eb2.3lift.com/getuid?gdpr=0&gdpr_consent=&redir=https%3A%2F%2Fvisitor.europe-west9.gcp.omnitagjs.com%2Fvisitor%2Fsync%3Fgdpr%3D0%26gdpr_consent%3D%26is_cookie_sync_uid%3D1%26name%3DTRIPLELIFT_cookie_sync%26ttl%3D720%26uid%3D771bebe2d6221e9ca65e16ebf8d2f6f3%26visitor%3D%24UID:0
[   28241ms] [ERROR] Failed to load resource: net::ERR_CONNECTION_RESET @ https://csync.copper6.com/f3c49daf592d06bab39258cac72c0de9.gif?gdpr=0&gdpr_consent=&redir=https%3A%2F%2Fvisitor.europe-west9.gcp.omnitagjs.com%2Fvisitor%2Fsync%3Fgdpr%3D0%26gdpr_consent%3D%26is_cookie_sync_uid%3D1%26name%3DCOPPER6_APP_cookie_sync%26ttl%3D720%26uid%3D123285a4642e0170ed8b35a36075585%26visitor%3D%5BUID%5D:0
[   25335ms] [ERROR] Failed to load resource: the server responded with a status of 400 () @ https://eb2.3lift.com/getuid?gdpr=0&gdpr_consent=&redir=https%3A%2F%2Fvisitor.europe-west9.gcp.omnitagjs.com%2Fvisitor%2Fsync%3Fgdpr%3D0%26gdpr_consent%3D%26is_cookie_sync_uid%3D1%26name%3DTRIPLELIFT_cookie_sync%26ttl%3D720%26uid%3D771bebe2d6221e9ca65e16ebf8d2f6f3%26visitor%3D%24UID:0
[   28241ms] [ERROR] Failed to load resource: net::ERR_CONNECTION_RESET @ https://csync.copper6.com/f3c49daf592d06bab39258cac72c0de9.gif?gdpr=0&gdpr_consent=&redir=https%3A%2F%2Fvisitor.europe-west9.gcp.omnitagjs.com%2Fvisitor%2Fsync%3Fgdpr%3D0%26gdpr_consent%3D%26is_cookie_sync_uid%3D1%26name%3DCOPPER6_APP_cookie_sync%26ttl%3D720%26uid%3D123285a4642e0170ed8b35a36075585%26visitor%3D%5BUID%5D:0
[   33710ms] [ERROR] Failed to load resource: net::ERR_INSUFFICIENT_RESOURCES @ https://track1.aniview.com/track?avh=90f92fb04fe40583d9bccb27826d460ba1bbecb20b6657b55ab1f39fb0488f86075db11a65b3072e811b426911b9459531736c45a3ecb9ddda903c934867572572860529e7b88285308a485312989eb29f38b9f2cbe34288459139ea31ad026e22580d2a3417820060291ddaf41b89d4&r=www.babnet.net&rs=www.babnet.net&sid=41201&t=1770915399&sn=&tgt=0&osv=10&bv=144.0&brn=Chrome&wi=220&he=124&app=&AV_PUBLISHERID=6311fe190051b3255674e7d5&test=&d64=d971b2d1e9056bc51d7f7a7efc103345&d63=d971b2d1e9056bc51d7f7a7efc103345&aafaid=&proto=https&uid=1770915399363-172029241066-000621-008-003281&stagid=653fa27d60fd7876100927ec&stplid=63a41b53bfc8b2cbe103ffe4&slid=&d35=&d36=6.3.144&cb=4160689480&d39=&d66=&d74=&d56=&d86=&d87=&d88=&d89=&d90=&d94=a9ab4c5&d100=&d101=&apppkg=&d51=&d9=0000&context=&d70=1&d22=6311fe190051b3255674e7d5&d24=653fa254cac38c6ca50efb68&d37=realtime&d65=GlobalConfig&AV_WIDTH=220&AV_HEIGHT=124:0
[   25335ms] [ERROR] Failed to load resource: the server responded with a status of 400 () @ https://eb2.3lift.com/getuid?gdpr=0&gdpr_consent=&redir=https%3A%2F%2Fvisitor.europe-west9.gcp.omnitagjs.com%2Fvisitor%2Fsync%3Fgdpr%3D0%26gdpr_consent%3D%26is_cookie_sync_uid%3D1%26name%3DTRIPLELIFT_cookie_sync%26ttl%3D720%26uid%3D771bebe2d6221e9ca65e16ebf8d2f6f3%26visitor%3D%24UID:0
[   28241ms] [ERROR] Failed to load resource: net::ERR_CONNECTION_RESET @ https://csync.copper6.com/f3c49daf592d06bab39258cac72c0de9.gif?gdpr=0&gdpr_consent=&redir=https%3A%2F%2Fvisitor.europe-west9.gcp.omnitagjs.com%2Fvisitor%2Fsync%3Fgdpr%3D0%26gdpr_consent%3D%26is_cookie_sync_uid%3D1%26name%3DCOPPER6_APP_cookie_sync%26ttl%3D720%26uid%3D123285a4642e0170ed8b35a36075585%26visitor%3D%5BUID%5D:0
[   25335ms] [ERROR] Failed to load resource: the server responded with a status of 400 () @ https://eb2.3lift.com/getuid?gdpr=0&gdpr_consent=&redir=https%3A%2F%2Fvisitor.europe-west9.gcp.omnitagjs.com%2Fvisitor%2Fsync%3Fgdpr%3D0%26gdpr_consent%3D%26is_cookie_sync_uid%3D1%26name%3DTRIPLELIFT_cookie_sync%26ttl%3D720%26uid%3D771bebe2d6221e9ca65e16ebf8d2f6f3%26visitor%3D%24UID:0
[   28241ms] [ERROR] Failed to load resource: net::ERR_CONNECTION_RESET @ https://csync.copper6.com/f3c49daf592d06bab39258cac72c0de9.gif?gdpr=0&gdpr_consent=&redir=https%3A%2F%2Fvisitor.europe-west9.gcp.omnitagjs.com%2Fvisitor%2Fsync%3Fgdpr%3D0%26gdpr_consent%3D%26is_cookie_sync_uid%3D1%26name%3DCOPPER6_APP_cookie_sync%26ttl%3D720%26uid%3D123285a4642e0170ed8b35a36075585%26visitor%3D%5BUID%5D:0
[   25335ms] [ERROR] Failed to load resource: the server responded with a status of 400 () @ https://eb2.3lift.com/getuid?gdpr=0&gdpr_consent=&redir=https%3A%2F%2Fvisitor.europe-west9.gcp.omnitagjs.com%2Fvisitor%2Fsync%3Fgdpr%3D0%26gdpr_consent%3D%26is_cookie_sync_uid%3D1%26name%3DTRIPLELIFT_cookie_sync%26ttl%3D720%26uid%3D771bebe2d6221e9ca65e16ebf8d2f6f3%26visitor%3D%24UID:0
[   28241ms] [ERROR] Failed to load resource: net::ERR_CONNECTION_RESET @ https://csync.copper6.com/f3c49daf592d06bab39258cac72c0de9.gif?gdpr=0&gdpr_consent=&redir=https%3A%2F%2Fvisitor.europe-west9.gcp.omnitagjs.com%2Fvisitor%2Fsync%3Fgdpr%3D0%26gdpr_consent%3D%26is_cookie_sync_uid%3D1%26name%3DCOPPER6_APP_cookie_sync%26ttl%3D720%26uid%3D123285a4642e0170ed8b35a36075585%26visitor%3D%5BUID%5D:0
[   25335ms] [ERROR] Failed to load resource: the server responded with a status of 400 () @ https://eb2.3lift.com/getuid?gdpr=0&gdpr_consent=&redir=https%3A%2F%2Fvisitor.europe-west9.gcp.omnitagjs.com%2Fvisitor%2Fsync%3Fgdpr%3D0%26gdpr_consent%3D%26is_cookie_sync_uid%3D1%26name%3DTRIPLELIFT_cookie_sync%26ttl%3D720%26uid%3D771bebe2d6221e9ca65e16ebf8d2f6f3%26visitor%3D%24UID:0
[   28241ms] [ERROR] Failed to load resource: net::ERR_CONNECTION_RESET @ https://csync.copper6.com/f3c49daf592d06bab39258cac72c0de9.gif?gdpr=0&gdpr_consent=&redir=https%3A%2F%2Fvisitor.europe-west9.gcp.omnitagjs.com%2Fvisitor%2Fsync%3Fgdpr%3D0%26gdpr_consent%3D%26is_cookie_sync_uid%3D1%26name%3DCOPPER6_APP_cookie_sync%26ttl%3D720%26uid%3D123285a4642e0170ed8b35a36075585%26visitor%3D%5BUID%5D:0
[   25335ms] [ERROR] Failed to load resource: the server responded with a status of 400 () @ https://eb2.3lift.com/getuid?gdpr=0&gdpr_consent=&redir=https%3A%2F%2Fvisitor.europe-west9.gcp.omnitagjs.com%2Fvisitor%2Fsync%3Fgdpr%3D0%26gdpr_consent%3D%26is_cookie_sync_uid%3D1%26name%3DTRIPLELIFT_cookie_sync%26ttl%3D720%26uid%3D771bebe2d6221e9ca65e16ebf8d2f6f3%26visitor%3D%24UID:0
[   28241ms] [ERROR] Failed to load resource: net::ERR_CONNECTION_RESET @ https://csync.copper6.com/f3c49daf592d06bab39258cac72c0de9.gif?gdpr=0&gdpr_consent=&redir=https%3A%2F%2Fvisitor.europe-west9.gcp.omnitagjs.com%2Fvisitor%2Fsync%3Fgdpr%3D0%26gdpr_consent%3D%26is_cookie_sync_uid%3D1%26name%3DCOPPER6_APP_cookie_sync%26ttl%3D720%26uid%3D123285a4642e0170ed8b35a36075585%26visitor%3D%5BUID%5D:0
[   25335ms] [ERROR] Failed to load resource: the server responded with a status of 400 () @ https://eb2.3lift.com/getuid?gdpr=0&gdpr_consent=&redir=https%3A%2F%2Fvisitor.europe-west9.gcp.omnitagjs.com%2Fvisitor%2Fsync%3Fgdpr%3D0%26gdpr_consent%3D%26is_cookie_sync_uid%3D1%26name%3DTRIPLELIFT_cookie_sync%26ttl%3D720%26uid%3D771bebe2d6221e9ca65e16ebf8d2f6f3%26visitor%3D%24UID:0
[   28241ms] [ERROR] Failed to load resource: net::ERR_CONNECTION_RESET @ https://csync.copper6.com/f3c49daf592d06bab39258cac72c0de9.gif?gdpr=0&gdpr_consent=&redir=https%3A%2F%2Fvisitor.europe-west9.gcp.omnitagjs.com%2Fvisitor%2Fsync%3Fgdpr%3D0%26gdpr_consent%3D%26is_cookie_sync_uid%3D1%26name%3DCOPPER6_APP_cookie_sync%26ttl%3D720%26uid%3D123285a4642e0170ed8b35a36075585%26visitor%3D%5BUID%5D:0
[   25335ms] [ERROR] Failed to load resource: the server responded with a status of 400 () @ https://eb2.3lift.com/getuid?gdpr=0&gdpr_consent=&redir=https%3A%2F%2Fvisitor.europe-west9.gcp.omnitagjs.com%2Fvisitor%2Fsync%3Fgdpr%3D0%26gdpr_consent%3D%26is_cookie_sync_uid%3D1%26name%3DTRIPLELIFT_cookie_sync%26ttl%3D720%26uid%3D771bebe2d6221e9ca65e16ebf8d2f6f3%26visitor%3D%24UID:0
[   28241ms] [ERROR] Failed to load resource: net::ERR_CONNECTION_RESET @ https://csync.copper6.com/f3c49daf592d06bab39258cac72c0de9.gif?gdpr=0&gdpr_consent=&redir=https%3A%2F%2Fvisitor.europe-west9.gcp.omnitagjs.com%2Fvisitor%2Fsync%3Fgdpr%3D0%26gdpr_consent%3D%26is_cookie_sync_uid%3D1%26name%3DCOPPER6_APP_cookie_sync%26ttl%3D720%26uid%3D123285a4642e0170ed8b35a36075585%26visitor%3D%5BUID%5D:0
[   25335ms] [ERROR] Failed to load resource: the server responded with a status of 400 () @ https://eb2.3lift.com/getuid?gdpr=0&gdpr_consent=&redir=https%3A%2F%2Fvisitor.europe-west9.gcp.omnitagjs.com%2Fvisitor%2Fsync%3Fgdpr%3D0%26gdpr_consent%3D%26is_cookie_sync_uid%3D1%26name%3DTRIPLELIFT_cookie_sync%26ttl%3D720%26uid%3D771bebe2d6221e9ca65e16ebf8d2f6f3%26visitor%3D%24UID:0
[   28241ms] [ERROR] Failed to load resource: net::ERR_CONNECTION_RESET @ https://csync.copper6.com/f3c49daf592d06bab39258cac72c0de9.gif?gdpr=0&gdpr_consent=&redir=https%3A%2F%2Fvisitor.europe-west9.gcp.omnitagjs.com%2Fvisitor%2Fsync%3Fgdpr%3D0%26gdpr_consent%3D%26is_cookie_sync_uid%3D1%26name%3DCOPPER6_APP_cookie_sync%26ttl%3D720%26uid%3D123285a4642e0170ed8b35a36075585%26visitor%3D%5BUID%5D:0
[   25335ms] [ERROR] Failed to load resource: the server responded with a status of 400 () @ https://eb2.3lift.com/getuid?gdpr=0&gdpr_consent=&redir=https%3A%2F%2Fvisitor.europe-west9.gcp.omnitagjs.com%2Fvisitor%2Fsync%3Fgdpr%3D0%26gdpr_consent%3D%26is_cookie_sync_uid%3D1%26name%3DTRIPLELIFT_cookie_sync%26ttl%3D720%26uid%3D771bebe2d6221e9ca65e16ebf8d2f6f3%26visitor%3D%24UID:0
[   28241ms] [ERROR] Failed to load resource: net::ERR_CONNECTION_RESET @ https://csync.copper6.com/f3c49daf592d06bab39258cac72c0de9.gif?gdpr=0&gdpr_consent=&redir=https%3A%2F%2Fvisitor.europe-west9.gcp.omnitagjs.com%2Fvisitor%2Fsync%3Fgdpr%3D0%26gdpr_consent%3D%26is_cookie_sync_uid%3D1%26name%3DCOPPER6_APP_cookie_sync%26ttl%3D720%26uid%3D123285a4642e0170ed8b35a36075585%26visitor%3D%5BUID%5D:0
[   25335ms] [ERROR] Failed to load resource: the server responded with a status of 400 () @ https://eb2.3lift.com/getuid?gdpr=0&gdpr_consent=&redir=https%3A%2F%2Fvisitor.europe-west9.gcp.omnitagjs.com%2Fvisitor%2Fsync%3Fgdpr%3D0%26gdpr_consent%3D%26is_cookie_sync_uid%3D1%26name%3DTRIPLELIFT_cookie_sync%26ttl%3D720%26uid%3D771bebe2d6221e9ca65e16ebf8d2f6f3%26visitor%3D%24UID:0
[   28241ms] [ERROR] Failed to load resource: net::ERR_CONNECTION_RESET @ https://csync.copper6.com/f3c49daf592d06bab39258cac72c0de9.gif?gdpr=0&gdpr_consent=&redir=https%3A%2F%2Fvisitor.europe-west9.gcp.omnitagjs.com%2Fvisitor%2Fsync%3Fgdpr%3D0%26gdpr_consent%3D%26is_cookie_sync_uid%3D1%26name%3DCOPPER6_APP_cookie_sync%26ttl%3D720%26uid%3D123285a4642e0170ed8b35a36075585%26visitor%3D%5BUID%5D:0
[   25335ms] [ERROR] Failed to load resource: the server responded with a status of 400 () @ https://eb2.3lift.com/getuid?gdpr=0&gdpr_consent=&redir=https%3A%2F%2Fvisitor.europe-west9.gcp.omnitagjs.com%2Fvisitor%2Fsync%3Fgdpr%3D0%26gdpr_consent%3D%26is_cookie_sync_uid%3D1%26name%3DTRIPLELIFT_cookie_sync%26ttl%3D720%26uid%3D771bebe2d6221e9ca65e16ebf8d2f6f3%26visitor%3D%24UID:0
[   28241ms] [ERROR] Failed to load resource: net::ERR_CONNECTION_RESET @ https://csync.copper6.com/f3c49daf592d06bab39258cac72c0de9.gif?gdpr=0&gdpr_consent=&redir=https%3A%2F%2Fvisitor.europe-west9.gcp.omnitagjs.com%2Fvisitor%2Fsync%3Fgdpr%3D0%26gdpr_consent%3D%26is_cookie_sync_uid%3D1%26name%3DCOPPER6_APP_cookie_sync%26ttl%3D720%26uid%3D123285a4642e0170ed8b35a36075585%26visitor%3D%5BUID%5D:0
[   25335ms] [ERROR] Failed to load resource: the server responded with a status of 400 () @ https://eb2.3lift.com/getuid?gdpr=0&gdpr_consent=&redir=https%3A%2F%2Fvisitor.europe-west9.gcp.omnitagjs.com%2Fvisitor%2Fsync%3Fgdpr%3D0%26gdpr_consent%3D%26is_cookie_sync_uid%3D1%26name%3DTRIPLELIFT_cookie_sync%26ttl%3D720%26uid%3D771bebe2d6221e9ca65e16ebf8d2f6f3%26visitor%3D%24UID:0
[   28241ms] [ERROR] Failed to load resource: net::ERR_CONNECTION_RESET @ https://csync.copper6.com/f3c49daf592d06bab39258cac72c0de9.gif?gdpr=0&gdpr_consent=&redir=https%3A%2F%2Fvisitor.europe-west9.gcp.omnitagjs.com%2Fvisitor%2Fsync%3Fgdpr%3D0%26gdpr_consent%3D%26is_cookie_sync_uid%3D1%26name%3DCOPPER6_APP_cookie_sync%26ttl%3D720%26uid%3D123285a4642e0170ed8b35a36075585%26visitor%3D%5BUID%5D:0
[   25335ms] [ERROR] Failed to load resource: the server responded with a status of 400 () @ https://eb2.3lift.com/getuid?gdpr=0&gdpr_consent=&redir=https%3A%2F%2Fvisitor.europe-west9.gcp.omnitagjs.com%2Fvisitor%2Fsync%3Fgdpr%3D0%26gdpr_consent%3D%26is_cookie_sync_uid%3D1%26name%3DTRIPLELIFT_cookie_sync%26ttl%3D720%26uid%3D771bebe2d6221e9ca65e16ebf8d2f6f3%26visitor%3D%24UID:0
[   28241ms] [ERROR] Failed to load resource: net::ERR_CONNECTION_RESET @ https://csync.copper6.com/f3c49daf592d06bab39258cac72c0de9.gif?gdpr=0&gdpr_consent=&redir=https%3A%2F%2Fvisitor.europe-west9.gcp.omnitagjs.com%2Fvisitor%2Fsync%3Fgdpr%3D0%26gdpr_consent%3D%26is_cookie_sync_uid%3D1%26name%3DCOPPER6_APP_cookie_sync%26ttl%3D720%26uid%3D123285a4642e0170ed8b35a36075585%26visitor%3D%5BUID%5D:0
[   25335ms] [ERROR] Failed to load resource: the server responded with a status of 400 () @ https://eb2.3lift.com/getuid?gdpr=0&gdpr_consent=&redir=https%3A%2F%2Fvisitor.europe-west9.gcp.omnitagjs.com%2Fvisitor%2Fsync%3Fgdpr%3D0%26gdpr_consent%3D%26is_cookie_sync_uid%3D1%26name%3DTRIPLELIFT_cookie_sync%26ttl%3D720%26uid%3D771bebe2d6221e9ca65e16ebf8d2f6f3%26visitor%3D%24UID:0
[   28241ms] [ERROR] Failed to load resource: net::ERR_CONNECTION_RESET @ https://csync.copper6.com/f3c49daf592d06bab39258cac72c0de9.gif?gdpr=0&gdpr_consent=&redir=https%3A%2F%2Fvisitor.europe-west9.gcp.omnitagjs.com%2Fvisitor%2Fsync%3Fgdpr%3D0%26gdpr_consent%3D%26is_cookie_sync_uid%3D1%26name%3DCOPPER6_APP_cookie_sync%26ttl%3D720%26uid%3D123285a4642e0170ed8b35a36075585%26visitor%3D%5BUID%5D:0
[   37801ms] [ERROR] Attestation check for Attribution Reporting on https://www.google-analytics.com failed. @ https://www.babnet.net/:0
[   38543ms] [WARNING] adgb - not initialized. @ https://cdn.taboola.com/libtrc/babnet300x250mena-r20665060/loader.js:58
[   39759ms] Uncaught TypeError: TRC.getRTUS is not a function
    at <anonymous> (https://gum.criteo.com/sync?c=72&r=2&j=TRC.getRTUS&us_privacy=&gdpr=0&gdpr_consent=:0:4)
[   14739ms] [ERROR] Attestation check for Shared Storage on https://www.googleadservices.com failed. @ https://www.googleadservices.com/pagead/managed/js/activeview/current/reach_worklet.html:0
[   14770ms] [ERROR] Attestation check for Shared Storage on https://www.googleadservices.com failed. @ https://www.googleadservices.com/pagead/managed/js/activeview/current/reach_worklet.html:0
[   14779ms] [ERROR] Attestation check for Shared Storage on https://www.googleadservices.com failed. @ https://www.googleadservices.com/pagead/managed/js/activeview/current/reach_worklet.html:0
[   27484ms] [ERROR] Attestation check for Shared Storage on https://www.googleadservices.com failed. @ https://www.googleadservices.com/pagead/managed/js/activeview/current/reach_worklet.html:0
[   39427ms] [ERROR] Attestation check for Shared Storage on https://www.googleadservices.com failed. @ https://www.googleadservices.com/pagead/managed/js/activeview/current/reach_worklet.html:0
[   52017ms] [ERROR] Failed to load resource: net::ERR_TIMED_OUT @ https://pixel.advertising.com/ups/55973/sync?uid=28725860-cd32-4ffa-adfd-9924be0cac6f-tuct10878bc5&_origin=1:0
