[     490ms] [ERROR] Failed to load resource: the server responded with a status of 404 () @ https://akiroussama-rakuten-classifier.hf.space/D%C3%A9mo/_stcore/host-config:0
[     495ms] [ERROR] Failed to load resource: the server responded with a status of 404 () @ https://akiroussama-rakuten-classifier.hf.space/D%C3%A9mo/_stcore/health:0
[    2836ms] [WARNING] Invalid color passed for widgetBackgroundColor in theme.sidebar: "" @ https://akiroussama-rakuten-classifier.hf.space/static/js/index.Drusyo5m.js:49
[    2836ms] [WARNING] Invalid color passed for widgetBorderColor in theme.sidebar: "" @ https://akiroussama-rakuten-classifier.hf.space/static/js/index.Drusyo5m.js:49
[    2836ms] [WARNING] Invalid color passed for skeletonBackgroundColor in theme.sidebar: "" @ https://akiroussama-rakuten-classifier.hf.space/static/js/index.Drusyo5m.js:49
[   14757ms] [WARNING] Invalid color passed for widgetBackgroundColor in theme.sidebar: "" @ https://akiroussama-rakuten-classifier.hf.space/static/js/index.Drusyo5m.js:49
[   14757ms] [WARNING] Invalid color passed for widgetBorderColor in theme.sidebar: "" @ https://akiroussama-rakuten-classifier.hf.space/static/js/index.Drusyo5m.js:49
[   14757ms] [WARNING] Invalid color passed for skeletonBackgroundColor in theme.sidebar: "" @ https://akiroussama-rakuten-classifier.hf.space/static/js/index.Drusyo5m.js:49
[   14797ms] [WARNING] Invalid color passed for widgetBackgroundColor in theme.sidebar: "" @ https://akiroussama-rakuten-classifier.hf.space/static/js/index.Drusyo5m.js:49
[   14797ms] [WARNING] Invalid color passed for widgetBorderColor in theme.sidebar: "" @ https://akiroussama-rakuten-classifier.hf.space/static/js/index.Drusyo5m.js:49
[   14797ms] [WARNING] Invalid color passed for skeletonBackgroundColor in theme.sidebar: "" @ https://akiroussama-rakuten-classifier.hf.space/static/js/index.Drusyo5m.js:49
[   14955ms] [WARNING] Invalid color passed for widgetBackgroundColor in theme.sidebar: "" @ https://akiroussama-rakuten-classifier.hf.space/static/js/index.Drusyo5m.js:49
[   14956ms] [WARNING] Invalid color passed for widgetBorderColor in theme.sidebar: "" @ https://akiroussama-rakuten-classifier.hf.space/static/js/index.Drusyo5m.js:49
[   14956ms] [WARNING] Invalid color passed for skeletonBackgroundColor in theme.sidebar: "" @ https://akiroussama-rakuten-classifier.hf.space/static/js/index.Drusyo5m.js:49
[   15298ms] [WARNING] Invalid color passed for widgetBackgroundColor in theme.sidebar: "" @ https://akiroussama-rakuten-classifier.hf.space/static/js/index.Drusyo5m.js:49
[   15298ms] [WARNING] Invalid color passed for widgetBorderColor in theme.sidebar: "" @ https://akiroussama-rakuten-classifier.hf.space/static/js/index.Drusyo5m.js:49
[   15298ms] [WARNING] Invalid color passed for skeletonBackgroundColor in theme.sidebar: "" @ https://akiroussama-rakuten-classifier.hf.space/static/js/index.Drusyo5m.js:49
[   39385ms] [WARNING] Invalid color passed for widgetBackgroundColor in theme.sidebar: "" @ https://akiroussama-rakuten-classifier.hf.space/static/js/index.Drusyo5m.js:49
[   39385ms] [WARNING] Invalid color passed for widgetBorderColor in theme.sidebar: "" @ https://akiroussama-rakuten-classifier.hf.space/static/js/index.Drusyo5m.js:49
[   39385ms] [WARNING] Invalid color passed for skeletonBackgroundColor in theme.sidebar: "" @ https://akiroussama-rakuten-classifier.hf.space/static/js/index.Drusyo5m.js:49
[   39528ms] [WARNING] Invalid color passed for widgetBackgroundColor in theme.sidebar: "" @ https://akiroussama-rakuten-classifier.hf.space/static/js/index.Drusyo5m.js:49
[   39528ms] [WARNING] Invalid color passed for widgetBorderColor in theme.sidebar: "" @ https://akiroussama-rakuten-classifier.hf.space/static/js/index.Drusyo5m.js:49
[   39529ms] [WARNING] Invalid color passed for skeletonBackgroundColor in theme.sidebar: "" @ https://akiroussama-rakuten-classifier.hf.space/static/js/index.Drusyo5m.js:49
[   39993ms] [WARNING] Invalid color passed for widgetBackgroundColor in theme.sidebar: "" @ https://akiroussama-rakuten-classifier.hf.space/static/js/index.Drusyo5m.js:49
[   39993ms] [WARNING] Invalid color passed for widgetBorderColor in theme.sidebar: "" @ https://akiroussama-rakuten-classifier.hf.space/static/js/index.Drusyo5m.js:49
[   39994ms] [WARNING] Invalid color passed for skeletonBackgroundColor in theme.sidebar: "" @ https://akiroussama-rakuten-classifier.hf.space/static/js/index.Drusyo5m.js:49
[   40660ms] [WARNING] Invalid color passed for widgetBackgroundColor in theme.sidebar: "" @ https://akiroussama-rakuten-classifier.hf.space/static/js/index.Drusyo5m.js:49
[   40660ms] [WARNING] Invalid color passed for widgetBorderColor in theme.sidebar: "" @ https://akiroussama-rakuten-classifier.hf.space/static/js/index.Drusyo5m.js:49
[   40660ms] [WARNING] Invalid color passed for skeletonBackgroundColor in theme.sidebar: "" @ https://akiroussama-rakuten-classifier.hf.space/static/js/index.Drusyo5m.js:49
[   49748ms] [WARNING] Invalid color passed for widgetBackgroundColor in theme.sidebar: "" @ https://akiroussama-rakuten-classifier.hf.space/static/js/index.Drusyo5m.js:49
[   49748ms] [WARNING] Invalid color passed for widgetBorderColor in theme.sidebar: "" @ https://akiroussama-rakuten-classifier.hf.space/static/js/index.Drusyo5m.js:49
[   49749ms] [WARNING] Invalid color passed for skeletonBackgroundColor in theme.sidebar: "" @ https://akiroussama-rakuten-classifier.hf.space/static/js/index.Drusyo5m.js:49
[   49767ms] [WARNING] Invalid color passed for widgetBackgroundColor in theme.sidebar: "" @ https://akiroussama-rakuten-classifier.hf.space/static/js/index.Drusyo5m.js:49
[   49767ms] [WARNING] Invalid color passed for widgetBorderColor in theme.sidebar: "" @ https://akiroussama-rakuten-classifier.hf.space/static/js/index.Drusyo5m.js:49
[   49768ms] [WARNING] Invalid color passed for skeletonBackgroundColor in theme.sidebar: "" @ https://akiroussama-rakuten-classifier.hf.space/static/js/index.Drusyo5m.js:49
[   49786ms] [WARNING] Invalid color passed for widgetBackgroundColor in theme.sidebar: "" @ https://akiroussama-rakuten-classifier.hf.space/static/js/index.Drusyo5m.js:49
[   49787ms] [WARNING] Invalid color passed for widgetBorderColor in theme.sidebar: "" @ https://akiroussama-rakuten-classifier.hf.space/static/js/index.Drusyo5m.js:49
[   49787ms] [WARNING] Invalid color passed for skeletonBackgroundColor in theme.sidebar: "" @ https://akiroussama-rakuten-classifier.hf.space/static/js/index.Drusyo5m.js:49
[   49808ms] [WARNING] Invalid color passed for widgetBackgroundColor in theme.sidebar: "" @ https://akiroussama-rakuten-classifier.hf.space/static/js/index.Drusyo5m.js:49
[   49808ms] [WARNING] Invalid color passed for widgetBorderColor in theme.sidebar: "" @ https://akiroussama-rakuten-classifier.hf.space/static/js/index.Drusyo5m.js:49
[   49808ms] [WARNING] Invalid color passed for skeletonBackgroundColor in theme.sidebar: "" @ https://akiroussama-rakuten-classifier.hf.space/static/js/index.Drusyo5m.js:49
[   49846ms] [WARNING] Invalid color passed for widgetBackgroundColor in theme.sidebar: "" @ https://akiroussama-rakuten-classifier.hf.space/static/js/index.Drusyo5m.js:49
[   49847ms] [WARNING] Invalid color passed for widgetBorderColor in theme.sidebar: "" @ https://akiroussama-rakuten-classifier.hf.space/static/js/index.Drusyo5m.js:49
[   49847ms] [WARNING] Invalid color passed for skeletonBackgroundColor in theme.sidebar: "" @ https://akiroussama-rakuten-classifier.hf.space/static/js/index.Drusyo5m.js:49
[   50704ms] [WARNING] Invalid color passed for widgetBackgroundColor in theme.sidebar: "" @ https://akiroussama-rakuten-classifier.hf.space/static/js/index.Drusyo5m.js:49
[   50704ms] [WARNING] Invalid color passed for widgetBorderColor in theme.sidebar: "" @ https://akiroussama-rakuten-classifier.hf.space/static/js/index.Drusyo5m.js:49
[   50704ms] [WARNING] Invalid color passed for skeletonBackgroundColor in theme.sidebar: "" @ https://akiroussama-rakuten-classifier.hf.space/static/js/index.Drusyo5m.js:49
[   50716ms] [WARNING] Invalid color passed for widgetBackgroundColor in theme.sidebar: "" @ https://akiroussama-rakuten-classifier.hf.space/static/js/index.Drusyo5m.js:49
[   50716ms] [WARNING] Invalid color passed for widgetBorderColor in theme.sidebar: "" @ https://akiroussama-rakuten-classifier.hf.space/static/js/index.Drusyo5m.js:49
[   50716ms] [WARNING] Invalid color passed for skeletonBackgroundColor in theme.sidebar: "" @ https://akiroussama-rakuten-classifier.hf.space/static/js/index.Drusyo5m.js:49
[   50727ms] [WARNING] Invalid color passed for widgetBackgroundColor in theme.sidebar: "" @ https://akiroussama-rakuten-classifier.hf.space/static/js/index.Drusyo5m.js:49
[   50727ms] [WARNING] Invalid color passed for widgetBorderColor in theme.sidebar: "" @ https://akiroussama-rakuten-classifier.hf.space/static/js/index.Drusyo5m.js:49
[   50727ms] [WARNING] Invalid color passed for skeletonBackgroundColor in theme.sidebar: "" @ https://akiroussama-rakuten-classifier.hf.space/static/js/index.Drusyo5m.js:49
[   93996ms] [WARNING] Invalid color passed for widgetBackgroundColor in theme.sidebar: "" @ https://akiroussama-rakuten-classifier.hf.space/static/js/index.Drusyo5m.js:49
[   93997ms] [WARNING] Invalid color passed for widgetBorderColor in theme.sidebar: "" @ https://akiroussama-rakuten-classifier.hf.space/static/js/index.Drusyo5m.js:49
[   93997ms] [WARNING] Invalid color passed for skeletonBackgroundColor in theme.sidebar: "" @ https://akiroussama-rakuten-classifier.hf.space/static/js/index.Drusyo5m.js:49
[   94007ms] [WARNING] Invalid color passed for widgetBackgroundColor in theme.sidebar: "" @ https://akiroussama-rakuten-classifier.hf.space/static/js/index.Drusyo5m.js:49
[   94007ms] [WARNING] Invalid color passed for widgetBorderColor in theme.sidebar: "" @ https://akiroussama-rakuten-classifier.hf.space/static/js/index.Drusyo5m.js:49
[   94007ms] [WARNING] Invalid color passed for skeletonBackgroundColor in theme.sidebar: "" @ https://akiroussama-rakuten-classifier.hf.space/static/js/index.Drusyo5m.js:49
[   94022ms] [WARNING] Invalid color passed for widgetBackgroundColor in theme.sidebar: "" @ https://akiroussama-rakuten-classifier.hf.space/static/js/index.Drusyo5m.js:49
[   94022ms] [WARNING] Invalid color passed for widgetBorderColor in theme.sidebar: "" @ https://akiroussama-rakuten-classifier.hf.space/static/js/index.Drusyo5m.js:49
[   94022ms] [WARNING] Invalid color passed for skeletonBackgroundColor in theme.sidebar: "" @ https://akiroussama-rakuten-classifier.hf.space/static/js/index.Drusyo5m.js:49
[   94035ms] [WARNING] Invalid color passed for widgetBackgroundColor in theme.sidebar: "" @ https://akiroussama-rakuten-classifier.hf.space/static/js/index.Drusyo5m.js:49
[   94035ms] [WARNING] Invalid color passed for widgetBorderColor in theme.sidebar: "" @ https://akiroussama-rakuten-classifier.hf.space/static/js/index.Drusyo5m.js:49
[   94035ms] [WARNING] Invalid color passed for skeletonBackgroundColor in theme.sidebar: "" @ https://akiroussama-rakuten-classifier.hf.space/static/js/index.Drusyo5m.js:49
[   94049ms] [WARNING] Invalid color passed for widgetBackgroundColor in theme.sidebar: "" @ https://akiroussama-rakuten-classifier.hf.space/static/js/index.Drusyo5m.js:49
[   94049ms] [WARNING] Invalid color passed for widgetBorderColor in theme.sidebar: "" @ https://akiroussama-rakuten-classifier.hf.space/static/js/index.Drusyo5m.js:49
[   94049ms] [WARNING] Invalid color passed for skeletonBackgroundColor in theme.sidebar: "" @ https://akiroussama-rakuten-classifier.hf.space/static/js/index.Drusyo5m.js:49
[   94332ms] [WARNING] Invalid color passed for widgetBackgroundColor in theme.sidebar: "" @ https://akiroussama-rakuten-classifier.hf.space/static/js/index.Drusyo5m.js:49
[   94332ms] [WARNING] Invalid color passed for widgetBorderColor in theme.sidebar: "" @ https://akiroussama-rakuten-classifier.hf.space/static/js/index.Drusyo5m.js:49
[   94332ms] [WARNING] Invalid color passed for skeletonBackgroundColor in theme.sidebar: "" @ https://akiroussama-rakuten-classifier.hf.space/static/js/index.Drusyo5m.js:49
[   94345ms] [WARNING] Invalid color passed for widgetBackgroundColor in theme.sidebar: "" @ https://akiroussama-rakuten-classifier.hf.space/static/js/index.Drusyo5m.js:49
[   94346ms] [WARNING] Invalid color passed for widgetBorderColor in theme.sidebar: "" @ https://akiroussama-rakuten-classifier.hf.space/static/js/index.Drusyo5m.js:49
[   94346ms] [WARNING] Invalid color passed for skeletonBackgroundColor in theme.sidebar: "" @ https://akiroussama-rakuten-classifier.hf.space/static/js/index.Drusyo5m.js:49
[   94363ms] [WARNING] Invalid color passed for widgetBackgroundColor in theme.sidebar: "" @ https://akiroussama-rakuten-classifier.hf.space/static/js/index.Drusyo5m.js:49
[   94363ms] [WARNING] Invalid color passed for widgetBorderColor in theme.sidebar: "" @ https://akiroussama-rakuten-classifier.hf.space/static/js/index.Drusyo5m.js:49
[   94363ms] [WARNING] Invalid color passed for skeletonBackgroundColor in theme.sidebar: "" @ https://akiroussama-rakuten-classifier.hf.space/static/js/index.Drusyo5m.js:49
[   94507ms] [WARNING] Invalid color passed for widgetBackgroundColor in theme.sidebar: "" @ https://akiroussama-rakuten-classifier.hf.space/static/js/index.Drusyo5m.js:49
[   94507ms] [WARNING] Invalid color passed for widgetBorderColor in theme.sidebar: "" @ https://akiroussama-rakuten-classifier.hf.space/static/js/index.Drusyo5m.js:49
[   94507ms] [WARNING] Invalid color passed for skeletonBackgroundColor in theme.sidebar: "" @ https://akiroussama-rakuten-classifier.hf.space/static/js/index.Drusyo5m.js:49
[   95808ms] [WARNING] Invalid color passed for widgetBackgroundColor in theme.sidebar: "" @ https://akiroussama-rakuten-classifier.hf.space/static/js/index.Drusyo5m.js:49
[   95808ms] [WARNING] Invalid color passed for widgetBorderColor in theme.sidebar: "" @ https://akiroussama-rakuten-classifier.hf.space/static/js/index.Drusyo5m.js:49
[   95808ms] [WARNING] Invalid color passed for skeletonBackgroundColor in theme.sidebar: "" @ https://akiroussama-rakuten-classifier.hf.space/static/js/index.Drusyo5m.js:49
[   95826ms] [WARNING] Invalid color passed for widgetBackgroundColor in theme.sidebar: "" @ https://akiroussama-rakuten-classifier.hf.space/static/js/index.Drusyo5m.js:49
[   95826ms] [WARNING] Invalid color passed for widgetBorderColor in theme.sidebar: "" @ https://akiroussama-rakuten-classifier.hf.space/static/js/index.Drusyo5m.js:49
[   95827ms] [WARNING] Invalid color passed for skeletonBackgroundColor in theme.sidebar: "" @ https://akiroussama-rakuten-classifier.hf.space/static/js/index.Drusyo5m.js:49
[   95833ms] [WARNING] Invalid color passed for widgetBackgroundColor in theme.sidebar: "" @ https://akiroussama-rakuten-classifier.hf.space/static/js/index.Drusyo5m.js:49
[   95833ms] [WARNING] Invalid color passed for widgetBorderColor in theme.sidebar: "" @ https://akiroussama-rakuten-classifier.hf.space/static/js/index.Drusyo5m.js:49
[   95833ms] [WARNING] Invalid color passed for skeletonBackgroundColor in theme.sidebar: "" @ https://akiroussama-rakuten-classifier.hf.space/static/js/index.Drusyo5m.js:49
[  233666ms] [WARNING] WebSocket onclose @ https://akiroussama-rakuten-classifier.hf.space/static/js/index.Drusyo5m.js:150
[  233668ms] [WARNING] Invalid color passed for widgetBackgroundColor in theme.sidebar: "" @ https://akiroussama-rakuten-classifier.hf.space/static/js/index.Drusyo5m.js:49
[  233668ms] [WARNING] Invalid color passed for widgetBorderColor in theme.sidebar: "" @ https://akiroussama-rakuten-classifier.hf.space/static/js/index.Drusyo5m.js:49
[  233668ms] [WARNING] Invalid color passed for skeletonBackgroundColor in theme.sidebar: "" @ https://akiroussama-rakuten-classifier.hf.space/static/js/index.Drusyo5m.js:49
[  234217ms] [ERROR] Failed to load resource: the server responded with a status of 404 () @ https://akiroussama-rakuten-classifier.hf.space/D%C3%A9mo/_stcore/host-config:0
[  234219ms] [ERROR] Failed to load resource: the server responded with a status of 404 () @ https://akiroussama-rakuten-classifier.hf.space/D%C3%A9mo/_stcore/health:0
[  234569ms] [WARNING] Invalid color passed for widgetBackgroundColor in theme.sidebar: "" @ https://akiroussama-rakuten-classifier.hf.space/static/js/index.Drusyo5m.js:49
[  234569ms] [WARNING] Invalid color passed for widgetBorderColor in theme.sidebar: "" @ https://akiroussama-rakuten-classifier.hf.space/static/js/index.Drusyo5m.js:49
[  234569ms] [WARNING] Invalid color passed for skeletonBackgroundColor in theme.sidebar: "" @ https://akiroussama-rakuten-classifier.hf.space/static/js/index.Drusyo5m.js:49
[  234577ms] [WARNING] Invalid color passed for widgetBackgroundColor in theme.sidebar: "" @ https://akiroussama-rakuten-classifier.hf.space/static/js/index.Drusyo5m.js:49
[  234578ms] [WARNING] Invalid color passed for widgetBorderColor in theme.sidebar: "" @ https://akiroussama-rakuten-classifier.hf.space/static/js/index.Drusyo5m.js:49
[  234578ms] [WARNING] Invalid color passed for skeletonBackgroundColor in theme.sidebar: "" @ https://akiroussama-rakuten-classifier.hf.space/static/js/index.Drusyo5m.js:49
[  235084ms] [WARNING] Invalid color passed for widgetBackgroundColor in theme.sidebar: "" @ https://akiroussama-rakuten-classifier.hf.space/static/js/index.Drusyo5m.js:49
[  235084ms] [WARNING] Invalid color passed for widgetBorderColor in theme.sidebar: "" @ https://akiroussama-rakuten-classifier.hf.space/static/js/index.Drusyo5m.js:49
[  235084ms] [WARNING] Invalid color passed for skeletonBackgroundColor in theme.sidebar: "" @ https://akiroussama-rakuten-classifier.hf.space/static/js/index.Drusyo5m.js:49
