[     380ms] [ERROR] Failed to load resource: the server responded with a status of 404 () @ https://akiroussama-rakuten-classifier.hf.space/D%C3%A9mo/_stcore/health:0
[     489ms] [ERROR] Failed to load resource: the server responded with a status of 404 () @ https://akiroussama-rakuten-classifier.hf.space/D%C3%A9mo/_stcore/host-config:0
[    2638ms] [WARNING] Invalid color passed for widgetBackgroundColor in theme.sidebar: "" @ https://akiroussama-rakuten-classifier.hf.space/static/js/index.Drusyo5m.js:49
[    2638ms] [WARNING] Invalid color passed for widgetBorderColor in theme.sidebar: "" @ https://akiroussama-rakuten-classifier.hf.space/static/js/index.Drusyo5m.js:49
[    2638ms] [WARNING] Invalid color passed for skeletonBackgroundColor in theme.sidebar: "" @ https://akiroussama-rakuten-classifier.hf.space/static/js/index.Drusyo5m.js:49
[    7657ms] [WARNING] Invalid color passed for widgetBackgroundColor in theme.sidebar: "" @ https://akiroussama-rakuten-classifier.hf.space/static/js/index.Drusyo5m.js:49
[    7658ms] [WARNING] Invalid color passed for widgetBorderColor in theme.sidebar: "" @ https://akiroussama-rakuten-classifier.hf.space/static/js/index.Drusyo5m.js:49
[    7658ms] [WARNING] Invalid color passed for skeletonBackgroundColor in theme.sidebar: "" @ https://akiroussama-rakuten-classifier.hf.space/static/js/index.Drusyo5m.js:49
[    7689ms] [WARNING] Invalid color passed for widgetBackgroundColor in theme.sidebar: "" @ https://akiroussama-rakuten-classifier.hf.space/static/js/index.Drusyo5m.js:49
[    7689ms] [WARNING] Invalid color passed for widgetBorderColor in theme.sidebar: "" @ https://akiroussama-rakuten-classifier.hf.space/static/js/index.Drusyo5m.js:49
[    7689ms] [WARNING] Invalid color passed for skeletonBackgroundColor in theme.sidebar: "" @ https://akiroussama-rakuten-classifier.hf.space/static/js/index.Drusyo5m.js:49
[    7957ms] [WARNING] Invalid color passed for widgetBackgroundColor in theme.sidebar: "" @ https://akiroussama-rakuten-classifier.hf.space/static/js/index.Drusyo5m.js:49
[    7958ms] [WARNING] Invalid color passed for widgetBorderColor in theme.sidebar: "" @ https://akiroussama-rakuten-classifier.hf.space/static/js/index.Drusyo5m.js:49
[    7958ms] [WARNING] Invalid color passed for skeletonBackgroundColor in theme.sidebar: "" @ https://akiroussama-rakuten-classifier.hf.space/static/js/index.Drusyo5m.js:49
[    7969ms] [WARNING] Invalid color passed for widgetBackgroundColor in theme.sidebar: "" @ https://akiroussama-rakuten-classifier.hf.space/static/js/index.Drusyo5m.js:49
[    7969ms] [WARNING] Invalid color passed for widgetBorderColor in theme.sidebar: "" @ https://akiroussama-rakuten-classifier.hf.space/static/js/index.Drusyo5m.js:49
[    7969ms] [WARNING] Invalid color passed for skeletonBackgroundColor in theme.sidebar: "" @ https://akiroussama-rakuten-classifier.hf.space/static/js/index.Drusyo5m.js:49
[    8190ms] [WARNING] Invalid color passed for widgetBackgroundColor in theme.sidebar: "" @ https://akiroussama-rakuten-classifier.hf.space/static/js/index.Drusyo5m.js:49
[    8190ms] [WARNING] Invalid color passed for widgetBorderColor in theme.sidebar: "" @ https://akiroussama-rakuten-classifier.hf.space/static/js/index.Drusyo5m.js:49
[    8190ms] [WARNING] Invalid color passed for skeletonBackgroundColor in theme.sidebar: "" @ https://akiroussama-rakuten-classifier.hf.space/static/js/index.Drusyo5m.js:49
[   28843ms] [WARNING] Invalid color passed for widgetBackgroundColor in theme.sidebar: "" @ https://akiroussama-rakuten-classifier.hf.space/static/js/index.Drusyo5m.js:49
[   28843ms] [WARNING] Invalid color passed for widgetBorderColor in theme.sidebar: "" @ https://akiroussama-rakuten-classifier.hf.space/static/js/index.Drusyo5m.js:49
[   28843ms] [WARNING] Invalid color passed for skeletonBackgroundColor in theme.sidebar: "" @ https://akiroussama-rakuten-classifier.hf.space/static/js/index.Drusyo5m.js:49
[   28913ms] [WARNING] Invalid color passed for widgetBackgroundColor in theme.sidebar: "" @ https://akiroussama-rakuten-classifier.hf.space/static/js/index.Drusyo5m.js:49
[   28914ms] [WARNING] Invalid color passed for widgetBorderColor in theme.sidebar: "" @ https://akiroussama-rakuten-classifier.hf.space/static/js/index.Drusyo5m.js:49
[   28914ms] [WARNING] Invalid color passed for skeletonBackgroundColor in theme.sidebar: "" @ https://akiroussama-rakuten-classifier.hf.space/static/js/index.Drusyo5m.js:49
[   29192ms] [WARNING] Invalid color passed for widgetBackgroundColor in theme.sidebar: "" @ https://akiroussama-rakuten-classifier.hf.space/static/js/index.Drusyo5m.js:49
[   29192ms] [WARNING] Invalid color passed for widgetBorderColor in theme.sidebar: "" @ https://akiroussama-rakuten-classifier.hf.space/static/js/index.Drusyo5m.js:49
[   29192ms] [WARNING] Invalid color passed for skeletonBackgroundColor in theme.sidebar: "" @ https://akiroussama-rakuten-classifier.hf.space/static/js/index.Drusyo5m.js:49
[   29800ms] [WARNING] Invalid color passed for widgetBackgroundColor in theme.sidebar: "" @ https://akiroussama-rakuten-classifier.hf.space/static/js/index.Drusyo5m.js:49
[   29800ms] [WARNING] Invalid color passed for widgetBorderColor in theme.sidebar: "" @ https://akiroussama-rakuten-classifier.hf.space/static/js/index.Drusyo5m.js:49
[   29801ms] [WARNING] Invalid color passed for skeletonBackgroundColor in theme.sidebar: "" @ https://akiroussama-rakuten-classifier.hf.space/static/js/index.Drusyo5m.js:49
[   41318ms] [WARNING] Invalid color passed for widgetBackgroundColor in theme.sidebar: "" @ https://akiroussama-rakuten-classifier.hf.space/static/js/index.Drusyo5m.js:49
[   41318ms] [WARNING] Invalid color passed for widgetBorderColor in theme.sidebar: "" @ https://akiroussama-rakuten-classifier.hf.space/static/js/index.Drusyo5m.js:49
[   41318ms] [WARNING] Invalid color passed for skeletonBackgroundColor in theme.sidebar: "" @ https://akiroussama-rakuten-classifier.hf.space/static/js/index.Drusyo5m.js:49
[   41325ms] [WARNING] Invalid color passed for widgetBackgroundColor in theme.sidebar: "" @ https://akiroussama-rakuten-classifier.hf.space/static/js/index.Drusyo5m.js:49
[   41325ms] [WARNING] Invalid color passed for widgetBorderColor in theme.sidebar: "" @ https://akiroussama-rakuten-classifier.hf.space/static/js/index.Drusyo5m.js:49
[   41325ms] [WARNING] Invalid color passed for skeletonBackgroundColor in theme.sidebar: "" @ https://akiroussama-rakuten-classifier.hf.space/static/js/index.Drusyo5m.js:49
[   41335ms] [WARNING] Invalid color passed for widgetBackgroundColor in theme.sidebar: "" @ https://akiroussama-rakuten-classifier.hf.space/static/js/index.Drusyo5m.js:49
[   41335ms] [WARNING] Invalid color passed for widgetBorderColor in theme.sidebar: "" @ https://akiroussama-rakuten-classifier.hf.space/static/js/index.Drusyo5m.js:49
[   41335ms] [WARNING] Invalid color passed for skeletonBackgroundColor in theme.sidebar: "" @ https://akiroussama-rakuten-classifier.hf.space/static/js/index.Drusyo5m.js:49
[   41381ms] [WARNING] Invalid color passed for widgetBackgroundColor in theme.sidebar: "" @ https://akiroussama-rakuten-classifier.hf.space/static/js/index.Drusyo5m.js:49
[   41381ms] [WARNING] Invalid color passed for widgetBorderColor in theme.sidebar: "" @ https://akiroussama-rakuten-classifier.hf.space/static/js/index.Drusyo5m.js:49
[   41381ms] [WARNING] Invalid color passed for skeletonBackgroundColor in theme.sidebar: "" @ https://akiroussama-rakuten-classifier.hf.space/static/js/index.Drusyo5m.js:49
[   97377ms] [WARNING] Invalid color passed for widgetBackgroundColor in theme.sidebar: "" @ https://akiroussama-rakuten-classifier.hf.space/static/js/index.Drusyo5m.js:49
[   97377ms] [WARNING] Invalid color passed for widgetBorderColor in theme.sidebar: "" @ https://akiroussama-rakuten-classifier.hf.space/static/js/index.Drusyo5m.js:49
[   97377ms] [WARNING] Invalid color passed for skeletonBackgroundColor in theme.sidebar: "" @ https://akiroussama-rakuten-classifier.hf.space/static/js/index.Drusyo5m.js:49
[   97388ms] [WARNING] Invalid color passed for widgetBackgroundColor in theme.sidebar: "" @ https://akiroussama-rakuten-classifier.hf.space/static/js/index.Drusyo5m.js:49
[   97388ms] [WARNING] Invalid color passed for widgetBorderColor in theme.sidebar: "" @ https://akiroussama-rakuten-classifier.hf.space/static/js/index.Drusyo5m.js:49
[   97389ms] [WARNING] Invalid color passed for skeletonBackgroundColor in theme.sidebar: "" @ https://akiroussama-rakuten-classifier.hf.space/static/js/index.Drusyo5m.js:49
[   97403ms] [WARNING] Invalid color passed for widgetBackgroundColor in theme.sidebar: "" @ https://akiroussama-rakuten-classifier.hf.space/static/js/index.Drusyo5m.js:49
[   97403ms] [WARNING] Invalid color passed for widgetBorderColor in theme.sidebar: "" @ https://akiroussama-rakuten-classifier.hf.space/static/js/index.Drusyo5m.js:49
[   97404ms] [WARNING] Invalid color passed for skeletonBackgroundColor in theme.sidebar: "" @ https://akiroussama-rakuten-classifier.hf.space/static/js/index.Drusyo5m.js:49
[   97417ms] [WARNING] Invalid color passed for widgetBackgroundColor in theme.sidebar: "" @ https://akiroussama-rakuten-classifier.hf.space/static/js/index.Drusyo5m.js:49
[   97417ms] [WARNING] Invalid color passed for widgetBorderColor in theme.sidebar: "" @ https://akiroussama-rakuten-classifier.hf.space/static/js/index.Drusyo5m.js:49
[   97417ms] [WARNING] Invalid color passed for skeletonBackgroundColor in theme.sidebar: "" @ https://akiroussama-rakuten-classifier.hf.space/static/js/index.Drusyo5m.js:49
[   97653ms] [WARNING] Invalid color passed for widgetBackgroundColor in theme.sidebar: "" @ https://akiroussama-rakuten-classifier.hf.space/static/js/index.Drusyo5m.js:49
[   97653ms] [WARNING] Invalid color passed for widgetBorderColor in theme.sidebar: "" @ https://akiroussama-rakuten-classifier.hf.space/static/js/index.Drusyo5m.js:49
[   97653ms] [WARNING] Invalid color passed for skeletonBackgroundColor in theme.sidebar: "" @ https://akiroussama-rakuten-classifier.hf.space/static/js/index.Drusyo5m.js:49
[   97665ms] [WARNING] Invalid color passed for widgetBackgroundColor in theme.sidebar: "" @ https://akiroussama-rakuten-classifier.hf.space/static/js/index.Drusyo5m.js:49
[   97665ms] [WARNING] Invalid color passed for widgetBorderColor in theme.sidebar: "" @ https://akiroussama-rakuten-classifier.hf.space/static/js/index.Drusyo5m.js:49
[   97665ms] [WARNING] Invalid color passed for skeletonBackgroundColor in theme.sidebar: "" @ https://akiroussama-rakuten-classifier.hf.space/static/js/index.Drusyo5m.js:49
[   97705ms] [WARNING] Invalid color passed for widgetBackgroundColor in theme.sidebar: "" @ https://akiroussama-rakuten-classifier.hf.space/static/js/index.Drusyo5m.js:49
[   97705ms] [WARNING] Invalid color passed for widgetBorderColor in theme.sidebar: "" @ https://akiroussama-rakuten-classifier.hf.space/static/js/index.Drusyo5m.js:49
[   97705ms] [WARNING] Invalid color passed for skeletonBackgroundColor in theme.sidebar: "" @ https://akiroussama-rakuten-classifier.hf.space/static/js/index.Drusyo5m.js:49
[   97717ms] [WARNING] Invalid color passed for widgetBackgroundColor in theme.sidebar: "" @ https://akiroussama-rakuten-classifier.hf.space/static/js/index.Drusyo5m.js:49
[   97717ms] [WARNING] Invalid color passed for widgetBorderColor in theme.sidebar: "" @ https://akiroussama-rakuten-classifier.hf.space/static/js/index.Drusyo5m.js:49
[   97717ms] [WARNING] Invalid color passed for skeletonBackgroundColor in theme.sidebar: "" @ https://akiroussama-rakuten-classifier.hf.space/static/js/index.Drusyo5m.js:49
[   97890ms] [WARNING] Invalid color passed for widgetBackgroundColor in theme.sidebar: "" @ https://akiroussama-rakuten-classifier.hf.space/static/js/index.Drusyo5m.js:49
[   97891ms] [WARNING] Invalid color passed for widgetBorderColor in theme.sidebar: "" @ https://akiroussama-rakuten-classifier.hf.space/static/js/index.Drusyo5m.js:49
[   97891ms] [WARNING] Invalid color passed for skeletonBackgroundColor in theme.sidebar: "" @ https://akiroussama-rakuten-classifier.hf.space/static/js/index.Drusyo5m.js:49
[   99766ms] [WARNING] Invalid color passed for widgetBackgroundColor in theme.sidebar: "" @ https://akiroussama-rakuten-classifier.hf.space/static/js/index.Drusyo5m.js:49
[   99766ms] [WARNING] Invalid color passed for widgetBorderColor in theme.sidebar: "" @ https://akiroussama-rakuten-classifier.hf.space/static/js/index.Drusyo5m.js:49
[   99766ms] [WARNING] Invalid color passed for skeletonBackgroundColor in theme.sidebar: "" @ https://akiroussama-rakuten-classifier.hf.space/static/js/index.Drusyo5m.js:49
[   99788ms] [WARNING] Invalid color passed for widgetBackgroundColor in theme.sidebar: "" @ https://akiroussama-rakuten-classifier.hf.space/static/js/index.Drusyo5m.js:49
[   99788ms] [WARNING] Invalid color passed for widgetBorderColor in theme.sidebar: "" @ https://akiroussama-rakuten-classifier.hf.space/static/js/index.Drusyo5m.js:49
[   99788ms] [WARNING] Invalid color passed for skeletonBackgroundColor in theme.sidebar: "" @ https://akiroussama-rakuten-classifier.hf.space/static/js/index.Drusyo5m.js:49
[   99802ms] [WARNING] Invalid color passed for widgetBackgroundColor in theme.sidebar: "" @ https://akiroussama-rakuten-classifier.hf.space/static/js/index.Drusyo5m.js:49
[   99802ms] [WARNING] Invalid color passed for widgetBorderColor in theme.sidebar: "" @ https://akiroussama-rakuten-classifier.hf.space/static/js/index.Drusyo5m.js:49
[   99802ms] [WARNING] Invalid color passed for skeletonBackgroundColor in theme.sidebar: "" @ https://akiroussama-rakuten-classifier.hf.space/static/js/index.Drusyo5m.js:49
