[     772ms] [WARNING] Invalid color passed for widgetBackgroundColor in theme.sidebar: "" @ http://localhost:8503/static/js/index.CqTPbV5Y.js:45
[     772ms] [WARNING] Invalid color passed for widgetBorderColor in theme.sidebar: "" @ http://localhost:8503/static/js/index.CqTPbV5Y.js:45
[     772ms] [WARNING] Invalid color passed for skeletonBackgroundColor in theme.sidebar: "" @ http://localhost:8503/static/js/index.CqTPbV5Y.js:45
[     791ms] [WARNING] Invalid color passed for widgetBackgroundColor in theme.sidebar: "" @ http://localhost:8503/static/js/index.CqTPbV5Y.js:45
[     791ms] [WARNING] Invalid color passed for widgetBorderColor in theme.sidebar: "" @ http://localhost:8503/static/js/index.CqTPbV5Y.js:45
[     791ms] [WARNING] Invalid color passed for skeletonBackgroundColor in theme.sidebar: "" @ http://localhost:8503/static/js/index.CqTPbV5Y.js:45
[    1069ms] [WARNING] Invalid color passed for widgetBackgroundColor in theme.sidebar: "" @ http://localhost:8503/static/js/index.CqTPbV5Y.js:45
[    1069ms] [WARNING] Invalid color passed for widgetBorderColor in theme.sidebar: "" @ http://localhost:8503/static/js/index.CqTPbV5Y.js:45
[    1069ms] [WARNING] Invalid color passed for skeletonBackgroundColor in theme.sidebar: "" @ http://localhost:8503/static/js/index.CqTPbV5Y.js:45
[    1684ms] [WARNING] Invalid color passed for widgetBackgroundColor in theme.sidebar: "" @ http://localhost:8503/static/js/index.CqTPbV5Y.js:45
[    1684ms] [WARNING] Invalid color passed for widgetBorderColor in theme.sidebar: "" @ http://localhost:8503/static/js/index.CqTPbV5Y.js:45
[    1684ms] [WARNING] Invalid color passed for skeletonBackgroundColor in theme.sidebar: "" @ http://localhost:8503/static/js/index.CqTPbV5Y.js:45
[    1700ms] [WARNING] Invalid color passed for widgetBackgroundColor in theme.sidebar: "" @ http://localhost:8503/static/js/index.CqTPbV5Y.js:45
[    1700ms] [WARNING] Invalid color passed for widgetBorderColor in theme.sidebar: "" @ http://localhost:8503/static/js/index.CqTPbV5Y.js:45
[    1701ms] [WARNING] Invalid color passed for skeletonBackgroundColor in theme.sidebar: "" @ http://localhost:8503/static/js/index.CqTPbV5Y.js:45
[    2128ms] [WARNING] Invalid color passed for widgetBackgroundColor in theme.sidebar: "" @ http://localhost:8503/static/js/index.CqTPbV5Y.js:45
[    2128ms] [WARNING] Invalid color passed for widgetBorderColor in theme.sidebar: "" @ http://localhost:8503/static/js/index.CqTPbV5Y.js:45
[    2128ms] [WARNING] Invalid color passed for skeletonBackgroundColor in theme.sidebar: "" @ http://localhost:8503/static/js/index.CqTPbV5Y.js:45
[    2135ms] [WARNING] Invalid color passed for widgetBackgroundColor in theme.sidebar: "" @ http://localhost:8503/static/js/index.CqTPbV5Y.js:45
[    2135ms] [WARNING] Invalid color passed for widgetBorderColor in theme.sidebar: "" @ http://localhost:8503/static/js/index.CqTPbV5Y.js:45
[    2135ms] [WARNING] Invalid color passed for skeletonBackgroundColor in theme.sidebar: "" @ http://localhost:8503/static/js/index.CqTPbV5Y.js:45
[    2148ms] [WARNING] Invalid color passed for widgetBackgroundColor in theme.sidebar: "" @ http://localhost:8503/static/js/index.CqTPbV5Y.js:45
[    2149ms] [WARNING] Invalid color passed for widgetBorderColor in theme.sidebar: "" @ http://localhost:8503/static/js/index.CqTPbV5Y.js:45
[    2149ms] [WARNING] Invalid color passed for skeletonBackgroundColor in theme.sidebar: "" @ http://localhost:8503/static/js/index.CqTPbV5Y.js:45
[    2213ms] [WARNING] Invalid color passed for widgetBackgroundColor in theme.sidebar: "" @ http://localhost:8503/static/js/index.CqTPbV5Y.js:45
[    2213ms] [WARNING] Invalid color passed for widgetBorderColor in theme.sidebar: "" @ http://localhost:8503/static/js/index.CqTPbV5Y.js:45
[    2213ms] [WARNING] Invalid color passed for skeletonBackgroundColor in theme.sidebar: "" @ http://localhost:8503/static/js/index.CqTPbV5Y.js:45
[    2263ms] [WARNING] Invalid color passed for widgetBackgroundColor in theme.sidebar: "" @ http://localhost:8503/static/js/index.CqTPbV5Y.js:45
[    2263ms] [WARNING] Invalid color passed for widgetBorderColor in theme.sidebar: "" @ http://localhost:8503/static/js/index.CqTPbV5Y.js:45
[    2263ms] [WARNING] Invalid color passed for skeletonBackgroundColor in theme.sidebar: "" @ http://localhost:8503/static/js/index.CqTPbV5Y.js:45
[   20012ms] [WARNING] Invalid color passed for widgetBackgroundColor in theme.sidebar: "" @ http://localhost:8503/static/js/index.CqTPbV5Y.js:45
[   20013ms] [WARNING] Invalid color passed for widgetBorderColor in theme.sidebar: "" @ http://localhost:8503/static/js/index.CqTPbV5Y.js:45
[   20013ms] [WARNING] Invalid color passed for skeletonBackgroundColor in theme.sidebar: "" @ http://localhost:8503/static/js/index.CqTPbV5Y.js:45
[   20039ms] [WARNING] Invalid color passed for widgetBackgroundColor in theme.sidebar: "" @ http://localhost:8503/static/js/index.CqTPbV5Y.js:45
[   20039ms] [WARNING] Invalid color passed for widgetBorderColor in theme.sidebar: "" @ http://localhost:8503/static/js/index.CqTPbV5Y.js:45
[   20039ms] [WARNING] Invalid color passed for skeletonBackgroundColor in theme.sidebar: "" @ http://localhost:8503/static/js/index.CqTPbV5Y.js:45
[   20056ms] [WARNING] Invalid color passed for widgetBackgroundColor in theme.sidebar: "" @ http://localhost:8503/static/js/index.CqTPbV5Y.js:45
[   20057ms] [WARNING] Invalid color passed for widgetBorderColor in theme.sidebar: "" @ http://localhost:8503/static/js/index.CqTPbV5Y.js:45
[   20057ms] [WARNING] Invalid color passed for skeletonBackgroundColor in theme.sidebar: "" @ http://localhost:8503/static/js/index.CqTPbV5Y.js:45
[   34735ms] [WARNING] Invalid color passed for widgetBackgroundColor in theme.sidebar: "" @ http://localhost:8503/static/js/index.CqTPbV5Y.js:45
[   34735ms] [WARNING] Invalid color passed for widgetBorderColor in theme.sidebar: "" @ http://localhost:8503/static/js/index.CqTPbV5Y.js:45
[   34735ms] [WARNING] Invalid color passed for skeletonBackgroundColor in theme.sidebar: "" @ http://localhost:8503/static/js/index.CqTPbV5Y.js:45
[   34763ms] [WARNING] Invalid color passed for widgetBackgroundColor in theme.sidebar: "" @ http://localhost:8503/static/js/index.CqTPbV5Y.js:45
[   34763ms] [WARNING] Invalid color passed for widgetBorderColor in theme.sidebar: "" @ http://localhost:8503/static/js/index.CqTPbV5Y.js:45
[   34763ms] [WARNING] Invalid color passed for skeletonBackgroundColor in theme.sidebar: "" @ http://localhost:8503/static/js/index.CqTPbV5Y.js:45
[   34817ms] [WARNING] Invalid color passed for widgetBackgroundColor in theme.sidebar: "" @ http://localhost:8503/static/js/index.CqTPbV5Y.js:45
[   34817ms] [WARNING] Invalid color passed for widgetBorderColor in theme.sidebar: "" @ http://localhost:8503/static/js/index.CqTPbV5Y.js:45
[   34817ms] [WARNING] Invalid color passed for skeletonBackgroundColor in theme.sidebar: "" @ http://localhost:8503/static/js/index.CqTPbV5Y.js:45
[   34823ms] [WARNING] Invalid color passed for widgetBackgroundColor in theme.sidebar: "" @ http://localhost:8503/static/js/index.CqTPbV5Y.js:45
[   34823ms] [WARNING] Invalid color passed for widgetBorderColor in theme.sidebar: "" @ http://localhost:8503/static/js/index.CqTPbV5Y.js:45
[   34823ms] [WARNING] Invalid color passed for skeletonBackgroundColor in theme.sidebar: "" @ http://localhost:8503/static/js/index.CqTPbV5Y.js:45
[   34831ms] [WARNING] Invalid color passed for widgetBackgroundColor in theme.sidebar: "" @ http://localhost:8503/static/js/index.CqTPbV5Y.js:45
[   34831ms] [WARNING] Invalid color passed for widgetBorderColor in theme.sidebar: "" @ http://localhost:8503/static/js/index.CqTPbV5Y.js:45
[   34831ms] [WARNING] Invalid color passed for skeletonBackgroundColor in theme.sidebar: "" @ http://localhost:8503/static/js/index.CqTPbV5Y.js:45
[   35321ms] [WARNING] Invalid color passed for widgetBackgroundColor in theme.sidebar: "" @ http://localhost:8503/static/js/index.CqTPbV5Y.js:45
[   35321ms] [WARNING] Invalid color passed for widgetBorderColor in theme.sidebar: "" @ http://localhost:8503/static/js/index.CqTPbV5Y.js:45
[   35321ms] [WARNING] Invalid color passed for skeletonBackgroundColor in theme.sidebar: "" @ http://localhost:8503/static/js/index.CqTPbV5Y.js:45
[   35350ms] [WARNING] Invalid color passed for widgetBackgroundColor in theme.sidebar: "" @ http://localhost:8503/static/js/index.CqTPbV5Y.js:45
[   35350ms] [WARNING] Invalid color passed for widgetBorderColor in theme.sidebar: "" @ http://localhost:8503/static/js/index.CqTPbV5Y.js:45
[   35350ms] [WARNING] Invalid color passed for skeletonBackgroundColor in theme.sidebar: "" @ http://localhost:8503/static/js/index.CqTPbV5Y.js:45
[   45060ms] [WARNING] Invalid color passed for widgetBackgroundColor in theme.sidebar: "" @ http://localhost:8503/static/js/index.CqTPbV5Y.js:45
[   45060ms] [WARNING] Invalid color passed for widgetBorderColor in theme.sidebar: "" @ http://localhost:8503/static/js/index.CqTPbV5Y.js:45
[   45060ms] [WARNING] Invalid color passed for skeletonBackgroundColor in theme.sidebar: "" @ http://localhost:8503/static/js/index.CqTPbV5Y.js:45
[   45065ms] [WARNING] Invalid color passed for widgetBackgroundColor in theme.sidebar: "" @ http://localhost:8503/static/js/index.CqTPbV5Y.js:45
[   45065ms] [WARNING] Invalid color passed for widgetBorderColor in theme.sidebar: "" @ http://localhost:8503/static/js/index.CqTPbV5Y.js:45
[   45065ms] [WARNING] Invalid color passed for skeletonBackgroundColor in theme.sidebar: "" @ http://localhost:8503/static/js/index.CqTPbV5Y.js:45
[   45083ms] [WARNING] Invalid color passed for widgetBackgroundColor in theme.sidebar: "" @ http://localhost:8503/static/js/index.CqTPbV5Y.js:45
[   45083ms] [WARNING] Invalid color passed for widgetBorderColor in theme.sidebar: "" @ http://localhost:8503/static/js/index.CqTPbV5Y.js:45
[   45083ms] [WARNING] Invalid color passed for skeletonBackgroundColor in theme.sidebar: "" @ http://localhost:8503/static/js/index.CqTPbV5Y.js:45
[   45131ms] [WARNING] Invalid color passed for widgetBackgroundColor in theme.sidebar: "" @ http://localhost:8503/static/js/index.CqTPbV5Y.js:45
[   45132ms] [WARNING] Invalid color passed for widgetBorderColor in theme.sidebar: "" @ http://localhost:8503/static/js/index.CqTPbV5Y.js:45
[   45132ms] [WARNING] Invalid color passed for skeletonBackgroundColor in theme.sidebar: "" @ http://localhost:8503/static/js/index.CqTPbV5Y.js:45
[   68127ms] [WARNING] Invalid color passed for widgetBackgroundColor in theme.sidebar: "" @ http://localhost:8503/static/js/index.CqTPbV5Y.js:45
[   68128ms] [WARNING] Invalid color passed for widgetBorderColor in theme.sidebar: "" @ http://localhost:8503/static/js/index.CqTPbV5Y.js:45
[   68128ms] [WARNING] Invalid color passed for skeletonBackgroundColor in theme.sidebar: "" @ http://localhost:8503/static/js/index.CqTPbV5Y.js:45
[   68145ms] [WARNING] Invalid color passed for widgetBackgroundColor in theme.sidebar: "" @ http://localhost:8503/static/js/index.CqTPbV5Y.js:45
[   68145ms] [WARNING] Invalid color passed for widgetBorderColor in theme.sidebar: "" @ http://localhost:8503/static/js/index.CqTPbV5Y.js:45
[   68145ms] [WARNING] Invalid color passed for skeletonBackgroundColor in theme.sidebar: "" @ http://localhost:8503/static/js/index.CqTPbV5Y.js:45
[   68173ms] [WARNING] Invalid color passed for widgetBackgroundColor in theme.sidebar: "" @ http://localhost:8503/static/js/index.CqTPbV5Y.js:45
[   68173ms] [WARNING] Invalid color passed for widgetBorderColor in theme.sidebar: "" @ http://localhost:8503/static/js/index.CqTPbV5Y.js:45
[   68173ms] [WARNING] Invalid color passed for skeletonBackgroundColor in theme.sidebar: "" @ http://localhost:8503/static/js/index.CqTPbV5Y.js:45
[   68196ms] [WARNING] Invalid color passed for widgetBackgroundColor in theme.sidebar: "" @ http://localhost:8503/static/js/index.CqTPbV5Y.js:45
[   68197ms] [WARNING] Invalid color passed for widgetBorderColor in theme.sidebar: "" @ http://localhost:8503/static/js/index.CqTPbV5Y.js:45
[   68197ms] [WARNING] Invalid color passed for skeletonBackgroundColor in theme.sidebar: "" @ http://localhost:8503/static/js/index.CqTPbV5Y.js:45
[   68214ms] [WARNING] Invalid color passed for widgetBackgroundColor in theme.sidebar: "" @ http://localhost:8503/static/js/index.CqTPbV5Y.js:45
[   68214ms] [WARNING] Invalid color passed for widgetBorderColor in theme.sidebar: "" @ http://localhost:8503/static/js/index.CqTPbV5Y.js:45
[   68214ms] [WARNING] Invalid color passed for skeletonBackgroundColor in theme.sidebar: "" @ http://localhost:8503/static/js/index.CqTPbV5Y.js:45
[   68230ms] [WARNING] Invalid color passed for widgetBackgroundColor in theme.sidebar: "" @ http://localhost:8503/static/js/index.CqTPbV5Y.js:45
[   68230ms] [WARNING] Invalid color passed for widgetBorderColor in theme.sidebar: "" @ http://localhost:8503/static/js/index.CqTPbV5Y.js:45
[   68230ms] [WARNING] Invalid color passed for skeletonBackgroundColor in theme.sidebar: "" @ http://localhost:8503/static/js/index.CqTPbV5Y.js:45
[   68245ms] [WARNING] Invalid color passed for widgetBackgroundColor in theme.sidebar: "" @ http://localhost:8503/static/js/index.CqTPbV5Y.js:45
[   68245ms] [WARNING] Invalid color passed for widgetBorderColor in theme.sidebar: "" @ http://localhost:8503/static/js/index.CqTPbV5Y.js:45
[   68245ms] [WARNING] Invalid color passed for skeletonBackgroundColor in theme.sidebar: "" @ http://localhost:8503/static/js/index.CqTPbV5Y.js:45
[   68705ms] [WARNING] Invalid color passed for widgetBackgroundColor in theme.sidebar: "" @ http://localhost:8503/static/js/index.CqTPbV5Y.js:45
[   68705ms] [WARNING] Invalid color passed for widgetBorderColor in theme.sidebar: "" @ http://localhost:8503/static/js/index.CqTPbV5Y.js:45
[   68705ms] [WARNING] Invalid color passed for skeletonBackgroundColor in theme.sidebar: "" @ http://localhost:8503/static/js/index.CqTPbV5Y.js:45
[   68722ms] [WARNING] Invalid color passed for widgetBackgroundColor in theme.sidebar: "" @ http://localhost:8503/static/js/index.CqTPbV5Y.js:45
[   68722ms] [WARNING] Invalid color passed for widgetBorderColor in theme.sidebar: "" @ http://localhost:8503/static/js/index.CqTPbV5Y.js:45
[   68722ms] [WARNING] Invalid color passed for skeletonBackgroundColor in theme.sidebar: "" @ http://localhost:8503/static/js/index.CqTPbV5Y.js:45
[   68753ms] [WARNING] Invalid color passed for widgetBackgroundColor in theme.sidebar: "" @ http://localhost:8503/static/js/index.CqTPbV5Y.js:45
[   68754ms] [WARNING] Invalid color passed for widgetBorderColor in theme.sidebar: "" @ http://localhost:8503/static/js/index.CqTPbV5Y.js:45
[   68754ms] [WARNING] Invalid color passed for skeletonBackgroundColor in theme.sidebar: "" @ http://localhost:8503/static/js/index.CqTPbV5Y.js:45
[   69845ms] [WARNING] Invalid color passed for widgetBackgroundColor in theme.sidebar: "" @ http://localhost:8503/static/js/index.CqTPbV5Y.js:45
[   69845ms] [WARNING] Invalid color passed for widgetBorderColor in theme.sidebar: "" @ http://localhost:8503/static/js/index.CqTPbV5Y.js:45
[   69845ms] [WARNING] Invalid color passed for skeletonBackgroundColor in theme.sidebar: "" @ http://localhost:8503/static/js/index.CqTPbV5Y.js:45
[   69875ms] [WARNING] Invalid color passed for widgetBackgroundColor in theme.sidebar: "" @ http://localhost:8503/static/js/index.CqTPbV5Y.js:45
[   69875ms] [WARNING] Invalid color passed for widgetBorderColor in theme.sidebar: "" @ http://localhost:8503/static/js/index.CqTPbV5Y.js:45
[   69875ms] [WARNING] Invalid color passed for skeletonBackgroundColor in theme.sidebar: "" @ http://localhost:8503/static/js/index.CqTPbV5Y.js:45
[   72227ms] [WARNING] Invalid color passed for widgetBackgroundColor in theme.sidebar: "" @ http://localhost:8503/static/js/index.CqTPbV5Y.js:45
[   72227ms] [WARNING] Invalid color passed for widgetBorderColor in theme.sidebar: "" @ http://localhost:8503/static/js/index.CqTPbV5Y.js:45
[   72227ms] [WARNING] Invalid color passed for skeletonBackgroundColor in theme.sidebar: "" @ http://localhost:8503/static/js/index.CqTPbV5Y.js:45
[   72355ms] [WARNING] Invalid color passed for widgetBackgroundColor in theme.sidebar: "" @ http://localhost:8503/static/js/index.CqTPbV5Y.js:45
[   72355ms] [WARNING] Invalid color passed for widgetBorderColor in theme.sidebar: "" @ http://localhost:8503/static/js/index.CqTPbV5Y.js:45
[   72355ms] [WARNING] Invalid color passed for skeletonBackgroundColor in theme.sidebar: "" @ http://localhost:8503/static/js/index.CqTPbV5Y.js:45
[   72382ms] [WARNING] Invalid color passed for widgetBackgroundColor in theme.sidebar: "" @ http://localhost:8503/static/js/index.CqTPbV5Y.js:45
[   72382ms] [WARNING] Invalid color passed for widgetBorderColor in theme.sidebar: "" @ http://localhost:8503/static/js/index.CqTPbV5Y.js:45
[   72382ms] [WARNING] Invalid color passed for skeletonBackgroundColor in theme.sidebar: "" @ http://localhost:8503/static/js/index.CqTPbV5Y.js:45
[   72404ms] [WARNING] Invalid color passed for widgetBackgroundColor in theme.sidebar: "" @ http://localhost:8503/static/js/index.CqTPbV5Y.js:45
[   72405ms] [WARNING] Invalid color passed for widgetBorderColor in theme.sidebar: "" @ http://localhost:8503/static/js/index.CqTPbV5Y.js:45
[   72405ms] [WARNING] Invalid color passed for skeletonBackgroundColor in theme.sidebar: "" @ http://localhost:8503/static/js/index.CqTPbV5Y.js:45
[   73367ms] [WARNING] Invalid color passed for widgetBackgroundColor in theme.sidebar: "" @ http://localhost:8503/static/js/index.CqTPbV5Y.js:45
[   73367ms] [WARNING] Invalid color passed for widgetBorderColor in theme.sidebar: "" @ http://localhost:8503/static/js/index.CqTPbV5Y.js:45
[   73367ms] [WARNING] Invalid color passed for skeletonBackgroundColor in theme.sidebar: "" @ http://localhost:8503/static/js/index.CqTPbV5Y.js:45
[   73380ms] [WARNING] Invalid color passed for widgetBackgroundColor in theme.sidebar: "" @ http://localhost:8503/static/js/index.CqTPbV5Y.js:45
[   73380ms] [WARNING] Invalid color passed for widgetBorderColor in theme.sidebar: "" @ http://localhost:8503/static/js/index.CqTPbV5Y.js:45
[   73380ms] [WARNING] Invalid color passed for skeletonBackgroundColor in theme.sidebar: "" @ http://localhost:8503/static/js/index.CqTPbV5Y.js:45
[   73407ms] [WARNING] Invalid color passed for widgetBackgroundColor in theme.sidebar: "" @ http://localhost:8503/static/js/index.CqTPbV5Y.js:45
[   73407ms] [WARNING] Invalid color passed for widgetBorderColor in theme.sidebar: "" @ http://localhost:8503/static/js/index.CqTPbV5Y.js:45
[   73407ms] [WARNING] Invalid color passed for skeletonBackgroundColor in theme.sidebar: "" @ http://localhost:8503/static/js/index.CqTPbV5Y.js:45
[  139736ms] [WARNING] Invalid color passed for widgetBackgroundColor in theme.sidebar: "" @ http://localhost:8503/static/js/index.CqTPbV5Y.js:45
[  139736ms] [WARNING] Invalid color passed for widgetBorderColor in theme.sidebar: "" @ http://localhost:8503/static/js/index.CqTPbV5Y.js:45
[  139736ms] [WARNING] Invalid color passed for skeletonBackgroundColor in theme.sidebar: "" @ http://localhost:8503/static/js/index.CqTPbV5Y.js:45
[  139751ms] [WARNING] Invalid color passed for widgetBackgroundColor in theme.sidebar: "" @ http://localhost:8503/static/js/index.CqTPbV5Y.js:45
[  139751ms] [WARNING] Invalid color passed for widgetBorderColor in theme.sidebar: "" @ http://localhost:8503/static/js/index.CqTPbV5Y.js:45
[  139751ms] [WARNING] Invalid color passed for skeletonBackgroundColor in theme.sidebar: "" @ http://localhost:8503/static/js/index.CqTPbV5Y.js:45
[  139771ms] [WARNING] Invalid color passed for widgetBackgroundColor in theme.sidebar: "" @ http://localhost:8503/static/js/index.CqTPbV5Y.js:45
[  139771ms] [WARNING] Invalid color passed for widgetBorderColor in theme.sidebar: "" @ http://localhost:8503/static/js/index.CqTPbV5Y.js:45
[  139771ms] [WARNING] Invalid color passed for skeletonBackgroundColor in theme.sidebar: "" @ http://localhost:8503/static/js/index.CqTPbV5Y.js:45
[  139814ms] [WARNING] Invalid color passed for widgetBackgroundColor in theme.sidebar: "" @ http://localhost:8503/static/js/index.CqTPbV5Y.js:45
[  139814ms] [WARNING] Invalid color passed for widgetBorderColor in theme.sidebar: "" @ http://localhost:8503/static/js/index.CqTPbV5Y.js:45
[  139814ms] [WARNING] Invalid color passed for skeletonBackgroundColor in theme.sidebar: "" @ http://localhost:8503/static/js/index.CqTPbV5Y.js:45
[  139829ms] [WARNING] Invalid color passed for widgetBackgroundColor in theme.sidebar: "" @ http://localhost:8503/static/js/index.CqTPbV5Y.js:45
[  139829ms] [WARNING] Invalid color passed for widgetBorderColor in theme.sidebar: "" @ http://localhost:8503/static/js/index.CqTPbV5Y.js:45
[  139829ms] [WARNING] Invalid color passed for skeletonBackgroundColor in theme.sidebar: "" @ http://localhost:8503/static/js/index.CqTPbV5Y.js:45
[  139844ms] [WARNING] Invalid color passed for widgetBackgroundColor in theme.sidebar: "" @ http://localhost:8503/static/js/index.CqTPbV5Y.js:45
[  139844ms] [WARNING] Invalid color passed for widgetBorderColor in theme.sidebar: "" @ http://localhost:8503/static/js/index.CqTPbV5Y.js:45
[  139844ms] [WARNING] Invalid color passed for skeletonBackgroundColor in theme.sidebar: "" @ http://localhost:8503/static/js/index.CqTPbV5Y.js:45
[  139874ms] [WARNING] Invalid color passed for widgetBackgroundColor in theme.sidebar: "" @ http://localhost:8503/static/js/index.CqTPbV5Y.js:45
[  139874ms] [WARNING] Invalid color passed for widgetBorderColor in theme.sidebar: "" @ http://localhost:8503/static/js/index.CqTPbV5Y.js:45
[  139874ms] [WARNING] Invalid color passed for skeletonBackgroundColor in theme.sidebar: "" @ http://localhost:8503/static/js/index.CqTPbV5Y.js:45
[  140082ms] [WARNING] Invalid color passed for widgetBackgroundColor in theme.sidebar: "" @ http://localhost:8503/static/js/index.CqTPbV5Y.js:45
[  140082ms] [WARNING] Invalid color passed for widgetBorderColor in theme.sidebar: "" @ http://localhost:8503/static/js/index.CqTPbV5Y.js:45
[  140082ms] [WARNING] Invalid color passed for skeletonBackgroundColor in theme.sidebar: "" @ http://localhost:8503/static/js/index.CqTPbV5Y.js:45
[  140096ms] [WARNING] Invalid color passed for widgetBackgroundColor in theme.sidebar: "" @ http://localhost:8503/static/js/index.CqTPbV5Y.js:45
[  140096ms] [WARNING] Invalid color passed for widgetBorderColor in theme.sidebar: "" @ http://localhost:8503/static/js/index.CqTPbV5Y.js:45
[  140096ms] [WARNING] Invalid color passed for skeletonBackgroundColor in theme.sidebar: "" @ http://localhost:8503/static/js/index.CqTPbV5Y.js:45
[  140115ms] [WARNING] Invalid color passed for widgetBackgroundColor in theme.sidebar: "" @ http://localhost:8503/static/js/index.CqTPbV5Y.js:45
[  140116ms] [WARNING] Invalid color passed for widgetBorderColor in theme.sidebar: "" @ http://localhost:8503/static/js/index.CqTPbV5Y.js:45
[  140116ms] [WARNING] Invalid color passed for skeletonBackgroundColor in theme.sidebar: "" @ http://localhost:8503/static/js/index.CqTPbV5Y.js:45
[  148751ms] [WARNING] Invalid color passed for widgetBackgroundColor in theme.sidebar: "" @ http://localhost:8503/static/js/index.CqTPbV5Y.js:45
[  148751ms] [WARNING] Invalid color passed for widgetBorderColor in theme.sidebar: "" @ http://localhost:8503/static/js/index.CqTPbV5Y.js:45
[  148751ms] [WARNING] Invalid color passed for skeletonBackgroundColor in theme.sidebar: "" @ http://localhost:8503/static/js/index.CqTPbV5Y.js:45
[  148765ms] [WARNING] Invalid color passed for widgetBackgroundColor in theme.sidebar: "" @ http://localhost:8503/static/js/index.CqTPbV5Y.js:45
[  148766ms] [WARNING] Invalid color passed for widgetBorderColor in theme.sidebar: "" @ http://localhost:8503/static/js/index.CqTPbV5Y.js:45
[  148766ms] [WARNING] Invalid color passed for skeletonBackgroundColor in theme.sidebar: "" @ http://localhost:8503/static/js/index.CqTPbV5Y.js:45
[  148784ms] [WARNING] Invalid color passed for widgetBackgroundColor in theme.sidebar: "" @ http://localhost:8503/static/js/index.CqTPbV5Y.js:45
[  148785ms] [WARNING] Invalid color passed for widgetBorderColor in theme.sidebar: "" @ http://localhost:8503/static/js/index.CqTPbV5Y.js:45
[  148785ms] [WARNING] Invalid color passed for skeletonBackgroundColor in theme.sidebar: "" @ http://localhost:8503/static/js/index.CqTPbV5Y.js:45
[  148825ms] [WARNING] Invalid color passed for widgetBackgroundColor in theme.sidebar: "" @ http://localhost:8503/static/js/index.CqTPbV5Y.js:45
[  148825ms] [WARNING] Invalid color passed for widgetBorderColor in theme.sidebar: "" @ http://localhost:8503/static/js/index.CqTPbV5Y.js:45
[  148825ms] [WARNING] Invalid color passed for skeletonBackgroundColor in theme.sidebar: "" @ http://localhost:8503/static/js/index.CqTPbV5Y.js:45
[  148838ms] [WARNING] Invalid color passed for widgetBackgroundColor in theme.sidebar: "" @ http://localhost:8503/static/js/index.CqTPbV5Y.js:45
[  148838ms] [WARNING] Invalid color passed for widgetBorderColor in theme.sidebar: "" @ http://localhost:8503/static/js/index.CqTPbV5Y.js:45
[  148838ms] [WARNING] Invalid color passed for skeletonBackgroundColor in theme.sidebar: "" @ http://localhost:8503/static/js/index.CqTPbV5Y.js:45
[  148853ms] [WARNING] Invalid color passed for widgetBackgroundColor in theme.sidebar: "" @ http://localhost:8503/static/js/index.CqTPbV5Y.js:45
[  148853ms] [WARNING] Invalid color passed for widgetBorderColor in theme.sidebar: "" @ http://localhost:8503/static/js/index.CqTPbV5Y.js:45
[  148853ms] [WARNING] Invalid color passed for skeletonBackgroundColor in theme.sidebar: "" @ http://localhost:8503/static/js/index.CqTPbV5Y.js:45
[  148869ms] [WARNING] Invalid color passed for widgetBackgroundColor in theme.sidebar: "" @ http://localhost:8503/static/js/index.CqTPbV5Y.js:45
[  148869ms] [WARNING] Invalid color passed for widgetBorderColor in theme.sidebar: "" @ http://localhost:8503/static/js/index.CqTPbV5Y.js:45
[  148869ms] [WARNING] Invalid color passed for skeletonBackgroundColor in theme.sidebar: "" @ http://localhost:8503/static/js/index.CqTPbV5Y.js:45
[  148887ms] [WARNING] Invalid color passed for widgetBackgroundColor in theme.sidebar: "" @ http://localhost:8503/static/js/index.CqTPbV5Y.js:45
[  148887ms] [WARNING] Invalid color passed for widgetBorderColor in theme.sidebar: "" @ http://localhost:8503/static/js/index.CqTPbV5Y.js:45
[  148887ms] [WARNING] Invalid color passed for skeletonBackgroundColor in theme.sidebar: "" @ http://localhost:8503/static/js/index.CqTPbV5Y.js:45
[  148908ms] [WARNING] Invalid color passed for widgetBackgroundColor in theme.sidebar: "" @ http://localhost:8503/static/js/index.CqTPbV5Y.js:45
[  148909ms] [WARNING] Invalid color passed for widgetBorderColor in theme.sidebar: "" @ http://localhost:8503/static/js/index.CqTPbV5Y.js:45
[  148909ms] [WARNING] Invalid color passed for skeletonBackgroundColor in theme.sidebar: "" @ http://localhost:8503/static/js/index.CqTPbV5Y.js:45
[  148924ms] [WARNING] Invalid color passed for widgetBackgroundColor in theme.sidebar: "" @ http://localhost:8503/static/js/index.CqTPbV5Y.js:45
[  148924ms] [WARNING] Invalid color passed for widgetBorderColor in theme.sidebar: "" @ http://localhost:8503/static/js/index.CqTPbV5Y.js:45
[  148924ms] [WARNING] Invalid color passed for skeletonBackgroundColor in theme.sidebar: "" @ http://localhost:8503/static/js/index.CqTPbV5Y.js:45
[  149399ms] [WARNING] Invalid color passed for widgetBackgroundColor in theme.sidebar: "" @ http://localhost:8503/static/js/index.CqTPbV5Y.js:45
[  149400ms] [WARNING] Invalid color passed for widgetBorderColor in theme.sidebar: "" @ http://localhost:8503/static/js/index.CqTPbV5Y.js:45
[  149400ms] [WARNING] Invalid color passed for skeletonBackgroundColor in theme.sidebar: "" @ http://localhost:8503/static/js/index.CqTPbV5Y.js:45
[  153499ms] [WARNING] Invalid color passed for widgetBackgroundColor in theme.sidebar: "" @ http://localhost:8503/static/js/index.CqTPbV5Y.js:45
[  153499ms] [WARNING] Invalid color passed for widgetBorderColor in theme.sidebar: "" @ http://localhost:8503/static/js/index.CqTPbV5Y.js:45
[  153499ms] [WARNING] Invalid color passed for skeletonBackgroundColor in theme.sidebar: "" @ http://localhost:8503/static/js/index.CqTPbV5Y.js:45
[  153517ms] [WARNING] Invalid color passed for widgetBackgroundColor in theme.sidebar: "" @ http://localhost:8503/static/js/index.CqTPbV5Y.js:45
[  153517ms] [WARNING] Invalid color passed for widgetBorderColor in theme.sidebar: "" @ http://localhost:8503/static/js/index.CqTPbV5Y.js:45
[  153517ms] [WARNING] Invalid color passed for skeletonBackgroundColor in theme.sidebar: "" @ http://localhost:8503/static/js/index.CqTPbV5Y.js:45
[  153533ms] [WARNING] Invalid color passed for widgetBackgroundColor in theme.sidebar: "" @ http://localhost:8503/static/js/index.CqTPbV5Y.js:45
[  153533ms] [WARNING] Invalid color passed for widgetBorderColor in theme.sidebar: "" @ http://localhost:8503/static/js/index.CqTPbV5Y.js:45
[  153533ms] [WARNING] Invalid color passed for skeletonBackgroundColor in theme.sidebar: "" @ http://localhost:8503/static/js/index.CqTPbV5Y.js:45
[  153693ms] [WARNING] Invalid color passed for widgetBackgroundColor in theme.sidebar: "" @ http://localhost:8503/static/js/index.CqTPbV5Y.js:45
[  153693ms] [WARNING] Invalid color passed for widgetBorderColor in theme.sidebar: "" @ http://localhost:8503/static/js/index.CqTPbV5Y.js:45
[  153693ms] [WARNING] Invalid color passed for skeletonBackgroundColor in theme.sidebar: "" @ http://localhost:8503/static/js/index.CqTPbV5Y.js:45
[  153706ms] [WARNING] Invalid color passed for widgetBackgroundColor in theme.sidebar: "" @ http://localhost:8503/static/js/index.CqTPbV5Y.js:45
[  153706ms] [WARNING] Invalid color passed for widgetBorderColor in theme.sidebar: "" @ http://localhost:8503/static/js/index.CqTPbV5Y.js:45
[  153706ms] [WARNING] Invalid color passed for skeletonBackgroundColor in theme.sidebar: "" @ http://localhost:8503/static/js/index.CqTPbV5Y.js:45
[  153723ms] [WARNING] Invalid color passed for widgetBackgroundColor in theme.sidebar: "" @ http://localhost:8503/static/js/index.CqTPbV5Y.js:45
[  153724ms] [WARNING] Invalid color passed for widgetBorderColor in theme.sidebar: "" @ http://localhost:8503/static/js/index.CqTPbV5Y.js:45
[  153724ms] [WARNING] Invalid color passed for skeletonBackgroundColor in theme.sidebar: "" @ http://localhost:8503/static/js/index.CqTPbV5Y.js:45
[  153740ms] [WARNING] Invalid color passed for widgetBackgroundColor in theme.sidebar: "" @ http://localhost:8503/static/js/index.CqTPbV5Y.js:45
[  153740ms] [WARNING] Invalid color passed for widgetBorderColor in theme.sidebar: "" @ http://localhost:8503/static/js/index.CqTPbV5Y.js:45
[  153740ms] [WARNING] Invalid color passed for skeletonBackgroundColor in theme.sidebar: "" @ http://localhost:8503/static/js/index.CqTPbV5Y.js:45
[  320716ms] [WARNING] Invalid color passed for widgetBackgroundColor in theme.sidebar: "" @ http://localhost:8503/static/js/index.CqTPbV5Y.js:45
[  320716ms] [WARNING] Invalid color passed for widgetBorderColor in theme.sidebar: "" @ http://localhost:8503/static/js/index.CqTPbV5Y.js:45
[  320716ms] [WARNING] Invalid color passed for skeletonBackgroundColor in theme.sidebar: "" @ http://localhost:8503/static/js/index.CqTPbV5Y.js:45
