[    2843ms] [WARNING] Invalid color passed for widgetBackgroundColor in theme.sidebar: "" @ https://akiroussama-rakuten-classifier.hf.space/static/js/index.Drusyo5m.js:49
[    2843ms] [WARNING] Invalid color passed for widgetBorderColor in theme.sidebar: "" @ https://akiroussama-rakuten-classifier.hf.space/static/js/index.Drusyo5m.js:49
[    2843ms] [WARNING] Invalid color passed for skeletonBackgroundColor in theme.sidebar: "" @ https://akiroussama-rakuten-classifier.hf.space/static/js/index.Drusyo5m.js:49
[    2862ms] [WARNING] Invalid color passed for widgetBackgroundColor in theme.sidebar: "" @ https://akiroussama-rakuten-classifier.hf.space/static/js/index.Drusyo5m.js:49
[    2862ms] [WARNING] Invalid color passed for widgetBorderColor in theme.sidebar: "" @ https://akiroussama-rakuten-classifier.hf.space/static/js/index.Drusyo5m.js:49
[    2862ms] [WARNING] Invalid color passed for skeletonBackgroundColor in theme.sidebar: "" @ https://akiroussama-rakuten-classifier.hf.space/static/js/index.Drusyo5m.js:49
[    2894ms] [WARNING] Invalid color passed for widgetBackgroundColor in theme.sidebar: "" @ https://akiroussama-rakuten-classifier.hf.space/static/js/index.Drusyo5m.js:49
[    2894ms] [WARNING] Invalid color passed for widgetBorderColor in theme.sidebar: "" @ https://akiroussama-rakuten-classifier.hf.space/static/js/index.Drusyo5m.js:49
[    2894ms] [WARNING] Invalid color passed for skeletonBackgroundColor in theme.sidebar: "" @ https://akiroussama-rakuten-classifier.hf.space/static/js/index.Drusyo5m.js:49
[    2931ms] [WARNING] Invalid color passed for widgetBackgroundColor in theme.sidebar: "" @ https://akiroussama-rakuten-classifier.hf.space/static/js/index.Drusyo5m.js:49
[    2931ms] [WARNING] Invalid color passed for widgetBorderColor in theme.sidebar: "" @ https://akiroussama-rakuten-classifier.hf.space/static/js/index.Drusyo5m.js:49
[    2931ms] [WARNING] Invalid color passed for skeletonBackgroundColor in theme.sidebar: "" @ https://akiroussama-rakuten-classifier.hf.space/static/js/index.Drusyo5m.js:49
[    2941ms] [WARNING] Invalid color passed for widgetBackgroundColor in theme.sidebar: "" @ https://akiroussama-rakuten-classifier.hf.space/static/js/index.Drusyo5m.js:49
[    2941ms] [WARNING] Invalid color passed for widgetBorderColor in theme.sidebar: "" @ https://akiroussama-rakuten-classifier.hf.space/static/js/index.Drusyo5m.js:49
[    2942ms] [WARNING] Invalid color passed for skeletonBackgroundColor in theme.sidebar: "" @ https://akiroussama-rakuten-classifier.hf.space/static/js/index.Drusyo5m.js:49
[    3003ms] [WARNING] Invalid color passed for widgetBackgroundColor in theme.sidebar: "" @ https://akiroussama-rakuten-classifier.hf.space/static/js/index.Drusyo5m.js:49
[    3004ms] [WARNING] Invalid color passed for widgetBorderColor in theme.sidebar: "" @ https://akiroussama-rakuten-classifier.hf.space/static/js/index.Drusyo5m.js:49
[    3004ms] [WARNING] Invalid color passed for skeletonBackgroundColor in theme.sidebar: "" @ https://akiroussama-rakuten-classifier.hf.space/static/js/index.Drusyo5m.js:49
[    3015ms] [WARNING] Invalid color passed for widgetBackgroundColor in theme.sidebar: "" @ https://akiroussama-rakuten-classifier.hf.space/static/js/index.Drusyo5m.js:49
[    3015ms] [WARNING] Invalid color passed for widgetBorderColor in theme.sidebar: "" @ https://akiroussama-rakuten-classifier.hf.space/static/js/index.Drusyo5m.js:49
[    3016ms] [WARNING] Invalid color passed for skeletonBackgroundColor in theme.sidebar: "" @ https://akiroussama-rakuten-classifier.hf.space/static/js/index.Drusyo5m.js:49
[    3071ms] [WARNING] Invalid color passed for widgetBackgroundColor in theme.sidebar: "" @ https://akiroussama-rakuten-classifier.hf.space/static/js/index.Drusyo5m.js:49
[    3072ms] [WARNING] Invalid color passed for widgetBorderColor in theme.sidebar: "" @ https://akiroussama-rakuten-classifier.hf.space/static/js/index.Drusyo5m.js:49
[    3072ms] [WARNING] Invalid color passed for skeletonBackgroundColor in theme.sidebar: "" @ https://akiroussama-rakuten-classifier.hf.space/static/js/index.Drusyo5m.js:49
[   36378ms] [WARNING] Invalid color passed for widgetBackgroundColor in theme.sidebar: "" @ https://akiroussama-rakuten-classifier.hf.space/static/js/index.Drusyo5m.js:49
[   36378ms] [WARNING] Invalid color passed for widgetBorderColor in theme.sidebar: "" @ https://akiroussama-rakuten-classifier.hf.space/static/js/index.Drusyo5m.js:49
[   36378ms] [WARNING] Invalid color passed for skeletonBackgroundColor in theme.sidebar: "" @ https://akiroussama-rakuten-classifier.hf.space/static/js/index.Drusyo5m.js:49
[   36499ms] [WARNING] Invalid color passed for widgetBackgroundColor in theme.sidebar: "" @ https://akiroussama-rakuten-classifier.hf.space/static/js/index.Drusyo5m.js:49
[   36499ms] [WARNING] Invalid color passed for widgetBorderColor in theme.sidebar: "" @ https://akiroussama-rakuten-classifier.hf.space/static/js/index.Drusyo5m.js:49
[   36499ms] [WARNING] Invalid color passed for skeletonBackgroundColor in theme.sidebar: "" @ https://akiroussama-rakuten-classifier.hf.space/static/js/index.Drusyo5m.js:49
[   36503ms] [WARNING] Invalid color passed for widgetBackgroundColor in theme.sidebar: "" @ https://akiroussama-rakuten-classifier.hf.space/static/js/index.Drusyo5m.js:49
[   36503ms] [WARNING] Invalid color passed for widgetBorderColor in theme.sidebar: "" @ https://akiroussama-rakuten-classifier.hf.space/static/js/index.Drusyo5m.js:49
[   36503ms] [WARNING] Invalid color passed for skeletonBackgroundColor in theme.sidebar: "" @ https://akiroussama-rakuten-classifier.hf.space/static/js/index.Drusyo5m.js:49
[   36514ms] [WARNING] Invalid color passed for widgetBackgroundColor in theme.sidebar: "" @ https://akiroussama-rakuten-classifier.hf.space/static/js/index.Drusyo5m.js:49
[   36514ms] [WARNING] Invalid color passed for widgetBorderColor in theme.sidebar: "" @ https://akiroussama-rakuten-classifier.hf.space/static/js/index.Drusyo5m.js:49
[   36514ms] [WARNING] Invalid color passed for skeletonBackgroundColor in theme.sidebar: "" @ https://akiroussama-rakuten-classifier.hf.space/static/js/index.Drusyo5m.js:49
[   36520ms] [WARNING] Invalid color passed for widgetBackgroundColor in theme.sidebar: "" @ https://akiroussama-rakuten-classifier.hf.space/static/js/index.Drusyo5m.js:49
[   36521ms] [WARNING] Invalid color passed for widgetBorderColor in theme.sidebar: "" @ https://akiroussama-rakuten-classifier.hf.space/static/js/index.Drusyo5m.js:49
[   36521ms] [WARNING] Invalid color passed for skeletonBackgroundColor in theme.sidebar: "" @ https://akiroussama-rakuten-classifier.hf.space/static/js/index.Drusyo5m.js:49
[   40994ms] [WARNING] Invalid color passed for widgetBackgroundColor in theme.sidebar: "" @ https://akiroussama-rakuten-classifier.hf.space/static/js/index.Drusyo5m.js:49
[   40994ms] [WARNING] Invalid color passed for widgetBorderColor in theme.sidebar: "" @ https://akiroussama-rakuten-classifier.hf.space/static/js/index.Drusyo5m.js:49
[   40994ms] [WARNING] Invalid color passed for skeletonBackgroundColor in theme.sidebar: "" @ https://akiroussama-rakuten-classifier.hf.space/static/js/index.Drusyo5m.js:49
[   41471ms] [WARNING] Invalid color passed for widgetBackgroundColor in theme.sidebar: "" @ https://akiroussama-rakuten-classifier.hf.space/static/js/index.Drusyo5m.js:49
[   41471ms] [WARNING] Invalid color passed for widgetBorderColor in theme.sidebar: "" @ https://akiroussama-rakuten-classifier.hf.space/static/js/index.Drusyo5m.js:49
[   41471ms] [WARNING] Invalid color passed for skeletonBackgroundColor in theme.sidebar: "" @ https://akiroussama-rakuten-classifier.hf.space/static/js/index.Drusyo5m.js:49
[   60052ms] [WARNING] Invalid color passed for widgetBackgroundColor in theme.sidebar: "" @ https://akiroussama-rakuten-classifier.hf.space/static/js/index.Drusyo5m.js:49
[   60052ms] [WARNING] Invalid color passed for widgetBorderColor in theme.sidebar: "" @ https://akiroussama-rakuten-classifier.hf.space/static/js/index.Drusyo5m.js:49
[   60052ms] [WARNING] Invalid color passed for skeletonBackgroundColor in theme.sidebar: "" @ https://akiroussama-rakuten-classifier.hf.space/static/js/index.Drusyo5m.js:49
[   60074ms] [WARNING] Invalid color passed for widgetBackgroundColor in theme.sidebar: "" @ https://akiroussama-rakuten-classifier.hf.space/static/js/index.Drusyo5m.js:49
[   60074ms] [WARNING] Invalid color passed for widgetBorderColor in theme.sidebar: "" @ https://akiroussama-rakuten-classifier.hf.space/static/js/index.Drusyo5m.js:49
[   60074ms] [WARNING] Invalid color passed for skeletonBackgroundColor in theme.sidebar: "" @ https://akiroussama-rakuten-classifier.hf.space/static/js/index.Drusyo5m.js:49
[   60078ms] [WARNING] Invalid color passed for widgetBackgroundColor in theme.sidebar: "" @ https://akiroussama-rakuten-classifier.hf.space/static/js/index.Drusyo5m.js:49
[   60078ms] [WARNING] Invalid color passed for widgetBorderColor in theme.sidebar: "" @ https://akiroussama-rakuten-classifier.hf.space/static/js/index.Drusyo5m.js:49
[   60078ms] [WARNING] Invalid color passed for skeletonBackgroundColor in theme.sidebar: "" @ https://akiroussama-rakuten-classifier.hf.space/static/js/index.Drusyo5m.js:49
[   66472ms] [WARNING] Invalid color passed for widgetBackgroundColor in theme.sidebar: "" @ https://akiroussama-rakuten-classifier.hf.space/static/js/index.Drusyo5m.js:49
[   66472ms] [WARNING] Invalid color passed for widgetBorderColor in theme.sidebar: "" @ https://akiroussama-rakuten-classifier.hf.space/static/js/index.Drusyo5m.js:49
[   66473ms] [WARNING] Invalid color passed for skeletonBackgroundColor in theme.sidebar: "" @ https://akiroussama-rakuten-classifier.hf.space/static/js/index.Drusyo5m.js:49
[   66481ms] [WARNING] Invalid color passed for widgetBackgroundColor in theme.sidebar: "" @ https://akiroussama-rakuten-classifier.hf.space/static/js/index.Drusyo5m.js:49
[   66481ms] [WARNING] Invalid color passed for widgetBorderColor in theme.sidebar: "" @ https://akiroussama-rakuten-classifier.hf.space/static/js/index.Drusyo5m.js:49
[   66481ms] [WARNING] Invalid color passed for skeletonBackgroundColor in theme.sidebar: "" @ https://akiroussama-rakuten-classifier.hf.space/static/js/index.Drusyo5m.js:49
[   66499ms] [WARNING] Invalid color passed for widgetBackgroundColor in theme.sidebar: "" @ https://akiroussama-rakuten-classifier.hf.space/static/js/index.Drusyo5m.js:49
[   66499ms] [WARNING] Invalid color passed for widgetBorderColor in theme.sidebar: "" @ https://akiroussama-rakuten-classifier.hf.space/static/js/index.Drusyo5m.js:49
[   66499ms] [WARNING] Invalid color passed for skeletonBackgroundColor in theme.sidebar: "" @ https://akiroussama-rakuten-classifier.hf.space/static/js/index.Drusyo5m.js:49
[   66541ms] [WARNING] Invalid color passed for widgetBackgroundColor in theme.sidebar: "" @ https://akiroussama-rakuten-classifier.hf.space/static/js/index.Drusyo5m.js:49
[   66541ms] [WARNING] Invalid color passed for widgetBorderColor in theme.sidebar: "" @ https://akiroussama-rakuten-classifier.hf.space/static/js/index.Drusyo5m.js:49
[   66541ms] [WARNING] Invalid color passed for skeletonBackgroundColor in theme.sidebar: "" @ https://akiroussama-rakuten-classifier.hf.space/static/js/index.Drusyo5m.js:49
[  276709ms] [WARNING] WebSocket onclose @ https://akiroussama-rakuten-classifier.hf.space/static/js/index.Drusyo5m.js:150
[  276711ms] [WARNING] Invalid color passed for widgetBackgroundColor in theme.sidebar: "" @ https://akiroussama-rakuten-classifier.hf.space/static/js/index.Drusyo5m.js:49
[  276711ms] [WARNING] Invalid color passed for widgetBorderColor in theme.sidebar: "" @ https://akiroussama-rakuten-classifier.hf.space/static/js/index.Drusyo5m.js:49
[  276711ms] [WARNING] Invalid color passed for skeletonBackgroundColor in theme.sidebar: "" @ https://akiroussama-rakuten-classifier.hf.space/static/js/index.Drusyo5m.js:49
[  277293ms] [WARNING] Invalid color passed for widgetBackgroundColor in theme.sidebar: "" @ https://akiroussama-rakuten-classifier.hf.space/static/js/index.Drusyo5m.js:49
[  277293ms] [WARNING] Invalid color passed for widgetBorderColor in theme.sidebar: "" @ https://akiroussama-rakuten-classifier.hf.space/static/js/index.Drusyo5m.js:49
[  277293ms] [WARNING] Invalid color passed for skeletonBackgroundColor in theme.sidebar: "" @ https://akiroussama-rakuten-classifier.hf.space/static/js/index.Drusyo5m.js:49
[  277306ms] [WARNING] Invalid color passed for widgetBackgroundColor in theme.sidebar: "" @ https://akiroussama-rakuten-classifier.hf.space/static/js/index.Drusyo5m.js:49
[  277306ms] [WARNING] Invalid color passed for widgetBorderColor in theme.sidebar: "" @ https://akiroussama-rakuten-classifier.hf.space/static/js/index.Drusyo5m.js:49
[  277306ms] [WARNING] Invalid color passed for skeletonBackgroundColor in theme.sidebar: "" @ https://akiroussama-rakuten-classifier.hf.space/static/js/index.Drusyo5m.js:49
[  277796ms] [WARNING] Invalid color passed for widgetBackgroundColor in theme.sidebar: "" @ https://akiroussama-rakuten-classifier.hf.space/static/js/index.Drusyo5m.js:49
[  277796ms] [WARNING] Invalid color passed for widgetBorderColor in theme.sidebar: "" @ https://akiroussama-rakuten-classifier.hf.space/static/js/index.Drusyo5m.js:49
[  277796ms] [WARNING] Invalid color passed for skeletonBackgroundColor in theme.sidebar: "" @ https://akiroussama-rakuten-classifier.hf.space/static/js/index.Drusyo5m.js:49
