[     189ms] [ERROR] Failed to load resource: the server responded with a status of 404 (Not Found) @ http://localhost:8503/D%C3%A9mo/_stcore/health:0
[     190ms] [ERROR] Failed to load resource: the server responded with a status of 404 (Not Found) @ http://localhost:8503/D%C3%A9mo/_stcore/host-config:0
[     346ms] [WARNING] Invalid color passed for widgetBackgroundColor in theme.sidebar: "" @ http://localhost:8503/static/js/index.CqTPbV5Y.js:45
[     346ms] [WARNING] Invalid color passed for widgetBorderColor in theme.sidebar: "" @ http://localhost:8503/static/js/index.CqTPbV5Y.js:45
[     347ms] [WARNING] Invalid color passed for skeletonBackgroundColor in theme.sidebar: "" @ http://localhost:8503/static/js/index.CqTPbV5Y.js:45
[     370ms] [WARNING] Invalid color passed for widgetBackgroundColor in theme.sidebar: "" @ http://localhost:8503/static/js/index.CqTPbV5Y.js:45
[     370ms] [WARNING] Invalid color passed for widgetBorderColor in theme.sidebar: "" @ http://localhost:8503/static/js/index.CqTPbV5Y.js:45
[     370ms] [WARNING] Invalid color passed for skeletonBackgroundColor in theme.sidebar: "" @ http://localhost:8503/static/js/index.CqTPbV5Y.js:45
[     381ms] [WARNING] Invalid color passed for widgetBackgroundColor in theme.sidebar: "" @ http://localhost:8503/static/js/index.CqTPbV5Y.js:45
[     382ms] [WARNING] Invalid color passed for widgetBorderColor in theme.sidebar: "" @ http://localhost:8503/static/js/index.CqTPbV5Y.js:45
[     382ms] [WARNING] Invalid color passed for skeletonBackgroundColor in theme.sidebar: "" @ http://localhost:8503/static/js/index.CqTPbV5Y.js:45
[     432ms] [WARNING] Invalid color passed for widgetBackgroundColor in theme.sidebar: "" @ http://localhost:8503/static/js/index.CqTPbV5Y.js:45
[     432ms] [WARNING] Invalid color passed for widgetBorderColor in theme.sidebar: "" @ http://localhost:8503/static/js/index.CqTPbV5Y.js:45
[     432ms] [WARNING] Invalid color passed for skeletonBackgroundColor in theme.sidebar: "" @ http://localhost:8503/static/js/index.CqTPbV5Y.js:45
[     457ms] [WARNING] Invalid color passed for widgetBackgroundColor in theme.sidebar: "" @ http://localhost:8503/static/js/index.CqTPbV5Y.js:45
[     457ms] [WARNING] Invalid color passed for widgetBorderColor in theme.sidebar: "" @ http://localhost:8503/static/js/index.CqTPbV5Y.js:45
[     458ms] [WARNING] Invalid color passed for skeletonBackgroundColor in theme.sidebar: "" @ http://localhost:8503/static/js/index.CqTPbV5Y.js:45
[     473ms] [WARNING] Invalid color passed for widgetBackgroundColor in theme.sidebar: "" @ http://localhost:8503/static/js/index.CqTPbV5Y.js:45
[     473ms] [WARNING] Invalid color passed for widgetBorderColor in theme.sidebar: "" @ http://localhost:8503/static/js/index.CqTPbV5Y.js:45
[     473ms] [WARNING] Invalid color passed for skeletonBackgroundColor in theme.sidebar: "" @ http://localhost:8503/static/js/index.CqTPbV5Y.js:45
[     683ms] [WARNING] Invalid color passed for widgetBackgroundColor in theme.sidebar: "" @ http://localhost:8503/static/js/index.CqTPbV5Y.js:45
[     683ms] [WARNING] Invalid color passed for widgetBorderColor in theme.sidebar: "" @ http://localhost:8503/static/js/index.CqTPbV5Y.js:45
[     683ms] [WARNING] Invalid color passed for skeletonBackgroundColor in theme.sidebar: "" @ http://localhost:8503/static/js/index.CqTPbV5Y.js:45
[    2482ms] [WARNING] Invalid color passed for widgetBackgroundColor in theme.sidebar: "" @ http://localhost:8503/static/js/index.CqTPbV5Y.js:45
[    2483ms] [WARNING] Invalid color passed for widgetBorderColor in theme.sidebar: "" @ http://localhost:8503/static/js/index.CqTPbV5Y.js:45
[    2483ms] [WARNING] Invalid color passed for skeletonBackgroundColor in theme.sidebar: "" @ http://localhost:8503/static/js/index.CqTPbV5Y.js:45
[    2491ms] [WARNING] Invalid color passed for widgetBackgroundColor in theme.sidebar: "" @ http://localhost:8503/static/js/index.CqTPbV5Y.js:45
[    2491ms] [WARNING] Invalid color passed for widgetBorderColor in theme.sidebar: "" @ http://localhost:8503/static/js/index.CqTPbV5Y.js:45
[    2491ms] [WARNING] Invalid color passed for skeletonBackgroundColor in theme.sidebar: "" @ http://localhost:8503/static/js/index.CqTPbV5Y.js:45
[    2499ms] [WARNING] Invalid color passed for widgetBackgroundColor in theme.sidebar: "" @ http://localhost:8503/static/js/index.CqTPbV5Y.js:45
[    2499ms] [WARNING] Invalid color passed for widgetBorderColor in theme.sidebar: "" @ http://localhost:8503/static/js/index.CqTPbV5Y.js:45
[    2499ms] [WARNING] Invalid color passed for skeletonBackgroundColor in theme.sidebar: "" @ http://localhost:8503/static/js/index.CqTPbV5Y.js:45
[    2512ms] [WARNING] Invalid color passed for widgetBackgroundColor in theme.sidebar: "" @ http://localhost:8503/static/js/index.CqTPbV5Y.js:45
[    2512ms] [WARNING] Invalid color passed for widgetBorderColor in theme.sidebar: "" @ http://localhost:8503/static/js/index.CqTPbV5Y.js:45
[    2512ms] [WARNING] Invalid color passed for skeletonBackgroundColor in theme.sidebar: "" @ http://localhost:8503/static/js/index.CqTPbV5Y.js:45
[    2530ms] [WARNING] Invalid color passed for widgetBackgroundColor in theme.sidebar: "" @ http://localhost:8503/static/js/index.CqTPbV5Y.js:45
[    2530ms] [WARNING] Invalid color passed for widgetBorderColor in theme.sidebar: "" @ http://localhost:8503/static/js/index.CqTPbV5Y.js:45
[    2531ms] [WARNING] Invalid color passed for skeletonBackgroundColor in theme.sidebar: "" @ http://localhost:8503/static/js/index.CqTPbV5Y.js:45
[    2560ms] [WARNING] Invalid color passed for widgetBackgroundColor in theme.sidebar: "" @ http://localhost:8503/static/js/index.CqTPbV5Y.js:45
[    2560ms] [WARNING] Invalid color passed for widgetBorderColor in theme.sidebar: "" @ http://localhost:8503/static/js/index.CqTPbV5Y.js:45
[    2560ms] [WARNING] Invalid color passed for skeletonBackgroundColor in theme.sidebar: "" @ http://localhost:8503/static/js/index.CqTPbV5Y.js:45
[  152247ms] [WARNING] Invalid color passed for widgetBackgroundColor in theme.sidebar: "" @ http://localhost:8503/static/js/index.CqTPbV5Y.js:45
[  152247ms] [WARNING] Invalid color passed for widgetBorderColor in theme.sidebar: "" @ http://localhost:8503/static/js/index.CqTPbV5Y.js:45
[  152247ms] [WARNING] Invalid color passed for skeletonBackgroundColor in theme.sidebar: "" @ http://localhost:8503/static/js/index.CqTPbV5Y.js:45
[  152266ms] [WARNING] Invalid color passed for widgetBackgroundColor in theme.sidebar: "" @ http://localhost:8503/static/js/index.CqTPbV5Y.js:45
[  152267ms] [WARNING] Invalid color passed for widgetBorderColor in theme.sidebar: "" @ http://localhost:8503/static/js/index.CqTPbV5Y.js:45
[  152267ms] [WARNING] Invalid color passed for skeletonBackgroundColor in theme.sidebar: "" @ http://localhost:8503/static/js/index.CqTPbV5Y.js:45
[  152287ms] [WARNING] Invalid color passed for widgetBackgroundColor in theme.sidebar: "" @ http://localhost:8503/static/js/index.CqTPbV5Y.js:45
[  152287ms] [WARNING] Invalid color passed for widgetBorderColor in theme.sidebar: "" @ http://localhost:8503/static/js/index.CqTPbV5Y.js:45
[  152287ms] [WARNING] Invalid color passed for skeletonBackgroundColor in theme.sidebar: "" @ http://localhost:8503/static/js/index.CqTPbV5Y.js:45
[  152310ms] [WARNING] Invalid color passed for widgetBackgroundColor in theme.sidebar: "" @ http://localhost:8503/static/js/index.CqTPbV5Y.js:45
[  152310ms] [WARNING] Invalid color passed for widgetBorderColor in theme.sidebar: "" @ http://localhost:8503/static/js/index.CqTPbV5Y.js:45
[  152310ms] [WARNING] Invalid color passed for skeletonBackgroundColor in theme.sidebar: "" @ http://localhost:8503/static/js/index.CqTPbV5Y.js:45
[  152331ms] [WARNING] Invalid color passed for widgetBackgroundColor in theme.sidebar: "" @ http://localhost:8503/static/js/index.CqTPbV5Y.js:45
[  152331ms] [WARNING] Invalid color passed for widgetBorderColor in theme.sidebar: "" @ http://localhost:8503/static/js/index.CqTPbV5Y.js:45
[  152331ms] [WARNING] Invalid color passed for skeletonBackgroundColor in theme.sidebar: "" @ http://localhost:8503/static/js/index.CqTPbV5Y.js:45
[  152348ms] [WARNING] Invalid color passed for widgetBackgroundColor in theme.sidebar: "" @ http://localhost:8503/static/js/index.CqTPbV5Y.js:45
[  152348ms] [WARNING] Invalid color passed for widgetBorderColor in theme.sidebar: "" @ http://localhost:8503/static/js/index.CqTPbV5Y.js:45
[  152348ms] [WARNING] Invalid color passed for skeletonBackgroundColor in theme.sidebar: "" @ http://localhost:8503/static/js/index.CqTPbV5Y.js:45
[  152379ms] [WARNING] Invalid color passed for widgetBackgroundColor in theme.sidebar: "" @ http://localhost:8503/static/js/index.CqTPbV5Y.js:45
[  152379ms] [WARNING] Invalid color passed for widgetBorderColor in theme.sidebar: "" @ http://localhost:8503/static/js/index.CqTPbV5Y.js:45
[  152379ms] [WARNING] Invalid color passed for skeletonBackgroundColor in theme.sidebar: "" @ http://localhost:8503/static/js/index.CqTPbV5Y.js:45
[  152546ms] [WARNING] Invalid color passed for widgetBackgroundColor in theme.sidebar: "" @ http://localhost:8503/static/js/index.CqTPbV5Y.js:45
[  152547ms] [WARNING] Invalid color passed for widgetBorderColor in theme.sidebar: "" @ http://localhost:8503/static/js/index.CqTPbV5Y.js:45
[  152547ms] [WARNING] Invalid color passed for skeletonBackgroundColor in theme.sidebar: "" @ http://localhost:8503/static/js/index.CqTPbV5Y.js:45
[  152562ms] [WARNING] Invalid color passed for widgetBackgroundColor in theme.sidebar: "" @ http://localhost:8503/static/js/index.CqTPbV5Y.js:45
[  152562ms] [WARNING] Invalid color passed for widgetBorderColor in theme.sidebar: "" @ http://localhost:8503/static/js/index.CqTPbV5Y.js:45
[  152562ms] [WARNING] Invalid color passed for skeletonBackgroundColor in theme.sidebar: "" @ http://localhost:8503/static/js/index.CqTPbV5Y.js:45
[  152584ms] [WARNING] Invalid color passed for widgetBackgroundColor in theme.sidebar: "" @ http://localhost:8503/static/js/index.CqTPbV5Y.js:45
[  152585ms] [WARNING] Invalid color passed for widgetBorderColor in theme.sidebar: "" @ http://localhost:8503/static/js/index.CqTPbV5Y.js:45
[  152585ms] [WARNING] Invalid color passed for skeletonBackgroundColor in theme.sidebar: "" @ http://localhost:8503/static/js/index.CqTPbV5Y.js:45
[  158398ms] [WARNING] Invalid color passed for widgetBackgroundColor in theme.sidebar: "" @ http://localhost:8503/static/js/index.CqTPbV5Y.js:45
[  158398ms] [WARNING] Invalid color passed for widgetBorderColor in theme.sidebar: "" @ http://localhost:8503/static/js/index.CqTPbV5Y.js:45
[  158398ms] [WARNING] Invalid color passed for skeletonBackgroundColor in theme.sidebar: "" @ http://localhost:8503/static/js/index.CqTPbV5Y.js:45
[  158417ms] [WARNING] Invalid color passed for widgetBackgroundColor in theme.sidebar: "" @ http://localhost:8503/static/js/index.CqTPbV5Y.js:45
[  158417ms] [WARNING] Invalid color passed for widgetBorderColor in theme.sidebar: "" @ http://localhost:8503/static/js/index.CqTPbV5Y.js:45
[  158417ms] [WARNING] Invalid color passed for skeletonBackgroundColor in theme.sidebar: "" @ http://localhost:8503/static/js/index.CqTPbV5Y.js:45
[  158439ms] [WARNING] Invalid color passed for widgetBackgroundColor in theme.sidebar: "" @ http://localhost:8503/static/js/index.CqTPbV5Y.js:45
[  158439ms] [WARNING] Invalid color passed for widgetBorderColor in theme.sidebar: "" @ http://localhost:8503/static/js/index.CqTPbV5Y.js:45
[  158439ms] [WARNING] Invalid color passed for skeletonBackgroundColor in theme.sidebar: "" @ http://localhost:8503/static/js/index.CqTPbV5Y.js:45
[  158491ms] [WARNING] Invalid color passed for widgetBackgroundColor in theme.sidebar: "" @ http://localhost:8503/static/js/index.CqTPbV5Y.js:45
[  158491ms] [WARNING] Invalid color passed for widgetBorderColor in theme.sidebar: "" @ http://localhost:8503/static/js/index.CqTPbV5Y.js:45
[  158492ms] [WARNING] Invalid color passed for skeletonBackgroundColor in theme.sidebar: "" @ http://localhost:8503/static/js/index.CqTPbV5Y.js:45
[  158511ms] [WARNING] Invalid color passed for widgetBackgroundColor in theme.sidebar: "" @ http://localhost:8503/static/js/index.CqTPbV5Y.js:45
[  158511ms] [WARNING] Invalid color passed for widgetBorderColor in theme.sidebar: "" @ http://localhost:8503/static/js/index.CqTPbV5Y.js:45
[  158512ms] [WARNING] Invalid color passed for skeletonBackgroundColor in theme.sidebar: "" @ http://localhost:8503/static/js/index.CqTPbV5Y.js:45
[  158528ms] [WARNING] Invalid color passed for widgetBackgroundColor in theme.sidebar: "" @ http://localhost:8503/static/js/index.CqTPbV5Y.js:45
[  158528ms] [WARNING] Invalid color passed for widgetBorderColor in theme.sidebar: "" @ http://localhost:8503/static/js/index.CqTPbV5Y.js:45
[  158528ms] [WARNING] Invalid color passed for skeletonBackgroundColor in theme.sidebar: "" @ http://localhost:8503/static/js/index.CqTPbV5Y.js:45
[  158567ms] [WARNING] Invalid color passed for widgetBackgroundColor in theme.sidebar: "" @ http://localhost:8503/static/js/index.CqTPbV5Y.js:45
[  158568ms] [WARNING] Invalid color passed for widgetBorderColor in theme.sidebar: "" @ http://localhost:8503/static/js/index.CqTPbV5Y.js:45
[  158568ms] [WARNING] Invalid color passed for skeletonBackgroundColor in theme.sidebar: "" @ http://localhost:8503/static/js/index.CqTPbV5Y.js:45
[  158586ms] [WARNING] Invalid color passed for widgetBackgroundColor in theme.sidebar: "" @ http://localhost:8503/static/js/index.CqTPbV5Y.js:45
[  158586ms] [WARNING] Invalid color passed for widgetBorderColor in theme.sidebar: "" @ http://localhost:8503/static/js/index.CqTPbV5Y.js:45
[  158586ms] [WARNING] Invalid color passed for skeletonBackgroundColor in theme.sidebar: "" @ http://localhost:8503/static/js/index.CqTPbV5Y.js:45
[  158603ms] [WARNING] Invalid color passed for widgetBackgroundColor in theme.sidebar: "" @ http://localhost:8503/static/js/index.CqTPbV5Y.js:45
[  158604ms] [WARNING] Invalid color passed for widgetBorderColor in theme.sidebar: "" @ http://localhost:8503/static/js/index.CqTPbV5Y.js:45
[  158604ms] [WARNING] Invalid color passed for skeletonBackgroundColor in theme.sidebar: "" @ http://localhost:8503/static/js/index.CqTPbV5Y.js:45
[  159112ms] [WARNING] Invalid color passed for widgetBackgroundColor in theme.sidebar: "" @ http://localhost:8503/static/js/index.CqTPbV5Y.js:45
[  159112ms] [WARNING] Invalid color passed for widgetBorderColor in theme.sidebar: "" @ http://localhost:8503/static/js/index.CqTPbV5Y.js:45
[  159112ms] [WARNING] Invalid color passed for skeletonBackgroundColor in theme.sidebar: "" @ http://localhost:8503/static/js/index.CqTPbV5Y.js:45
[  159132ms] [WARNING] Invalid color passed for widgetBackgroundColor in theme.sidebar: "" @ http://localhost:8503/static/js/index.CqTPbV5Y.js:45
[  159132ms] [WARNING] Invalid color passed for widgetBorderColor in theme.sidebar: "" @ http://localhost:8503/static/js/index.CqTPbV5Y.js:45
[  159132ms] [WARNING] Invalid color passed for skeletonBackgroundColor in theme.sidebar: "" @ http://localhost:8503/static/js/index.CqTPbV5Y.js:45
[  163157ms] [WARNING] Invalid color passed for widgetBackgroundColor in theme.sidebar: "" @ http://localhost:8503/static/js/index.CqTPbV5Y.js:45
[  163158ms] [WARNING] Invalid color passed for widgetBorderColor in theme.sidebar: "" @ http://localhost:8503/static/js/index.CqTPbV5Y.js:45
[  163158ms] [WARNING] Invalid color passed for skeletonBackgroundColor in theme.sidebar: "" @ http://localhost:8503/static/js/index.CqTPbV5Y.js:45
[  163171ms] [WARNING] Invalid color passed for widgetBackgroundColor in theme.sidebar: "" @ http://localhost:8503/static/js/index.CqTPbV5Y.js:45
[  163172ms] [WARNING] Invalid color passed for widgetBorderColor in theme.sidebar: "" @ http://localhost:8503/static/js/index.CqTPbV5Y.js:45
[  163172ms] [WARNING] Invalid color passed for skeletonBackgroundColor in theme.sidebar: "" @ http://localhost:8503/static/js/index.CqTPbV5Y.js:45
[  163185ms] [WARNING] Invalid color passed for widgetBackgroundColor in theme.sidebar: "" @ http://localhost:8503/static/js/index.CqTPbV5Y.js:45
[  163185ms] [WARNING] Invalid color passed for widgetBorderColor in theme.sidebar: "" @ http://localhost:8503/static/js/index.CqTPbV5Y.js:45
[  163185ms] [WARNING] Invalid color passed for skeletonBackgroundColor in theme.sidebar: "" @ http://localhost:8503/static/js/index.CqTPbV5Y.js:45
[  163344ms] [WARNING] Invalid color passed for widgetBackgroundColor in theme.sidebar: "" @ http://localhost:8503/static/js/index.CqTPbV5Y.js:45
[  163344ms] [WARNING] Invalid color passed for widgetBorderColor in theme.sidebar: "" @ http://localhost:8503/static/js/index.CqTPbV5Y.js:45
[  163344ms] [WARNING] Invalid color passed for skeletonBackgroundColor in theme.sidebar: "" @ http://localhost:8503/static/js/index.CqTPbV5Y.js:45
[  163355ms] [WARNING] Invalid color passed for widgetBackgroundColor in theme.sidebar: "" @ http://localhost:8503/static/js/index.CqTPbV5Y.js:45
[  163355ms] [WARNING] Invalid color passed for widgetBorderColor in theme.sidebar: "" @ http://localhost:8503/static/js/index.CqTPbV5Y.js:45
[  163355ms] [WARNING] Invalid color passed for skeletonBackgroundColor in theme.sidebar: "" @ http://localhost:8503/static/js/index.CqTPbV5Y.js:45
[  163370ms] [WARNING] Invalid color passed for widgetBackgroundColor in theme.sidebar: "" @ http://localhost:8503/static/js/index.CqTPbV5Y.js:45
[  163370ms] [WARNING] Invalid color passed for widgetBorderColor in theme.sidebar: "" @ http://localhost:8503/static/js/index.CqTPbV5Y.js:45
[  163370ms] [WARNING] Invalid color passed for skeletonBackgroundColor in theme.sidebar: "" @ http://localhost:8503/static/js/index.CqTPbV5Y.js:45
[  163387ms] [WARNING] Invalid color passed for widgetBackgroundColor in theme.sidebar: "" @ http://localhost:8503/static/js/index.CqTPbV5Y.js:45
[  163387ms] [WARNING] Invalid color passed for widgetBorderColor in theme.sidebar: "" @ http://localhost:8503/static/js/index.CqTPbV5Y.js:45
[  163387ms] [WARNING] Invalid color passed for skeletonBackgroundColor in theme.sidebar: "" @ http://localhost:8503/static/js/index.CqTPbV5Y.js:45
[  316592ms] [WARNING] WebSocket onclose @ http://localhost:8503/static/js/index.CqTPbV5Y.js:146
[  316595ms] [WARNING] Invalid color passed for widgetBackgroundColor in theme.sidebar: "" @ http://localhost:8503/static/js/index.CqTPbV5Y.js:45
[  316595ms] [WARNING] Invalid color passed for widgetBorderColor in theme.sidebar: "" @ http://localhost:8503/static/js/index.CqTPbV5Y.js:45
[  316595ms] [WARNING] Invalid color passed for skeletonBackgroundColor in theme.sidebar: "" @ http://localhost:8503/static/js/index.CqTPbV5Y.js:45
[  318915ms] [ERROR] Failed to load resource: net::ERR_CONNECTION_REFUSED @ http://localhost:8503/D%C3%A9mo/_stcore/health:0
[  318928ms] [ERROR] Failed to load resource: net::ERR_CONNECTION_REFUSED @ http://localhost:8503/D%C3%A9mo/_stcore/host-config:0
[  319195ms] [ERROR] Failed to load resource: net::ERR_CONNECTION_REFUSED @ http://localhost:8503/_stcore/health:0
[  321361ms] [ERROR] Failed to load resource: net::ERR_CONNECTION_REFUSED @ http://localhost:8503/_stcore/host-config:0
[  321361ms] [ERROR] Failed to load resource: net::ERR_CONNECTION_REFUSED @ http://localhost:8503/D%C3%A9mo/_stcore/health:0
[  321659ms] [ERROR] Failed to load resource: net::ERR_CONNECTION_REFUSED @ http://localhost:8503/D%C3%A9mo/_stcore/host-config:0
[  321659ms] [ERROR] Failed to load resource: net::ERR_CONNECTION_REFUSED @ http://localhost:8503/_stcore/health:0
[  323946ms] [ERROR] Failed to load resource: net::ERR_CONNECTION_REFUSED @ http://localhost:8503/_stcore/host-config:0
[  323946ms] [ERROR] Failed to load resource: net::ERR_CONNECTION_REFUSED @ http://localhost:8503/D%C3%A9mo/_stcore/health:0
[  324197ms] [ERROR] Failed to load resource: net::ERR_CONNECTION_REFUSED @ http://localhost:8503/D%C3%A9mo/_stcore/host-config:0
[  324739ms] [WARNING] Invalid color passed for widgetBackgroundColor in theme.sidebar: "" @ http://localhost:8503/static/js/index.CqTPbV5Y.js:45
[  324740ms] [WARNING] Invalid color passed for widgetBorderColor in theme.sidebar: "" @ http://localhost:8503/static/js/index.CqTPbV5Y.js:45
[  324740ms] [WARNING] Invalid color passed for skeletonBackgroundColor in theme.sidebar: "" @ http://localhost:8503/static/js/index.CqTPbV5Y.js:45
[  324768ms] [WARNING] Invalid color passed for widgetBackgroundColor in theme.sidebar: "" @ http://localhost:8503/static/js/index.CqTPbV5Y.js:45
[  324768ms] [WARNING] Invalid color passed for widgetBorderColor in theme.sidebar: "" @ http://localhost:8503/static/js/index.CqTPbV5Y.js:45
[  324768ms] [WARNING] Invalid color passed for skeletonBackgroundColor in theme.sidebar: "" @ http://localhost:8503/static/js/index.CqTPbV5Y.js:45
[  324785ms] [WARNING] Invalid color passed for widgetBackgroundColor in theme.sidebar: "" @ http://localhost:8503/static/js/index.CqTPbV5Y.js:45
[  324785ms] [WARNING] Invalid color passed for widgetBorderColor in theme.sidebar: "" @ http://localhost:8503/static/js/index.CqTPbV5Y.js:45
[  324785ms] [WARNING] Invalid color passed for skeletonBackgroundColor in theme.sidebar: "" @ http://localhost:8503/static/js/index.CqTPbV5Y.js:45
