[     185ms] [ERROR] Failed to load resource: the server responded with a status of 404 (Not Found) @ http://localhost:8503/D%C3%A9mo/_stcore/health:0
[     185ms] [ERROR] Failed to load resource: the server responded with a status of 404 (Not Found) @ http://localhost:8503/D%C3%A9mo/_stcore/host-config:0
[     360ms] [WARNING] Invalid color passed for widgetBackgroundColor in theme.sidebar: "" @ http://localhost:8503/static/js/index.CqTPbV5Y.js:45
[     360ms] [WARNING] Invalid color passed for widgetBorderColor in theme.sidebar: "" @ http://localhost:8503/static/js/index.CqTPbV5Y.js:45
[     360ms] [WARNING] Invalid color passed for skeletonBackgroundColor in theme.sidebar: "" @ http://localhost:8503/static/js/index.CqTPbV5Y.js:45
[    5381ms] [WARNING] Invalid color passed for widgetBackgroundColor in theme.sidebar: "" @ http://localhost:8503/static/js/index.CqTPbV5Y.js:45
[    5382ms] [WARNING] Invalid color passed for widgetBorderColor in theme.sidebar: "" @ http://localhost:8503/static/js/index.CqTPbV5Y.js:45
[    5382ms] [WARNING] Invalid color passed for skeletonBackgroundColor in theme.sidebar: "" @ http://localhost:8503/static/js/index.CqTPbV5Y.js:45
[    5457ms] [WARNING] Invalid color passed for widgetBackgroundColor in theme.sidebar: "" @ http://localhost:8503/static/js/index.CqTPbV5Y.js:45
[    5458ms] [WARNING] Invalid color passed for widgetBorderColor in theme.sidebar: "" @ http://localhost:8503/static/js/index.CqTPbV5Y.js:45
[    5458ms] [WARNING] Invalid color passed for skeletonBackgroundColor in theme.sidebar: "" @ http://localhost:8503/static/js/index.CqTPbV5Y.js:45
[    5478ms] [WARNING] Invalid color passed for widgetBackgroundColor in theme.sidebar: "" @ http://localhost:8503/static/js/index.CqTPbV5Y.js:45
[    5478ms] [WARNING] Invalid color passed for widgetBorderColor in theme.sidebar: "" @ http://localhost:8503/static/js/index.CqTPbV5Y.js:45
[    5478ms] [WARNING] Invalid color passed for skeletonBackgroundColor in theme.sidebar: "" @ http://localhost:8503/static/js/index.CqTPbV5Y.js:45
[    5490ms] [WARNING] Invalid color passed for widgetBackgroundColor in theme.sidebar: "" @ http://localhost:8503/static/js/index.CqTPbV5Y.js:45
[    5490ms] [WARNING] Invalid color passed for widgetBorderColor in theme.sidebar: "" @ http://localhost:8503/static/js/index.CqTPbV5Y.js:45
[    5490ms] [WARNING] Invalid color passed for skeletonBackgroundColor in theme.sidebar: "" @ http://localhost:8503/static/js/index.CqTPbV5Y.js:45
[    5527ms] [WARNING] Invalid color passed for widgetBackgroundColor in theme.sidebar: "" @ http://localhost:8503/static/js/index.CqTPbV5Y.js:45
[    5527ms] [WARNING] Invalid color passed for widgetBorderColor in theme.sidebar: "" @ http://localhost:8503/static/js/index.CqTPbV5Y.js:45
[    5528ms] [WARNING] Invalid color passed for skeletonBackgroundColor in theme.sidebar: "" @ http://localhost:8503/static/js/index.CqTPbV5Y.js:45
[    5541ms] [WARNING] Invalid color passed for widgetBackgroundColor in theme.sidebar: "" @ http://localhost:8503/static/js/index.CqTPbV5Y.js:45
[    5541ms] [WARNING] Invalid color passed for widgetBorderColor in theme.sidebar: "" @ http://localhost:8503/static/js/index.CqTPbV5Y.js:45
[    5541ms] [WARNING] Invalid color passed for skeletonBackgroundColor in theme.sidebar: "" @ http://localhost:8503/static/js/index.CqTPbV5Y.js:45
[    5551ms] [WARNING] Invalid color passed for widgetBackgroundColor in theme.sidebar: "" @ http://localhost:8503/static/js/index.CqTPbV5Y.js:45
[    5551ms] [WARNING] Invalid color passed for widgetBorderColor in theme.sidebar: "" @ http://localhost:8503/static/js/index.CqTPbV5Y.js:45
[    5551ms] [WARNING] Invalid color passed for skeletonBackgroundColor in theme.sidebar: "" @ http://localhost:8503/static/js/index.CqTPbV5Y.js:45
[    5558ms] [WARNING] Invalid color passed for widgetBackgroundColor in theme.sidebar: "" @ http://localhost:8503/static/js/index.CqTPbV5Y.js:45
[    5558ms] [WARNING] Invalid color passed for widgetBorderColor in theme.sidebar: "" @ http://localhost:8503/static/js/index.CqTPbV5Y.js:45
[    5558ms] [WARNING] Invalid color passed for skeletonBackgroundColor in theme.sidebar: "" @ http://localhost:8503/static/js/index.CqTPbV5Y.js:45
[    6047ms] [WARNING] Invalid color passed for widgetBackgroundColor in theme.sidebar: "" @ http://localhost:8503/static/js/index.CqTPbV5Y.js:45
[    6048ms] [WARNING] Invalid color passed for widgetBorderColor in theme.sidebar: "" @ http://localhost:8503/static/js/index.CqTPbV5Y.js:45
[    6048ms] [WARNING] Invalid color passed for skeletonBackgroundColor in theme.sidebar: "" @ http://localhost:8503/static/js/index.CqTPbV5Y.js:45
[    6053ms] [WARNING] Invalid color passed for widgetBackgroundColor in theme.sidebar: "" @ http://localhost:8503/static/js/index.CqTPbV5Y.js:45
[    6053ms] [WARNING] Invalid color passed for widgetBorderColor in theme.sidebar: "" @ http://localhost:8503/static/js/index.CqTPbV5Y.js:45
[    6053ms] [WARNING] Invalid color passed for skeletonBackgroundColor in theme.sidebar: "" @ http://localhost:8503/static/js/index.CqTPbV5Y.js:45
[   12716ms] [WARNING] Invalid color passed for widgetBackgroundColor in theme.sidebar: "" @ http://localhost:8503/static/js/index.CqTPbV5Y.js:45
[   12716ms] [WARNING] Invalid color passed for widgetBorderColor in theme.sidebar: "" @ http://localhost:8503/static/js/index.CqTPbV5Y.js:45
[   12716ms] [WARNING] Invalid color passed for skeletonBackgroundColor in theme.sidebar: "" @ http://localhost:8503/static/js/index.CqTPbV5Y.js:45
[   12725ms] [WARNING] Invalid color passed for widgetBackgroundColor in theme.sidebar: "" @ http://localhost:8503/static/js/index.CqTPbV5Y.js:45
[   12725ms] [WARNING] Invalid color passed for widgetBorderColor in theme.sidebar: "" @ http://localhost:8503/static/js/index.CqTPbV5Y.js:45
[   12725ms] [WARNING] Invalid color passed for skeletonBackgroundColor in theme.sidebar: "" @ http://localhost:8503/static/js/index.CqTPbV5Y.js:45
[   12765ms] [WARNING] Invalid color passed for widgetBackgroundColor in theme.sidebar: "" @ http://localhost:8503/static/js/index.CqTPbV5Y.js:45
[   12765ms] [WARNING] Invalid color passed for widgetBorderColor in theme.sidebar: "" @ http://localhost:8503/static/js/index.CqTPbV5Y.js:45
[   12765ms] [WARNING] Invalid color passed for skeletonBackgroundColor in theme.sidebar: "" @ http://localhost:8503/static/js/index.CqTPbV5Y.js:45
[   12818ms] [WARNING] Invalid color passed for widgetBackgroundColor in theme.sidebar: "" @ http://localhost:8503/static/js/index.CqTPbV5Y.js:45
[   12819ms] [WARNING] Invalid color passed for widgetBorderColor in theme.sidebar: "" @ http://localhost:8503/static/js/index.CqTPbV5Y.js:45
[   12819ms] [WARNING] Invalid color passed for skeletonBackgroundColor in theme.sidebar: "" @ http://localhost:8503/static/js/index.CqTPbV5Y.js:45
[   49680ms] [WARNING] Invalid color passed for widgetBackgroundColor in theme.sidebar: "" @ http://localhost:8503/static/js/index.CqTPbV5Y.js:45
[   49680ms] [WARNING] Invalid color passed for widgetBorderColor in theme.sidebar: "" @ http://localhost:8503/static/js/index.CqTPbV5Y.js:45
[   49680ms] [WARNING] Invalid color passed for skeletonBackgroundColor in theme.sidebar: "" @ http://localhost:8503/static/js/index.CqTPbV5Y.js:45
[   49697ms] [WARNING] Invalid color passed for widgetBackgroundColor in theme.sidebar: "" @ http://localhost:8503/static/js/index.CqTPbV5Y.js:45
[   49697ms] [WARNING] Invalid color passed for widgetBorderColor in theme.sidebar: "" @ http://localhost:8503/static/js/index.CqTPbV5Y.js:45
[   49697ms] [WARNING] Invalid color passed for skeletonBackgroundColor in theme.sidebar: "" @ http://localhost:8503/static/js/index.CqTPbV5Y.js:45
[   49719ms] [WARNING] Invalid color passed for widgetBackgroundColor in theme.sidebar: "" @ http://localhost:8503/static/js/index.CqTPbV5Y.js:45
[   49720ms] [WARNING] Invalid color passed for widgetBorderColor in theme.sidebar: "" @ http://localhost:8503/static/js/index.CqTPbV5Y.js:45
[   49720ms] [WARNING] Invalid color passed for skeletonBackgroundColor in theme.sidebar: "" @ http://localhost:8503/static/js/index.CqTPbV5Y.js:45
[   49738ms] [WARNING] Invalid color passed for widgetBackgroundColor in theme.sidebar: "" @ http://localhost:8503/static/js/index.CqTPbV5Y.js:45
[   49739ms] [WARNING] Invalid color passed for widgetBorderColor in theme.sidebar: "" @ http://localhost:8503/static/js/index.CqTPbV5Y.js:45
[   49739ms] [WARNING] Invalid color passed for skeletonBackgroundColor in theme.sidebar: "" @ http://localhost:8503/static/js/index.CqTPbV5Y.js:45
[   49759ms] [WARNING] Invalid color passed for widgetBackgroundColor in theme.sidebar: "" @ http://localhost:8503/static/js/index.CqTPbV5Y.js:45
[   49759ms] [WARNING] Invalid color passed for widgetBorderColor in theme.sidebar: "" @ http://localhost:8503/static/js/index.CqTPbV5Y.js:45
[   49759ms] [WARNING] Invalid color passed for skeletonBackgroundColor in theme.sidebar: "" @ http://localhost:8503/static/js/index.CqTPbV5Y.js:45
[   49778ms] [WARNING] Invalid color passed for widgetBackgroundColor in theme.sidebar: "" @ http://localhost:8503/static/js/index.CqTPbV5Y.js:45
[   49778ms] [WARNING] Invalid color passed for widgetBorderColor in theme.sidebar: "" @ http://localhost:8503/static/js/index.CqTPbV5Y.js:45
[   49778ms] [WARNING] Invalid color passed for skeletonBackgroundColor in theme.sidebar: "" @ http://localhost:8503/static/js/index.CqTPbV5Y.js:45
[   49795ms] [WARNING] Invalid color passed for widgetBackgroundColor in theme.sidebar: "" @ http://localhost:8503/static/js/index.CqTPbV5Y.js:45
[   49795ms] [WARNING] Invalid color passed for widgetBorderColor in theme.sidebar: "" @ http://localhost:8503/static/js/index.CqTPbV5Y.js:45
[   49795ms] [WARNING] Invalid color passed for skeletonBackgroundColor in theme.sidebar: "" @ http://localhost:8503/static/js/index.CqTPbV5Y.js:45
[   49822ms] [WARNING] Invalid color passed for widgetBackgroundColor in theme.sidebar: "" @ http://localhost:8503/static/js/index.CqTPbV5Y.js:45
[   49822ms] [WARNING] Invalid color passed for widgetBorderColor in theme.sidebar: "" @ http://localhost:8503/static/js/index.CqTPbV5Y.js:45
[   49823ms] [WARNING] Invalid color passed for skeletonBackgroundColor in theme.sidebar: "" @ http://localhost:8503/static/js/index.CqTPbV5Y.js:45
[   50028ms] [WARNING] Invalid color passed for widgetBackgroundColor in theme.sidebar: "" @ http://localhost:8503/static/js/index.CqTPbV5Y.js:45
[   50028ms] [WARNING] Invalid color passed for widgetBorderColor in theme.sidebar: "" @ http://localhost:8503/static/js/index.CqTPbV5Y.js:45
[   50028ms] [WARNING] Invalid color passed for skeletonBackgroundColor in theme.sidebar: "" @ http://localhost:8503/static/js/index.CqTPbV5Y.js:45
[   50046ms] [WARNING] Invalid color passed for widgetBackgroundColor in theme.sidebar: "" @ http://localhost:8503/static/js/index.CqTPbV5Y.js:45
[   50046ms] [WARNING] Invalid color passed for widgetBorderColor in theme.sidebar: "" @ http://localhost:8503/static/js/index.CqTPbV5Y.js:45
[   50046ms] [WARNING] Invalid color passed for skeletonBackgroundColor in theme.sidebar: "" @ http://localhost:8503/static/js/index.CqTPbV5Y.js:45
[   50076ms] [WARNING] Invalid color passed for widgetBackgroundColor in theme.sidebar: "" @ http://localhost:8503/static/js/index.CqTPbV5Y.js:45
[   50076ms] [WARNING] Invalid color passed for widgetBorderColor in theme.sidebar: "" @ http://localhost:8503/static/js/index.CqTPbV5Y.js:45
[   50076ms] [WARNING] Invalid color passed for skeletonBackgroundColor in theme.sidebar: "" @ http://localhost:8503/static/js/index.CqTPbV5Y.js:45
[   63287ms] [WARNING] Invalid color passed for widgetBackgroundColor in theme.sidebar: "" @ http://localhost:8503/static/js/index.CqTPbV5Y.js:45
[   63288ms] [WARNING] Invalid color passed for widgetBorderColor in theme.sidebar: "" @ http://localhost:8503/static/js/index.CqTPbV5Y.js:45
[   63288ms] [WARNING] Invalid color passed for skeletonBackgroundColor in theme.sidebar: "" @ http://localhost:8503/static/js/index.CqTPbV5Y.js:45
[   63302ms] [WARNING] Invalid color passed for widgetBackgroundColor in theme.sidebar: "" @ http://localhost:8503/static/js/index.CqTPbV5Y.js:45
[   63302ms] [WARNING] Invalid color passed for widgetBorderColor in theme.sidebar: "" @ http://localhost:8503/static/js/index.CqTPbV5Y.js:45
[   63303ms] [WARNING] Invalid color passed for skeletonBackgroundColor in theme.sidebar: "" @ http://localhost:8503/static/js/index.CqTPbV5Y.js:45
[   63320ms] [WARNING] Invalid color passed for widgetBackgroundColor in theme.sidebar: "" @ http://localhost:8503/static/js/index.CqTPbV5Y.js:45
[   63321ms] [WARNING] Invalid color passed for widgetBorderColor in theme.sidebar: "" @ http://localhost:8503/static/js/index.CqTPbV5Y.js:45
[   63321ms] [WARNING] Invalid color passed for skeletonBackgroundColor in theme.sidebar: "" @ http://localhost:8503/static/js/index.CqTPbV5Y.js:45
[   63345ms] [WARNING] Invalid color passed for widgetBackgroundColor in theme.sidebar: "" @ http://localhost:8503/static/js/index.CqTPbV5Y.js:45
[   63345ms] [WARNING] Invalid color passed for widgetBorderColor in theme.sidebar: "" @ http://localhost:8503/static/js/index.CqTPbV5Y.js:45
[   63345ms] [WARNING] Invalid color passed for skeletonBackgroundColor in theme.sidebar: "" @ http://localhost:8503/static/js/index.CqTPbV5Y.js:45
[   63362ms] [WARNING] Invalid color passed for widgetBackgroundColor in theme.sidebar: "" @ http://localhost:8503/static/js/index.CqTPbV5Y.js:45
[   63362ms] [WARNING] Invalid color passed for widgetBorderColor in theme.sidebar: "" @ http://localhost:8503/static/js/index.CqTPbV5Y.js:45
[   63362ms] [WARNING] Invalid color passed for skeletonBackgroundColor in theme.sidebar: "" @ http://localhost:8503/static/js/index.CqTPbV5Y.js:45
[   63377ms] [WARNING] Invalid color passed for widgetBackgroundColor in theme.sidebar: "" @ http://localhost:8503/static/js/index.CqTPbV5Y.js:45
[   63377ms] [WARNING] Invalid color passed for widgetBorderColor in theme.sidebar: "" @ http://localhost:8503/static/js/index.CqTPbV5Y.js:45
[   63377ms] [WARNING] Invalid color passed for skeletonBackgroundColor in theme.sidebar: "" @ http://localhost:8503/static/js/index.CqTPbV5Y.js:45
[   63391ms] [WARNING] Invalid color passed for widgetBackgroundColor in theme.sidebar: "" @ http://localhost:8503/static/js/index.CqTPbV5Y.js:45
[   63391ms] [WARNING] Invalid color passed for widgetBorderColor in theme.sidebar: "" @ http://localhost:8503/static/js/index.CqTPbV5Y.js:45
[   63392ms] [WARNING] Invalid color passed for skeletonBackgroundColor in theme.sidebar: "" @ http://localhost:8503/static/js/index.CqTPbV5Y.js:45
[   63405ms] [WARNING] Invalid color passed for widgetBackgroundColor in theme.sidebar: "" @ http://localhost:8503/static/js/index.CqTPbV5Y.js:45
[   63405ms] [WARNING] Invalid color passed for widgetBorderColor in theme.sidebar: "" @ http://localhost:8503/static/js/index.CqTPbV5Y.js:45
[   63405ms] [WARNING] Invalid color passed for skeletonBackgroundColor in theme.sidebar: "" @ http://localhost:8503/static/js/index.CqTPbV5Y.js:45
[   63419ms] [WARNING] Invalid color passed for widgetBackgroundColor in theme.sidebar: "" @ http://localhost:8503/static/js/index.CqTPbV5Y.js:45
[   63419ms] [WARNING] Invalid color passed for widgetBorderColor in theme.sidebar: "" @ http://localhost:8503/static/js/index.CqTPbV5Y.js:45
[   63419ms] [WARNING] Invalid color passed for skeletonBackgroundColor in theme.sidebar: "" @ http://localhost:8503/static/js/index.CqTPbV5Y.js:45
[   63434ms] [WARNING] Invalid color passed for widgetBackgroundColor in theme.sidebar: "" @ http://localhost:8503/static/js/index.CqTPbV5Y.js:45
[   63434ms] [WARNING] Invalid color passed for widgetBorderColor in theme.sidebar: "" @ http://localhost:8503/static/js/index.CqTPbV5Y.js:45
[   63434ms] [WARNING] Invalid color passed for skeletonBackgroundColor in theme.sidebar: "" @ http://localhost:8503/static/js/index.CqTPbV5Y.js:45
[   63454ms] [WARNING] Invalid color passed for widgetBackgroundColor in theme.sidebar: "" @ http://localhost:8503/static/js/index.CqTPbV5Y.js:45
[   63454ms] [WARNING] Invalid color passed for widgetBorderColor in theme.sidebar: "" @ http://localhost:8503/static/js/index.CqTPbV5Y.js:45
[   63454ms] [WARNING] Invalid color passed for skeletonBackgroundColor in theme.sidebar: "" @ http://localhost:8503/static/js/index.CqTPbV5Y.js:45
[   63941ms] [WARNING] Invalid color passed for widgetBackgroundColor in theme.sidebar: "" @ http://localhost:8503/static/js/index.CqTPbV5Y.js:45
[   63941ms] [WARNING] Invalid color passed for widgetBorderColor in theme.sidebar: "" @ http://localhost:8503/static/js/index.CqTPbV5Y.js:45
[   63941ms] [WARNING] Invalid color passed for skeletonBackgroundColor in theme.sidebar: "" @ http://localhost:8503/static/js/index.CqTPbV5Y.js:45
[   67774ms] [WARNING] Invalid color passed for widgetBackgroundColor in theme.sidebar: "" @ http://localhost:8503/static/js/index.CqTPbV5Y.js:45
[   67774ms] [WARNING] Invalid color passed for widgetBorderColor in theme.sidebar: "" @ http://localhost:8503/static/js/index.CqTPbV5Y.js:45
[   67774ms] [WARNING] Invalid color passed for skeletonBackgroundColor in theme.sidebar: "" @ http://localhost:8503/static/js/index.CqTPbV5Y.js:45
[   67786ms] [WARNING] Invalid color passed for widgetBackgroundColor in theme.sidebar: "" @ http://localhost:8503/static/js/index.CqTPbV5Y.js:45
[   67787ms] [WARNING] Invalid color passed for widgetBorderColor in theme.sidebar: "" @ http://localhost:8503/static/js/index.CqTPbV5Y.js:45
[   67787ms] [WARNING] Invalid color passed for skeletonBackgroundColor in theme.sidebar: "" @ http://localhost:8503/static/js/index.CqTPbV5Y.js:45
[   67798ms] [WARNING] Invalid color passed for widgetBackgroundColor in theme.sidebar: "" @ http://localhost:8503/static/js/index.CqTPbV5Y.js:45
[   67798ms] [WARNING] Invalid color passed for widgetBorderColor in theme.sidebar: "" @ http://localhost:8503/static/js/index.CqTPbV5Y.js:45
[   67798ms] [WARNING] Invalid color passed for skeletonBackgroundColor in theme.sidebar: "" @ http://localhost:8503/static/js/index.CqTPbV5Y.js:45
[   67813ms] [WARNING] Invalid color passed for widgetBackgroundColor in theme.sidebar: "" @ http://localhost:8503/static/js/index.CqTPbV5Y.js:45
[   67814ms] [WARNING] Invalid color passed for widgetBorderColor in theme.sidebar: "" @ http://localhost:8503/static/js/index.CqTPbV5Y.js:45
[   67814ms] [WARNING] Invalid color passed for skeletonBackgroundColor in theme.sidebar: "" @ http://localhost:8503/static/js/index.CqTPbV5Y.js:45
[   67828ms] [WARNING] Invalid color passed for widgetBackgroundColor in theme.sidebar: "" @ http://localhost:8503/static/js/index.CqTPbV5Y.js:45
[   67828ms] [WARNING] Invalid color passed for widgetBorderColor in theme.sidebar: "" @ http://localhost:8503/static/js/index.CqTPbV5Y.js:45
[   67828ms] [WARNING] Invalid color passed for skeletonBackgroundColor in theme.sidebar: "" @ http://localhost:8503/static/js/index.CqTPbV5Y.js:45
[   68246ms] [WARNING] Invalid color passed for widgetBackgroundColor in theme.sidebar: "" @ http://localhost:8503/static/js/index.CqTPbV5Y.js:45
[   68246ms] [WARNING] Invalid color passed for widgetBorderColor in theme.sidebar: "" @ http://localhost:8503/static/js/index.CqTPbV5Y.js:45
[   68246ms] [WARNING] Invalid color passed for skeletonBackgroundColor in theme.sidebar: "" @ http://localhost:8503/static/js/index.CqTPbV5Y.js:45
[   68272ms] [WARNING] Invalid color passed for widgetBackgroundColor in theme.sidebar: "" @ http://localhost:8503/static/js/index.CqTPbV5Y.js:45
[   68272ms] [WARNING] Invalid color passed for widgetBorderColor in theme.sidebar: "" @ http://localhost:8503/static/js/index.CqTPbV5Y.js:45
[   68272ms] [WARNING] Invalid color passed for skeletonBackgroundColor in theme.sidebar: "" @ http://localhost:8503/static/js/index.CqTPbV5Y.js:45
[   68320ms] [WARNING] Invalid color passed for widgetBackgroundColor in theme.sidebar: "" @ http://localhost:8503/static/js/index.CqTPbV5Y.js:45
[   68320ms] [WARNING] Invalid color passed for widgetBorderColor in theme.sidebar: "" @ http://localhost:8503/static/js/index.CqTPbV5Y.js:45
[   68320ms] [WARNING] Invalid color passed for skeletonBackgroundColor in theme.sidebar: "" @ http://localhost:8503/static/js/index.CqTPbV5Y.js:45
[   68546ms] [WARNING] Invalid color passed for widgetBackgroundColor in theme.sidebar: "" @ http://localhost:8503/static/js/index.CqTPbV5Y.js:45
[   68547ms] [WARNING] Invalid color passed for widgetBorderColor in theme.sidebar: "" @ http://localhost:8503/static/js/index.CqTPbV5Y.js:45
[   68547ms] [WARNING] Invalid color passed for skeletonBackgroundColor in theme.sidebar: "" @ http://localhost:8503/static/js/index.CqTPbV5Y.js:45
[   70245ms] [WARNING] Invalid color passed for widgetBackgroundColor in theme.sidebar: "" @ http://localhost:8503/static/js/index.CqTPbV5Y.js:45
[   70245ms] [WARNING] Invalid color passed for widgetBorderColor in theme.sidebar: "" @ http://localhost:8503/static/js/index.CqTPbV5Y.js:45
[   70245ms] [WARNING] Invalid color passed for skeletonBackgroundColor in theme.sidebar: "" @ http://localhost:8503/static/js/index.CqTPbV5Y.js:45
[   70258ms] [WARNING] Invalid color passed for widgetBackgroundColor in theme.sidebar: "" @ http://localhost:8503/static/js/index.CqTPbV5Y.js:45
[   70259ms] [WARNING] Invalid color passed for widgetBorderColor in theme.sidebar: "" @ http://localhost:8503/static/js/index.CqTPbV5Y.js:45
[   70259ms] [WARNING] Invalid color passed for skeletonBackgroundColor in theme.sidebar: "" @ http://localhost:8503/static/js/index.CqTPbV5Y.js:45
[   70272ms] [WARNING] Invalid color passed for widgetBackgroundColor in theme.sidebar: "" @ http://localhost:8503/static/js/index.CqTPbV5Y.js:45
[   70272ms] [WARNING] Invalid color passed for widgetBorderColor in theme.sidebar: "" @ http://localhost:8503/static/js/index.CqTPbV5Y.js:45
[   70272ms] [WARNING] Invalid color passed for skeletonBackgroundColor in theme.sidebar: "" @ http://localhost:8503/static/js/index.CqTPbV5Y.js:45
[   70289ms] [WARNING] Invalid color passed for widgetBackgroundColor in theme.sidebar: "" @ http://localhost:8503/static/js/index.CqTPbV5Y.js:45
[   70289ms] [WARNING] Invalid color passed for widgetBorderColor in theme.sidebar: "" @ http://localhost:8503/static/js/index.CqTPbV5Y.js:45
[   70289ms] [WARNING] Invalid color passed for skeletonBackgroundColor in theme.sidebar: "" @ http://localhost:8503/static/js/index.CqTPbV5Y.js:45
[  131745ms] [WARNING] Invalid color passed for widgetBackgroundColor in theme.sidebar: "" @ http://localhost:8503/static/js/index.CqTPbV5Y.js:45
[  131745ms] [WARNING] Invalid color passed for widgetBorderColor in theme.sidebar: "" @ http://localhost:8503/static/js/index.CqTPbV5Y.js:45
[  131745ms] [WARNING] Invalid color passed for skeletonBackgroundColor in theme.sidebar: "" @ http://localhost:8503/static/js/index.CqTPbV5Y.js:45
[  131773ms] [WARNING] Invalid color passed for widgetBackgroundColor in theme.sidebar: "" @ http://localhost:8503/static/js/index.CqTPbV5Y.js:45
[  131773ms] [WARNING] Invalid color passed for widgetBorderColor in theme.sidebar: "" @ http://localhost:8503/static/js/index.CqTPbV5Y.js:45
[  131773ms] [WARNING] Invalid color passed for skeletonBackgroundColor in theme.sidebar: "" @ http://localhost:8503/static/js/index.CqTPbV5Y.js:45
[  131803ms] [WARNING] Invalid color passed for widgetBackgroundColor in theme.sidebar: "" @ http://localhost:8503/static/js/index.CqTPbV5Y.js:45
[  131804ms] [WARNING] Invalid color passed for widgetBorderColor in theme.sidebar: "" @ http://localhost:8503/static/js/index.CqTPbV5Y.js:45
[  131804ms] [WARNING] Invalid color passed for skeletonBackgroundColor in theme.sidebar: "" @ http://localhost:8503/static/js/index.CqTPbV5Y.js:45
[  131825ms] [WARNING] Invalid color passed for widgetBackgroundColor in theme.sidebar: "" @ http://localhost:8503/static/js/index.CqTPbV5Y.js:45
[  131826ms] [WARNING] Invalid color passed for widgetBorderColor in theme.sidebar: "" @ http://localhost:8503/static/js/index.CqTPbV5Y.js:45
[  131826ms] [WARNING] Invalid color passed for skeletonBackgroundColor in theme.sidebar: "" @ http://localhost:8503/static/js/index.CqTPbV5Y.js:45
[  131845ms] [WARNING] Invalid color passed for widgetBackgroundColor in theme.sidebar: "" @ http://localhost:8503/static/js/index.CqTPbV5Y.js:45
[  131846ms] [WARNING] Invalid color passed for widgetBorderColor in theme.sidebar: "" @ http://localhost:8503/static/js/index.CqTPbV5Y.js:45
[  131846ms] [WARNING] Invalid color passed for skeletonBackgroundColor in theme.sidebar: "" @ http://localhost:8503/static/js/index.CqTPbV5Y.js:45
[  131864ms] [WARNING] Invalid color passed for widgetBackgroundColor in theme.sidebar: "" @ http://localhost:8503/static/js/index.CqTPbV5Y.js:45
[  131865ms] [WARNING] Invalid color passed for widgetBorderColor in theme.sidebar: "" @ http://localhost:8503/static/js/index.CqTPbV5Y.js:45
[  131865ms] [WARNING] Invalid color passed for skeletonBackgroundColor in theme.sidebar: "" @ http://localhost:8503/static/js/index.CqTPbV5Y.js:45
[  131881ms] [WARNING] Invalid color passed for widgetBackgroundColor in theme.sidebar: "" @ http://localhost:8503/static/js/index.CqTPbV5Y.js:45
[  131881ms] [WARNING] Invalid color passed for widgetBorderColor in theme.sidebar: "" @ http://localhost:8503/static/js/index.CqTPbV5Y.js:45
[  131881ms] [WARNING] Invalid color passed for skeletonBackgroundColor in theme.sidebar: "" @ http://localhost:8503/static/js/index.CqTPbV5Y.js:45
[  131900ms] [WARNING] Invalid color passed for widgetBackgroundColor in theme.sidebar: "" @ http://localhost:8503/static/js/index.CqTPbV5Y.js:45
[  131900ms] [WARNING] Invalid color passed for widgetBorderColor in theme.sidebar: "" @ http://localhost:8503/static/js/index.CqTPbV5Y.js:45
[  131900ms] [WARNING] Invalid color passed for skeletonBackgroundColor in theme.sidebar: "" @ http://localhost:8503/static/js/index.CqTPbV5Y.js:45
[  132092ms] [WARNING] Invalid color passed for widgetBackgroundColor in theme.sidebar: "" @ http://localhost:8503/static/js/index.CqTPbV5Y.js:45
[  132092ms] [WARNING] Invalid color passed for widgetBorderColor in theme.sidebar: "" @ http://localhost:8503/static/js/index.CqTPbV5Y.js:45
[  132092ms] [WARNING] Invalid color passed for skeletonBackgroundColor in theme.sidebar: "" @ http://localhost:8503/static/js/index.CqTPbV5Y.js:45
[  132106ms] [WARNING] Invalid color passed for widgetBackgroundColor in theme.sidebar: "" @ http://localhost:8503/static/js/index.CqTPbV5Y.js:45
[  132106ms] [WARNING] Invalid color passed for widgetBorderColor in theme.sidebar: "" @ http://localhost:8503/static/js/index.CqTPbV5Y.js:45
[  132106ms] [WARNING] Invalid color passed for skeletonBackgroundColor in theme.sidebar: "" @ http://localhost:8503/static/js/index.CqTPbV5Y.js:45
[  132124ms] [WARNING] Invalid color passed for widgetBackgroundColor in theme.sidebar: "" @ http://localhost:8503/static/js/index.CqTPbV5Y.js:45
[  132124ms] [WARNING] Invalid color passed for widgetBorderColor in theme.sidebar: "" @ http://localhost:8503/static/js/index.CqTPbV5Y.js:45
[  132124ms] [WARNING] Invalid color passed for skeletonBackgroundColor in theme.sidebar: "" @ http://localhost:8503/static/js/index.CqTPbV5Y.js:45
[  139252ms] [WARNING] Invalid color passed for widgetBackgroundColor in theme.sidebar: "" @ http://localhost:8503/static/js/index.CqTPbV5Y.js:45
[  139252ms] [WARNING] Invalid color passed for widgetBorderColor in theme.sidebar: "" @ http://localhost:8503/static/js/index.CqTPbV5Y.js:45
[  139252ms] [WARNING] Invalid color passed for skeletonBackgroundColor in theme.sidebar: "" @ http://localhost:8503/static/js/index.CqTPbV5Y.js:45
[  139274ms] [WARNING] Invalid color passed for widgetBackgroundColor in theme.sidebar: "" @ http://localhost:8503/static/js/index.CqTPbV5Y.js:45
[  139275ms] [WARNING] Invalid color passed for widgetBorderColor in theme.sidebar: "" @ http://localhost:8503/static/js/index.CqTPbV5Y.js:45
[  139275ms] [WARNING] Invalid color passed for skeletonBackgroundColor in theme.sidebar: "" @ http://localhost:8503/static/js/index.CqTPbV5Y.js:45
[  139299ms] [WARNING] Invalid color passed for widgetBackgroundColor in theme.sidebar: "" @ http://localhost:8503/static/js/index.CqTPbV5Y.js:45
[  139299ms] [WARNING] Invalid color passed for widgetBorderColor in theme.sidebar: "" @ http://localhost:8503/static/js/index.CqTPbV5Y.js:45
[  139299ms] [WARNING] Invalid color passed for skeletonBackgroundColor in theme.sidebar: "" @ http://localhost:8503/static/js/index.CqTPbV5Y.js:45
[  139337ms] [WARNING] Invalid color passed for widgetBackgroundColor in theme.sidebar: "" @ http://localhost:8503/static/js/index.CqTPbV5Y.js:45
[  139337ms] [WARNING] Invalid color passed for widgetBorderColor in theme.sidebar: "" @ http://localhost:8503/static/js/index.CqTPbV5Y.js:45
[  139337ms] [WARNING] Invalid color passed for skeletonBackgroundColor in theme.sidebar: "" @ http://localhost:8503/static/js/index.CqTPbV5Y.js:45
[  139352ms] [WARNING] Invalid color passed for widgetBackgroundColor in theme.sidebar: "" @ http://localhost:8503/static/js/index.CqTPbV5Y.js:45
[  139353ms] [WARNING] Invalid color passed for widgetBorderColor in theme.sidebar: "" @ http://localhost:8503/static/js/index.CqTPbV5Y.js:45
[  139353ms] [WARNING] Invalid color passed for skeletonBackgroundColor in theme.sidebar: "" @ http://localhost:8503/static/js/index.CqTPbV5Y.js:45
[  139367ms] [WARNING] Invalid color passed for widgetBackgroundColor in theme.sidebar: "" @ http://localhost:8503/static/js/index.CqTPbV5Y.js:45
[  139368ms] [WARNING] Invalid color passed for widgetBorderColor in theme.sidebar: "" @ http://localhost:8503/static/js/index.CqTPbV5Y.js:45
[  139368ms] [WARNING] Invalid color passed for skeletonBackgroundColor in theme.sidebar: "" @ http://localhost:8503/static/js/index.CqTPbV5Y.js:45
[  139389ms] [WARNING] Invalid color passed for widgetBackgroundColor in theme.sidebar: "" @ http://localhost:8503/static/js/index.CqTPbV5Y.js:45
[  139389ms] [WARNING] Invalid color passed for widgetBorderColor in theme.sidebar: "" @ http://localhost:8503/static/js/index.CqTPbV5Y.js:45
[  139389ms] [WARNING] Invalid color passed for skeletonBackgroundColor in theme.sidebar: "" @ http://localhost:8503/static/js/index.CqTPbV5Y.js:45
[  139405ms] [WARNING] Invalid color passed for widgetBackgroundColor in theme.sidebar: "" @ http://localhost:8503/static/js/index.CqTPbV5Y.js:45
[  139405ms] [WARNING] Invalid color passed for widgetBorderColor in theme.sidebar: "" @ http://localhost:8503/static/js/index.CqTPbV5Y.js:45
[  139405ms] [WARNING] Invalid color passed for skeletonBackgroundColor in theme.sidebar: "" @ http://localhost:8503/static/js/index.CqTPbV5Y.js:45
[  139604ms] [WARNING] Invalid color passed for widgetBackgroundColor in theme.sidebar: "" @ http://localhost:8503/static/js/index.CqTPbV5Y.js:45
[  139604ms] [WARNING] Invalid color passed for widgetBorderColor in theme.sidebar: "" @ http://localhost:8503/static/js/index.CqTPbV5Y.js:45
[  139604ms] [WARNING] Invalid color passed for skeletonBackgroundColor in theme.sidebar: "" @ http://localhost:8503/static/js/index.CqTPbV5Y.js:45
[  139615ms] [WARNING] Invalid color passed for widgetBackgroundColor in theme.sidebar: "" @ http://localhost:8503/static/js/index.CqTPbV5Y.js:45
[  139615ms] [WARNING] Invalid color passed for widgetBorderColor in theme.sidebar: "" @ http://localhost:8503/static/js/index.CqTPbV5Y.js:45
[  139615ms] [WARNING] Invalid color passed for skeletonBackgroundColor in theme.sidebar: "" @ http://localhost:8503/static/js/index.CqTPbV5Y.js:45
[  139636ms] [WARNING] Invalid color passed for widgetBackgroundColor in theme.sidebar: "" @ http://localhost:8503/static/js/index.CqTPbV5Y.js:45
[  139636ms] [WARNING] Invalid color passed for widgetBorderColor in theme.sidebar: "" @ http://localhost:8503/static/js/index.CqTPbV5Y.js:45
[  139636ms] [WARNING] Invalid color passed for skeletonBackgroundColor in theme.sidebar: "" @ http://localhost:8503/static/js/index.CqTPbV5Y.js:45
[  149794ms] [WARNING] Invalid color passed for widgetBackgroundColor in theme.sidebar: "" @ http://localhost:8503/static/js/index.CqTPbV5Y.js:45
[  149794ms] [WARNING] Invalid color passed for widgetBorderColor in theme.sidebar: "" @ http://localhost:8503/static/js/index.CqTPbV5Y.js:45
[  149795ms] [WARNING] Invalid color passed for skeletonBackgroundColor in theme.sidebar: "" @ http://localhost:8503/static/js/index.CqTPbV5Y.js:45
[  149815ms] [WARNING] Invalid color passed for widgetBackgroundColor in theme.sidebar: "" @ http://localhost:8503/static/js/index.CqTPbV5Y.js:45
[  149815ms] [WARNING] Invalid color passed for widgetBorderColor in theme.sidebar: "" @ http://localhost:8503/static/js/index.CqTPbV5Y.js:45
[  149815ms] [WARNING] Invalid color passed for skeletonBackgroundColor in theme.sidebar: "" @ http://localhost:8503/static/js/index.CqTPbV5Y.js:45
[  149842ms] [WARNING] Invalid color passed for widgetBackgroundColor in theme.sidebar: "" @ http://localhost:8503/static/js/index.CqTPbV5Y.js:45
[  149843ms] [WARNING] Invalid color passed for widgetBorderColor in theme.sidebar: "" @ http://localhost:8503/static/js/index.CqTPbV5Y.js:45
[  149843ms] [WARNING] Invalid color passed for skeletonBackgroundColor in theme.sidebar: "" @ http://localhost:8503/static/js/index.CqTPbV5Y.js:45
[  149879ms] [WARNING] Invalid color passed for widgetBackgroundColor in theme.sidebar: "" @ http://localhost:8503/static/js/index.CqTPbV5Y.js:45
[  149879ms] [WARNING] Invalid color passed for widgetBorderColor in theme.sidebar: "" @ http://localhost:8503/static/js/index.CqTPbV5Y.js:45
[  149879ms] [WARNING] Invalid color passed for skeletonBackgroundColor in theme.sidebar: "" @ http://localhost:8503/static/js/index.CqTPbV5Y.js:45
[  149900ms] [WARNING] Invalid color passed for widgetBackgroundColor in theme.sidebar: "" @ http://localhost:8503/static/js/index.CqTPbV5Y.js:45
[  149900ms] [WARNING] Invalid color passed for widgetBorderColor in theme.sidebar: "" @ http://localhost:8503/static/js/index.CqTPbV5Y.js:45
[  149900ms] [WARNING] Invalid color passed for skeletonBackgroundColor in theme.sidebar: "" @ http://localhost:8503/static/js/index.CqTPbV5Y.js:45
[  149917ms] [WARNING] Invalid color passed for widgetBackgroundColor in theme.sidebar: "" @ http://localhost:8503/static/js/index.CqTPbV5Y.js:45
[  149917ms] [WARNING] Invalid color passed for widgetBorderColor in theme.sidebar: "" @ http://localhost:8503/static/js/index.CqTPbV5Y.js:45
[  149917ms] [WARNING] Invalid color passed for skeletonBackgroundColor in theme.sidebar: "" @ http://localhost:8503/static/js/index.CqTPbV5Y.js:45
[  149935ms] [WARNING] Invalid color passed for widgetBackgroundColor in theme.sidebar: "" @ http://localhost:8503/static/js/index.CqTPbV5Y.js:45
[  149935ms] [WARNING] Invalid color passed for widgetBorderColor in theme.sidebar: "" @ http://localhost:8503/static/js/index.CqTPbV5Y.js:45
[  149935ms] [WARNING] Invalid color passed for skeletonBackgroundColor in theme.sidebar: "" @ http://localhost:8503/static/js/index.CqTPbV5Y.js:45
[  149955ms] [WARNING] Invalid color passed for widgetBackgroundColor in theme.sidebar: "" @ http://localhost:8503/static/js/index.CqTPbV5Y.js:45
[  149955ms] [WARNING] Invalid color passed for widgetBorderColor in theme.sidebar: "" @ http://localhost:8503/static/js/index.CqTPbV5Y.js:45
[  149955ms] [WARNING] Invalid color passed for skeletonBackgroundColor in theme.sidebar: "" @ http://localhost:8503/static/js/index.CqTPbV5Y.js:45
[  149972ms] [WARNING] Invalid color passed for widgetBackgroundColor in theme.sidebar: "" @ http://localhost:8503/static/js/index.CqTPbV5Y.js:45
[  149973ms] [WARNING] Invalid color passed for widgetBorderColor in theme.sidebar: "" @ http://localhost:8503/static/js/index.CqTPbV5Y.js:45
[  149973ms] [WARNING] Invalid color passed for skeletonBackgroundColor in theme.sidebar: "" @ http://localhost:8503/static/js/index.CqTPbV5Y.js:45
[  149989ms] [WARNING] Invalid color passed for widgetBackgroundColor in theme.sidebar: "" @ http://localhost:8503/static/js/index.CqTPbV5Y.js:45
[  149989ms] [WARNING] Invalid color passed for widgetBorderColor in theme.sidebar: "" @ http://localhost:8503/static/js/index.CqTPbV5Y.js:45
[  149989ms] [WARNING] Invalid color passed for skeletonBackgroundColor in theme.sidebar: "" @ http://localhost:8503/static/js/index.CqTPbV5Y.js:45
[  150021ms] [WARNING] Invalid color passed for widgetBackgroundColor in theme.sidebar: "" @ http://localhost:8503/static/js/index.CqTPbV5Y.js:45
[  150022ms] [WARNING] Invalid color passed for widgetBorderColor in theme.sidebar: "" @ http://localhost:8503/static/js/index.CqTPbV5Y.js:45
[  150022ms] [WARNING] Invalid color passed for skeletonBackgroundColor in theme.sidebar: "" @ http://localhost:8503/static/js/index.CqTPbV5Y.js:45
[  150460ms] [WARNING] Invalid color passed for widgetBackgroundColor in theme.sidebar: "" @ http://localhost:8503/static/js/index.CqTPbV5Y.js:45
[  150460ms] [WARNING] Invalid color passed for widgetBorderColor in theme.sidebar: "" @ http://localhost:8503/static/js/index.CqTPbV5Y.js:45
[  150460ms] [WARNING] Invalid color passed for skeletonBackgroundColor in theme.sidebar: "" @ http://localhost:8503/static/js/index.CqTPbV5Y.js:45
[  154653ms] [WARNING] Invalid color passed for widgetBackgroundColor in theme.sidebar: "" @ http://localhost:8503/static/js/index.CqTPbV5Y.js:45
[  154653ms] [WARNING] Invalid color passed for widgetBorderColor in theme.sidebar: "" @ http://localhost:8503/static/js/index.CqTPbV5Y.js:45
[  154653ms] [WARNING] Invalid color passed for skeletonBackgroundColor in theme.sidebar: "" @ http://localhost:8503/static/js/index.CqTPbV5Y.js:45
[  154666ms] [WARNING] Invalid color passed for widgetBackgroundColor in theme.sidebar: "" @ http://localhost:8503/static/js/index.CqTPbV5Y.js:45
[  154666ms] [WARNING] Invalid color passed for widgetBorderColor in theme.sidebar: "" @ http://localhost:8503/static/js/index.CqTPbV5Y.js:45
[  154666ms] [WARNING] Invalid color passed for skeletonBackgroundColor in theme.sidebar: "" @ http://localhost:8503/static/js/index.CqTPbV5Y.js:45
[  154680ms] [WARNING] Invalid color passed for widgetBackgroundColor in theme.sidebar: "" @ http://localhost:8503/static/js/index.CqTPbV5Y.js:45
[  154680ms] [WARNING] Invalid color passed for widgetBorderColor in theme.sidebar: "" @ http://localhost:8503/static/js/index.CqTPbV5Y.js:45
[  154680ms] [WARNING] Invalid color passed for skeletonBackgroundColor in theme.sidebar: "" @ http://localhost:8503/static/js/index.CqTPbV5Y.js:45
[  154697ms] [WARNING] Invalid color passed for widgetBackgroundColor in theme.sidebar: "" @ http://localhost:8503/static/js/index.CqTPbV5Y.js:45
[  154697ms] [WARNING] Invalid color passed for widgetBorderColor in theme.sidebar: "" @ http://localhost:8503/static/js/index.CqTPbV5Y.js:45
[  154697ms] [WARNING] Invalid color passed for skeletonBackgroundColor in theme.sidebar: "" @ http://localhost:8503/static/js/index.CqTPbV5Y.js:45
[  154757ms] [WARNING] Invalid color passed for widgetBackgroundColor in theme.sidebar: "" @ http://localhost:8503/static/js/index.CqTPbV5Y.js:45
[  154757ms] [WARNING] Invalid color passed for widgetBorderColor in theme.sidebar: "" @ http://localhost:8503/static/js/index.CqTPbV5Y.js:45
[  154757ms] [WARNING] Invalid color passed for skeletonBackgroundColor in theme.sidebar: "" @ http://localhost:8503/static/js/index.CqTPbV5Y.js:45
[  156916ms] [WARNING] Invalid color passed for widgetBackgroundColor in theme.sidebar: "" @ http://localhost:8503/static/js/index.CqTPbV5Y.js:45
[  156917ms] [WARNING] Invalid color passed for widgetBorderColor in theme.sidebar: "" @ http://localhost:8503/static/js/index.CqTPbV5Y.js:45
[  156917ms] [WARNING] Invalid color passed for skeletonBackgroundColor in theme.sidebar: "" @ http://localhost:8503/static/js/index.CqTPbV5Y.js:45
[  156936ms] [WARNING] Invalid color passed for widgetBackgroundColor in theme.sidebar: "" @ http://localhost:8503/static/js/index.CqTPbV5Y.js:45
[  156936ms] [WARNING] Invalid color passed for widgetBorderColor in theme.sidebar: "" @ http://localhost:8503/static/js/index.CqTPbV5Y.js:45
[  156936ms] [WARNING] Invalid color passed for skeletonBackgroundColor in theme.sidebar: "" @ http://localhost:8503/static/js/index.CqTPbV5Y.js:45
[  156990ms] [WARNING] Invalid color passed for widgetBackgroundColor in theme.sidebar: "" @ http://localhost:8503/static/js/index.CqTPbV5Y.js:45
[  156990ms] [WARNING] Invalid color passed for widgetBorderColor in theme.sidebar: "" @ http://localhost:8503/static/js/index.CqTPbV5Y.js:45
[  156990ms] [WARNING] Invalid color passed for skeletonBackgroundColor in theme.sidebar: "" @ http://localhost:8503/static/js/index.CqTPbV5Y.js:45
[ 1839181ms] [WARNING] Invalid color passed for widgetBackgroundColor in theme.sidebar: "" @ http://localhost:8503/static/js/index.CqTPbV5Y.js:45
[ 1839181ms] [WARNING] Invalid color passed for widgetBorderColor in theme.sidebar: "" @ http://localhost:8503/static/js/index.CqTPbV5Y.js:45
[ 1839181ms] [WARNING] Invalid color passed for skeletonBackgroundColor in theme.sidebar: "" @ http://localhost:8503/static/js/index.CqTPbV5Y.js:45
[ 1840168ms] [WARNING] Invalid color passed for widgetBackgroundColor in theme.sidebar: "" @ http://localhost:8503/static/js/index.CqTPbV5Y.js:45
[ 1840169ms] [WARNING] Invalid color passed for widgetBorderColor in theme.sidebar: "" @ http://localhost:8503/static/js/index.CqTPbV5Y.js:45
[ 1840169ms] [WARNING] Invalid color passed for skeletonBackgroundColor in theme.sidebar: "" @ http://localhost:8503/static/js/index.CqTPbV5Y.js:45
[ 1878433ms] [WARNING] Invalid color passed for widgetBackgroundColor in theme.sidebar: "" @ http://localhost:8503/static/js/index.CqTPbV5Y.js:45
[ 1878433ms] [WARNING] Invalid color passed for widgetBorderColor in theme.sidebar: "" @ http://localhost:8503/static/js/index.CqTPbV5Y.js:45
[ 1878433ms] [WARNING] Invalid color passed for skeletonBackgroundColor in theme.sidebar: "" @ http://localhost:8503/static/js/index.CqTPbV5Y.js:45
[ 1878661ms] [WARNING] Invalid color passed for widgetBackgroundColor in theme.sidebar: "" @ http://localhost:8503/static/js/index.CqTPbV5Y.js:45
[ 1878661ms] [WARNING] Invalid color passed for widgetBorderColor in theme.sidebar: "" @ http://localhost:8503/static/js/index.CqTPbV5Y.js:45
[ 1878661ms] [WARNING] Invalid color passed for skeletonBackgroundColor in theme.sidebar: "" @ http://localhost:8503/static/js/index.CqTPbV5Y.js:45
[ 1879220ms] [WARNING] Invalid color passed for widgetBackgroundColor in theme.sidebar: "" @ http://localhost:8503/static/js/index.CqTPbV5Y.js:45
[ 1879221ms] [WARNING] Invalid color passed for widgetBorderColor in theme.sidebar: "" @ http://localhost:8503/static/js/index.CqTPbV5Y.js:45
[ 1879221ms] [WARNING] Invalid color passed for skeletonBackgroundColor in theme.sidebar: "" @ http://localhost:8503/static/js/index.CqTPbV5Y.js:45
[ 1879726ms] [WARNING] Invalid color passed for widgetBackgroundColor in theme.sidebar: "" @ http://localhost:8503/static/js/index.CqTPbV5Y.js:45
[ 1879727ms] [WARNING] Invalid color passed for widgetBorderColor in theme.sidebar: "" @ http://localhost:8503/static/js/index.CqTPbV5Y.js:45
[ 1879727ms] [WARNING] Invalid color passed for skeletonBackgroundColor in theme.sidebar: "" @ http://localhost:8503/static/js/index.CqTPbV5Y.js:45
[ 2117156ms] [WARNING] Invalid color passed for widgetBackgroundColor in theme.sidebar: "" @ http://localhost:8503/static/js/index.CqTPbV5Y.js:45
[ 2117156ms] [WARNING] Invalid color passed for widgetBorderColor in theme.sidebar: "" @ http://localhost:8503/static/js/index.CqTPbV5Y.js:45
[ 2117156ms] [WARNING] Invalid color passed for skeletonBackgroundColor in theme.sidebar: "" @ http://localhost:8503/static/js/index.CqTPbV5Y.js:45
[ 2117933ms] [WARNING] Invalid color passed for widgetBackgroundColor in theme.sidebar: "" @ http://localhost:8503/static/js/index.CqTPbV5Y.js:45
[ 2117934ms] [WARNING] Invalid color passed for widgetBorderColor in theme.sidebar: "" @ http://localhost:8503/static/js/index.CqTPbV5Y.js:45
[ 2117934ms] [WARNING] Invalid color passed for skeletonBackgroundColor in theme.sidebar: "" @ http://localhost:8503/static/js/index.CqTPbV5Y.js:45
[ 2235806ms] [WARNING] Invalid color passed for widgetBackgroundColor in theme.sidebar: "" @ http://localhost:8503/static/js/index.CqTPbV5Y.js:45
[ 2235806ms] [WARNING] Invalid color passed for widgetBorderColor in theme.sidebar: "" @ http://localhost:8503/static/js/index.CqTPbV5Y.js:45
[ 2235806ms] [WARNING] Invalid color passed for skeletonBackgroundColor in theme.sidebar: "" @ http://localhost:8503/static/js/index.CqTPbV5Y.js:45
[ 2236982ms] [WARNING] Invalid color passed for widgetBackgroundColor in theme.sidebar: "" @ http://localhost:8503/static/js/index.CqTPbV5Y.js:45
[ 2236982ms] [WARNING] Invalid color passed for widgetBorderColor in theme.sidebar: "" @ http://localhost:8503/static/js/index.CqTPbV5Y.js:45
[ 2236982ms] [WARNING] Invalid color passed for skeletonBackgroundColor in theme.sidebar: "" @ http://localhost:8503/static/js/index.CqTPbV5Y.js:45
[ 2414413ms] [WARNING] Invalid color passed for widgetBackgroundColor in theme.sidebar: "" @ http://localhost:8503/static/js/index.CqTPbV5Y.js:45
[ 2414413ms] [WARNING] Invalid color passed for widgetBorderColor in theme.sidebar: "" @ http://localhost:8503/static/js/index.CqTPbV5Y.js:45
[ 2414413ms] [WARNING] Invalid color passed for skeletonBackgroundColor in theme.sidebar: "" @ http://localhost:8503/static/js/index.CqTPbV5Y.js:45
[ 2415541ms] [WARNING] Invalid color passed for widgetBackgroundColor in theme.sidebar: "" @ http://localhost:8503/static/js/index.CqTPbV5Y.js:45
[ 2415542ms] [WARNING] Invalid color passed for widgetBorderColor in theme.sidebar: "" @ http://localhost:8503/static/js/index.CqTPbV5Y.js:45
[ 2415542ms] [WARNING] Invalid color passed for skeletonBackgroundColor in theme.sidebar: "" @ http://localhost:8503/static/js/index.CqTPbV5Y.js:45
[ 2910281ms] [WARNING] Invalid color passed for widgetBackgroundColor in theme.sidebar: "" @ http://localhost:8503/static/js/index.CqTPbV5Y.js:45
[ 2910281ms] [WARNING] Invalid color passed for widgetBorderColor in theme.sidebar: "" @ http://localhost:8503/static/js/index.CqTPbV5Y.js:45
[ 2910281ms] [WARNING] Invalid color passed for skeletonBackgroundColor in theme.sidebar: "" @ http://localhost:8503/static/js/index.CqTPbV5Y.js:45
[ 2910629ms] [WARNING] Invalid color passed for widgetBackgroundColor in theme.sidebar: "" @ http://localhost:8503/static/js/index.CqTPbV5Y.js:45
[ 2910629ms] [WARNING] Invalid color passed for widgetBorderColor in theme.sidebar: "" @ http://localhost:8503/static/js/index.CqTPbV5Y.js:45
[ 2910629ms] [WARNING] Invalid color passed for skeletonBackgroundColor in theme.sidebar: "" @ http://localhost:8503/static/js/index.CqTPbV5Y.js:45
[ 2911050ms] [WARNING] Invalid color passed for widgetBackgroundColor in theme.sidebar: "" @ http://localhost:8503/static/js/index.CqTPbV5Y.js:45
[ 2911050ms] [WARNING] Invalid color passed for widgetBorderColor in theme.sidebar: "" @ http://localhost:8503/static/js/index.CqTPbV5Y.js:45
[ 2911050ms] [WARNING] Invalid color passed for skeletonBackgroundColor in theme.sidebar: "" @ http://localhost:8503/static/js/index.CqTPbV5Y.js:45
[ 2911520ms] [WARNING] Invalid color passed for widgetBackgroundColor in theme.sidebar: "" @ http://localhost:8503/static/js/index.CqTPbV5Y.js:45
[ 2911520ms] [WARNING] Invalid color passed for widgetBorderColor in theme.sidebar: "" @ http://localhost:8503/static/js/index.CqTPbV5Y.js:45
[ 2911521ms] [WARNING] Invalid color passed for skeletonBackgroundColor in theme.sidebar: "" @ http://localhost:8503/static/js/index.CqTPbV5Y.js:45
[ 2912133ms] [WARNING] Invalid color passed for widgetBackgroundColor in theme.sidebar: "" @ http://localhost:8503/static/js/index.CqTPbV5Y.js:45
[ 2912134ms] [WARNING] Invalid color passed for widgetBorderColor in theme.sidebar: "" @ http://localhost:8503/static/js/index.CqTPbV5Y.js:45
[ 2912134ms] [WARNING] Invalid color passed for skeletonBackgroundColor in theme.sidebar: "" @ http://localhost:8503/static/js/index.CqTPbV5Y.js:45
[ 3078999ms] [WARNING] Invalid color passed for widgetBackgroundColor in theme.sidebar: "" @ http://localhost:8503/static/js/index.CqTPbV5Y.js:45
[ 3078999ms] [WARNING] Invalid color passed for widgetBorderColor in theme.sidebar: "" @ http://localhost:8503/static/js/index.CqTPbV5Y.js:45
[ 3079000ms] [WARNING] Invalid color passed for skeletonBackgroundColor in theme.sidebar: "" @ http://localhost:8503/static/js/index.CqTPbV5Y.js:45
[ 3080172ms] [WARNING] Invalid color passed for widgetBackgroundColor in theme.sidebar: "" @ http://localhost:8503/static/js/index.CqTPbV5Y.js:45
[ 3080172ms] [WARNING] Invalid color passed for widgetBorderColor in theme.sidebar: "" @ http://localhost:8503/static/js/index.CqTPbV5Y.js:45
[ 3080172ms] [WARNING] Invalid color passed for skeletonBackgroundColor in theme.sidebar: "" @ http://localhost:8503/static/js/index.CqTPbV5Y.js:45
[ 3297356ms] [WARNING] Invalid color passed for widgetBackgroundColor in theme.sidebar: "" @ http://localhost:8503/static/js/index.CqTPbV5Y.js:45
[ 3297356ms] [WARNING] Invalid color passed for widgetBorderColor in theme.sidebar: "" @ http://localhost:8503/static/js/index.CqTPbV5Y.js:45
[ 3297357ms] [WARNING] Invalid color passed for skeletonBackgroundColor in theme.sidebar: "" @ http://localhost:8503/static/js/index.CqTPbV5Y.js:45
[ 3298448ms] [WARNING] Invalid color passed for widgetBackgroundColor in theme.sidebar: "" @ http://localhost:8503/static/js/index.CqTPbV5Y.js:45
[ 3298449ms] [WARNING] Invalid color passed for widgetBorderColor in theme.sidebar: "" @ http://localhost:8503/static/js/index.CqTPbV5Y.js:45
[ 3298449ms] [WARNING] Invalid color passed for skeletonBackgroundColor in theme.sidebar: "" @ http://localhost:8503/static/js/index.CqTPbV5Y.js:45
[ 3336891ms] [WARNING] Invalid color passed for widgetBackgroundColor in theme.sidebar: "" @ http://localhost:8503/static/js/index.CqTPbV5Y.js:45
[ 3336891ms] [WARNING] Invalid color passed for widgetBorderColor in theme.sidebar: "" @ http://localhost:8503/static/js/index.CqTPbV5Y.js:45
[ 3336891ms] [WARNING] Invalid color passed for skeletonBackgroundColor in theme.sidebar: "" @ http://localhost:8503/static/js/index.CqTPbV5Y.js:45
[ 3338796ms] [WARNING] Invalid color passed for widgetBackgroundColor in theme.sidebar: "" @ http://localhost:8503/static/js/index.CqTPbV5Y.js:45
[ 3338796ms] [WARNING] Invalid color passed for widgetBorderColor in theme.sidebar: "" @ http://localhost:8503/static/js/index.CqTPbV5Y.js:45
[ 3338796ms] [WARNING] Invalid color passed for skeletonBackgroundColor in theme.sidebar: "" @ http://localhost:8503/static/js/index.CqTPbV5Y.js:45
[ 3743848ms] [WARNING] Invalid color passed for widgetBackgroundColor in theme.sidebar: "" @ http://localhost:8503/static/js/index.CqTPbV5Y.js:45
[ 3743848ms] [WARNING] Invalid color passed for widgetBorderColor in theme.sidebar: "" @ http://localhost:8503/static/js/index.CqTPbV5Y.js:45
[ 3743848ms] [WARNING] Invalid color passed for skeletonBackgroundColor in theme.sidebar: "" @ http://localhost:8503/static/js/index.CqTPbV5Y.js:45
[ 3744563ms] [WARNING] Invalid color passed for widgetBackgroundColor in theme.sidebar: "" @ http://localhost:8503/static/js/index.CqTPbV5Y.js:45
[ 3744563ms] [WARNING] Invalid color passed for widgetBorderColor in theme.sidebar: "" @ http://localhost:8503/static/js/index.CqTPbV5Y.js:45
[ 3744563ms] [WARNING] Invalid color passed for skeletonBackgroundColor in theme.sidebar: "" @ http://localhost:8503/static/js/index.CqTPbV5Y.js:45
[ 3745230ms] [WARNING] Invalid color passed for widgetBackgroundColor in theme.sidebar: "" @ http://localhost:8503/static/js/index.CqTPbV5Y.js:45
[ 3745231ms] [WARNING] Invalid color passed for widgetBorderColor in theme.sidebar: "" @ http://localhost:8503/static/js/index.CqTPbV5Y.js:45
[ 3745231ms] [WARNING] Invalid color passed for skeletonBackgroundColor in theme.sidebar: "" @ http://localhost:8503/static/js/index.CqTPbV5Y.js:45
[ 3745769ms] [WARNING] Invalid color passed for widgetBackgroundColor in theme.sidebar: "" @ http://localhost:8503/static/js/index.CqTPbV5Y.js:45
[ 3745769ms] [WARNING] Invalid color passed for widgetBorderColor in theme.sidebar: "" @ http://localhost:8503/static/js/index.CqTPbV5Y.js:45
[ 3745770ms] [WARNING] Invalid color passed for skeletonBackgroundColor in theme.sidebar: "" @ http://localhost:8503/static/js/index.CqTPbV5Y.js:45
[ 4041298ms] [WARNING] Invalid color passed for widgetBackgroundColor in theme.sidebar: "" @ http://localhost:8503/static/js/index.CqTPbV5Y.js:45
[ 4041298ms] [WARNING] Invalid color passed for widgetBorderColor in theme.sidebar: "" @ http://localhost:8503/static/js/index.CqTPbV5Y.js:45
[ 4041298ms] [WARNING] Invalid color passed for skeletonBackgroundColor in theme.sidebar: "" @ http://localhost:8503/static/js/index.CqTPbV5Y.js:45
[ 4041483ms] [WARNING] Invalid color passed for widgetBackgroundColor in theme.sidebar: "" @ http://localhost:8503/static/js/index.CqTPbV5Y.js:45
[ 4041483ms] [WARNING] Invalid color passed for widgetBorderColor in theme.sidebar: "" @ http://localhost:8503/static/js/index.CqTPbV5Y.js:45
[ 4041483ms] [WARNING] Invalid color passed for skeletonBackgroundColor in theme.sidebar: "" @ http://localhost:8503/static/js/index.CqTPbV5Y.js:45
[ 4042044ms] [WARNING] Invalid color passed for widgetBackgroundColor in theme.sidebar: "" @ http://localhost:8503/static/js/index.CqTPbV5Y.js:45
[ 4042044ms] [WARNING] Invalid color passed for widgetBorderColor in theme.sidebar: "" @ http://localhost:8503/static/js/index.CqTPbV5Y.js:45
[ 4042044ms] [WARNING] Invalid color passed for skeletonBackgroundColor in theme.sidebar: "" @ http://localhost:8503/static/js/index.CqTPbV5Y.js:45
[ 4042546ms] [WARNING] Invalid color passed for widgetBackgroundColor in theme.sidebar: "" @ http://localhost:8503/static/js/index.CqTPbV5Y.js:45
[ 4042546ms] [WARNING] Invalid color passed for widgetBorderColor in theme.sidebar: "" @ http://localhost:8503/static/js/index.CqTPbV5Y.js:45
[ 4042546ms] [WARNING] Invalid color passed for skeletonBackgroundColor in theme.sidebar: "" @ http://localhost:8503/static/js/index.CqTPbV5Y.js:45
[ 4043146ms] [WARNING] Invalid color passed for widgetBackgroundColor in theme.sidebar: "" @ http://localhost:8503/static/js/index.CqTPbV5Y.js:45
[ 4043146ms] [WARNING] Invalid color passed for widgetBorderColor in theme.sidebar: "" @ http://localhost:8503/static/js/index.CqTPbV5Y.js:45
[ 4043146ms] [WARNING] Invalid color passed for skeletonBackgroundColor in theme.sidebar: "" @ http://localhost:8503/static/js/index.CqTPbV5Y.js:45
[ 4100776ms] [WARNING] Invalid color passed for widgetBackgroundColor in theme.sidebar: "" @ http://localhost:8503/static/js/index.CqTPbV5Y.js:45
[ 4100777ms] [WARNING] Invalid color passed for widgetBorderColor in theme.sidebar: "" @ http://localhost:8503/static/js/index.CqTPbV5Y.js:45
[ 4100777ms] [WARNING] Invalid color passed for skeletonBackgroundColor in theme.sidebar: "" @ http://localhost:8503/static/js/index.CqTPbV5Y.js:45
[ 4100985ms] [WARNING] Invalid color passed for widgetBackgroundColor in theme.sidebar: "" @ http://localhost:8503/static/js/index.CqTPbV5Y.js:45
[ 4100985ms] [WARNING] Invalid color passed for widgetBorderColor in theme.sidebar: "" @ http://localhost:8503/static/js/index.CqTPbV5Y.js:45
[ 4100985ms] [WARNING] Invalid color passed for skeletonBackgroundColor in theme.sidebar: "" @ http://localhost:8503/static/js/index.CqTPbV5Y.js:45
[ 4101502ms] [WARNING] Invalid color passed for widgetBackgroundColor in theme.sidebar: "" @ http://localhost:8503/static/js/index.CqTPbV5Y.js:45
[ 4101502ms] [WARNING] Invalid color passed for widgetBorderColor in theme.sidebar: "" @ http://localhost:8503/static/js/index.CqTPbV5Y.js:45
[ 4101502ms] [WARNING] Invalid color passed for skeletonBackgroundColor in theme.sidebar: "" @ http://localhost:8503/static/js/index.CqTPbV5Y.js:45
[ 4101871ms] [WARNING] Invalid color passed for widgetBackgroundColor in theme.sidebar: "" @ http://localhost:8503/static/js/index.CqTPbV5Y.js:45
[ 4101871ms] [WARNING] Invalid color passed for widgetBorderColor in theme.sidebar: "" @ http://localhost:8503/static/js/index.CqTPbV5Y.js:45
[ 4101872ms] [WARNING] Invalid color passed for skeletonBackgroundColor in theme.sidebar: "" @ http://localhost:8503/static/js/index.CqTPbV5Y.js:45
[ 4102454ms] [WARNING] Invalid color passed for widgetBackgroundColor in theme.sidebar: "" @ http://localhost:8503/static/js/index.CqTPbV5Y.js:45
[ 4102454ms] [WARNING] Invalid color passed for widgetBorderColor in theme.sidebar: "" @ http://localhost:8503/static/js/index.CqTPbV5Y.js:45
[ 4102454ms] [WARNING] Invalid color passed for skeletonBackgroundColor in theme.sidebar: "" @ http://localhost:8503/static/js/index.CqTPbV5Y.js:45
[ 4141139ms] [WARNING] Invalid color passed for widgetBackgroundColor in theme.sidebar: "" @ http://localhost:8503/static/js/index.CqTPbV5Y.js:45
[ 4141139ms] [WARNING] Invalid color passed for widgetBorderColor in theme.sidebar: "" @ http://localhost:8503/static/js/index.CqTPbV5Y.js:45
[ 4141140ms] [WARNING] Invalid color passed for skeletonBackgroundColor in theme.sidebar: "" @ http://localhost:8503/static/js/index.CqTPbV5Y.js:45
[ 4141848ms] [WARNING] Invalid color passed for widgetBackgroundColor in theme.sidebar: "" @ http://localhost:8503/static/js/index.CqTPbV5Y.js:45
[ 4141848ms] [WARNING] Invalid color passed for widgetBorderColor in theme.sidebar: "" @ http://localhost:8503/static/js/index.CqTPbV5Y.js:45
[ 4141848ms] [WARNING] Invalid color passed for skeletonBackgroundColor in theme.sidebar: "" @ http://localhost:8503/static/js/index.CqTPbV5Y.js:45
[ 4279920ms] [WARNING] Invalid color passed for widgetBackgroundColor in theme.sidebar: "" @ http://localhost:8503/static/js/index.CqTPbV5Y.js:45
[ 4279920ms] [WARNING] Invalid color passed for widgetBorderColor in theme.sidebar: "" @ http://localhost:8503/static/js/index.CqTPbV5Y.js:45
[ 4279920ms] [WARNING] Invalid color passed for skeletonBackgroundColor in theme.sidebar: "" @ http://localhost:8503/static/js/index.CqTPbV5Y.js:45
[ 4280375ms] [WARNING] Invalid color passed for widgetBackgroundColor in theme.sidebar: "" @ http://localhost:8503/static/js/index.CqTPbV5Y.js:45
[ 4280375ms] [WARNING] Invalid color passed for widgetBorderColor in theme.sidebar: "" @ http://localhost:8503/static/js/index.CqTPbV5Y.js:45
[ 4280375ms] [WARNING] Invalid color passed for skeletonBackgroundColor in theme.sidebar: "" @ http://localhost:8503/static/js/index.CqTPbV5Y.js:45
[ 4281065ms] [WARNING] Invalid color passed for widgetBackgroundColor in theme.sidebar: "" @ http://localhost:8503/static/js/index.CqTPbV5Y.js:45
[ 4281066ms] [WARNING] Invalid color passed for widgetBorderColor in theme.sidebar: "" @ http://localhost:8503/static/js/index.CqTPbV5Y.js:45
[ 4281066ms] [WARNING] Invalid color passed for skeletonBackgroundColor in theme.sidebar: "" @ http://localhost:8503/static/js/index.CqTPbV5Y.js:45
[ 4358960ms] [WARNING] Invalid color passed for widgetBackgroundColor in theme.sidebar: "" @ http://localhost:8503/static/js/index.CqTPbV5Y.js:45
[ 4358960ms] [WARNING] Invalid color passed for widgetBorderColor in theme.sidebar: "" @ http://localhost:8503/static/js/index.CqTPbV5Y.js:45
[ 4358960ms] [WARNING] Invalid color passed for skeletonBackgroundColor in theme.sidebar: "" @ http://localhost:8503/static/js/index.CqTPbV5Y.js:45
[ 4359455ms] [WARNING] Invalid color passed for widgetBackgroundColor in theme.sidebar: "" @ http://localhost:8503/static/js/index.CqTPbV5Y.js:45
[ 4359455ms] [WARNING] Invalid color passed for widgetBorderColor in theme.sidebar: "" @ http://localhost:8503/static/js/index.CqTPbV5Y.js:45
[ 4359455ms] [WARNING] Invalid color passed for skeletonBackgroundColor in theme.sidebar: "" @ http://localhost:8503/static/js/index.CqTPbV5Y.js:45
[ 4360055ms] [WARNING] Invalid color passed for widgetBackgroundColor in theme.sidebar: "" @ http://localhost:8503/static/js/index.CqTPbV5Y.js:45
[ 4360055ms] [WARNING] Invalid color passed for widgetBorderColor in theme.sidebar: "" @ http://localhost:8503/static/js/index.CqTPbV5Y.js:45
[ 4360055ms] [WARNING] Invalid color passed for skeletonBackgroundColor in theme.sidebar: "" @ http://localhost:8503/static/js/index.CqTPbV5Y.js:45
[ 4360551ms] [WARNING] Invalid color passed for widgetBackgroundColor in theme.sidebar: "" @ http://localhost:8503/static/js/index.CqTPbV5Y.js:45
[ 4360551ms] [WARNING] Invalid color passed for widgetBorderColor in theme.sidebar: "" @ http://localhost:8503/static/js/index.CqTPbV5Y.js:45
[ 4360551ms] [WARNING] Invalid color passed for skeletonBackgroundColor in theme.sidebar: "" @ http://localhost:8503/static/js/index.CqTPbV5Y.js:45
[ 4399006ms] [WARNING] Invalid color passed for widgetBackgroundColor in theme.sidebar: "" @ http://localhost:8503/static/js/index.CqTPbV5Y.js:45
[ 4399006ms] [WARNING] Invalid color passed for widgetBorderColor in theme.sidebar: "" @ http://localhost:8503/static/js/index.CqTPbV5Y.js:45
[ 4399006ms] [WARNING] Invalid color passed for skeletonBackgroundColor in theme.sidebar: "" @ http://localhost:8503/static/js/index.CqTPbV5Y.js:45
[ 4399213ms] [WARNING] Invalid color passed for widgetBackgroundColor in theme.sidebar: "" @ http://localhost:8503/static/js/index.CqTPbV5Y.js:45
[ 4399213ms] [WARNING] Invalid color passed for widgetBorderColor in theme.sidebar: "" @ http://localhost:8503/static/js/index.CqTPbV5Y.js:45
[ 4399213ms] [WARNING] Invalid color passed for skeletonBackgroundColor in theme.sidebar: "" @ http://localhost:8503/static/js/index.CqTPbV5Y.js:45
[ 4402349ms] [WARNING] Invalid color passed for widgetBackgroundColor in theme.sidebar: "" @ http://localhost:8503/static/js/index.CqTPbV5Y.js:45
[ 4402350ms] [WARNING] Invalid color passed for widgetBorderColor in theme.sidebar: "" @ http://localhost:8503/static/js/index.CqTPbV5Y.js:45
[ 4402350ms] [WARNING] Invalid color passed for skeletonBackgroundColor in theme.sidebar: "" @ http://localhost:8503/static/js/index.CqTPbV5Y.js:45
[ 4402671ms] [WARNING] Invalid color passed for widgetBackgroundColor in theme.sidebar: "" @ http://localhost:8503/static/js/index.CqTPbV5Y.js:45
[ 4402671ms] [WARNING] Invalid color passed for widgetBorderColor in theme.sidebar: "" @ http://localhost:8503/static/js/index.CqTPbV5Y.js:45
[ 4402671ms] [WARNING] Invalid color passed for skeletonBackgroundColor in theme.sidebar: "" @ http://localhost:8503/static/js/index.CqTPbV5Y.js:45
[ 4607191ms] [WARNING] Invalid color passed for widgetBackgroundColor in theme.sidebar: "" @ http://localhost:8503/static/js/index.CqTPbV5Y.js:45
[ 4607191ms] [WARNING] Invalid color passed for widgetBorderColor in theme.sidebar: "" @ http://localhost:8503/static/js/index.CqTPbV5Y.js:45
[ 4607191ms] [WARNING] Invalid color passed for skeletonBackgroundColor in theme.sidebar: "" @ http://localhost:8503/static/js/index.CqTPbV5Y.js:45
[ 4607611ms] [WARNING] Invalid color passed for widgetBackgroundColor in theme.sidebar: "" @ http://localhost:8503/static/js/index.CqTPbV5Y.js:45
[ 4607611ms] [WARNING] Invalid color passed for widgetBorderColor in theme.sidebar: "" @ http://localhost:8503/static/js/index.CqTPbV5Y.js:45
[ 4607611ms] [WARNING] Invalid color passed for skeletonBackgroundColor in theme.sidebar: "" @ http://localhost:8503/static/js/index.CqTPbV5Y.js:45
[ 4608178ms] [WARNING] Invalid color passed for widgetBackgroundColor in theme.sidebar: "" @ http://localhost:8503/static/js/index.CqTPbV5Y.js:45
[ 4608179ms] [WARNING] Invalid color passed for widgetBorderColor in theme.sidebar: "" @ http://localhost:8503/static/js/index.CqTPbV5Y.js:45
[ 4608179ms] [WARNING] Invalid color passed for skeletonBackgroundColor in theme.sidebar: "" @ http://localhost:8503/static/js/index.CqTPbV5Y.js:45
[ 4608722ms] [WARNING] Invalid color passed for widgetBackgroundColor in theme.sidebar: "" @ http://localhost:8503/static/js/index.CqTPbV5Y.js:45
[ 4608723ms] [WARNING] Invalid color passed for widgetBorderColor in theme.sidebar: "" @ http://localhost:8503/static/js/index.CqTPbV5Y.js:45
[ 4608723ms] [WARNING] Invalid color passed for skeletonBackgroundColor in theme.sidebar: "" @ http://localhost:8503/static/js/index.CqTPbV5Y.js:45
[ 4785552ms] [WARNING] Invalid color passed for widgetBackgroundColor in theme.sidebar: "" @ http://localhost:8503/static/js/index.CqTPbV5Y.js:45
[ 4785552ms] [WARNING] Invalid color passed for widgetBorderColor in theme.sidebar: "" @ http://localhost:8503/static/js/index.CqTPbV5Y.js:45
[ 4785553ms] [WARNING] Invalid color passed for skeletonBackgroundColor in theme.sidebar: "" @ http://localhost:8503/static/js/index.CqTPbV5Y.js:45
[ 4786033ms] [WARNING] Invalid color passed for widgetBackgroundColor in theme.sidebar: "" @ http://localhost:8503/static/js/index.CqTPbV5Y.js:45
[ 4786033ms] [WARNING] Invalid color passed for widgetBorderColor in theme.sidebar: "" @ http://localhost:8503/static/js/index.CqTPbV5Y.js:45
[ 4786033ms] [WARNING] Invalid color passed for skeletonBackgroundColor in theme.sidebar: "" @ http://localhost:8503/static/js/index.CqTPbV5Y.js:45
[ 4786600ms] [WARNING] Invalid color passed for widgetBackgroundColor in theme.sidebar: "" @ http://localhost:8503/static/js/index.CqTPbV5Y.js:45
[ 4786600ms] [WARNING] Invalid color passed for widgetBorderColor in theme.sidebar: "" @ http://localhost:8503/static/js/index.CqTPbV5Y.js:45
[ 4786601ms] [WARNING] Invalid color passed for skeletonBackgroundColor in theme.sidebar: "" @ http://localhost:8503/static/js/index.CqTPbV5Y.js:45
[ 4787165ms] [WARNING] Invalid color passed for widgetBackgroundColor in theme.sidebar: "" @ http://localhost:8503/static/js/index.CqTPbV5Y.js:45
[ 4787165ms] [WARNING] Invalid color passed for widgetBorderColor in theme.sidebar: "" @ http://localhost:8503/static/js/index.CqTPbV5Y.js:45
[ 4787165ms] [WARNING] Invalid color passed for skeletonBackgroundColor in theme.sidebar: "" @ http://localhost:8503/static/js/index.CqTPbV5Y.js:45
