[      75ms] [ERROR] Failed to load resource: the server responded with a status of 404 (Not Found) @ http://localhost:8502/D%C3%A9mo/_stcore/health:0
[      81ms] [ERROR] Failed to load resource: the server responded with a status of 404 (Not Found) @ http://localhost:8502/D%C3%A9mo/_stcore/host-config:0
[  130903ms] [WARNING] WebSocket onclose @ http://localhost:8502/static/js/index.CqTPbV5Y.js:146
[  133256ms] [ERROR] Failed to load resource: net::ERR_CONNECTION_REFUSED @ http://localhost:8502/D%C3%A9mo/_stcore/health:0
[  133270ms] [ERROR] Failed to load resource: net::ERR_CONNECTION_REFUSED @ http://localhost:8502/D%C3%A9mo/_stcore/host-config:0
[  133510ms] [ERROR] Failed to load resource: net::ERR_CONNECTION_REFUSED @ http://localhost:8502/_stcore/health:0
[  135716ms] [ERROR] Failed to load resource: net::ERR_CONNECTION_REFUSED @ http://localhost:8502/_stcore/host-config:0
[  135717ms] [ERROR] Failed to load resource: net::ERR_CONNECTION_REFUSED @ http://localhost:8502/D%C3%A9mo/_stcore/health:0
[  135935ms] [ERROR] Failed to load resource: net::ERR_CONNECTION_REFUSED @ http://localhost:8502/D%C3%A9mo/_stcore/host-config:0
[  135950ms] [ERROR] Failed to load resource: net::ERR_CONNECTION_REFUSED @ http://localhost:8502/_stcore/health:0
[  138235ms] [ERROR] Failed to load resource: net::ERR_CONNECTION_REFUSED @ http://localhost:8502/_stcore/host-config:0
[  138236ms] [ERROR] Failed to load resource: net::ERR_CONNECTION_REFUSED @ http://localhost:8502/D%C3%A9mo/_stcore/health:0
[  138469ms] [ERROR] Failed to load resource: net::ERR_CONNECTION_REFUSED @ http://localhost:8502/D%C3%A9mo/_stcore/host-config:0
[  140940ms] [ERROR] Failed to load resource: net::ERR_CONNECTION_REFUSED @ http://localhost:8502/_stcore/health:0
[  140956ms] [ERROR] Failed to load resource: net::ERR_CONNECTION_REFUSED @ http://localhost:8502/_stcore/host-config:0
[  143647ms] [ERROR] Failed to load resource: net::ERR_CONNECTION_REFUSED @ http://localhost:8502/D%C3%A9mo/_stcore/health:0
[  143647ms] [ERROR] Failed to load resource: net::ERR_CONNECTION_REFUSED @ http://localhost:8502/D%C3%A9mo/_stcore/host-config:0
[  146819ms] [ERROR] Failed to load resource: net::ERR_CONNECTION_REFUSED @ http://localhost:8502/_stcore/health:0
[  146834ms] [ERROR] Failed to load resource: net::ERR_CONNECTION_REFUSED @ http://localhost:8502/_stcore/host-config:0
[  150091ms] [ERROR] Failed to load resource: net::ERR_CONNECTION_REFUSED @ http://localhost:8502/D%C3%A9mo/_stcore/health:0
[  150091ms] [ERROR] Failed to load resource: net::ERR_CONNECTION_REFUSED @ http://localhost:8502/D%C3%A9mo/_stcore/host-config:0
[  153891ms] [ERROR] Failed to load resource: net::ERR_CONNECTION_REFUSED @ http://localhost:8502/_stcore/health:0
[  153892ms] [ERROR] Failed to load resource: net::ERR_CONNECTION_REFUSED @ http://localhost:8502/_stcore/host-config:0
[  157860ms] [ERROR] Failed to load resource: net::ERR_CONNECTION_REFUSED @ http://localhost:8502/D%C3%A9mo/_stcore/health:0
[  157860ms] [ERROR] Client Error in reaching server endpoint - No response received when attempting to reach /D%C3%A9mo/_stcore/health @ http://localhost:8502/static/js/index.CqTPbV5Y.js:144
[  157861ms] [ERROR] Is Streamlit still running? If you accidentally stopped Streamlit, just restart it in your terminal: @ http://localhost:8502/static/js/index.CqTPbV5Y.js:150
[  157862ms] [ERROR] Failed to load resource: net::ERR_CONNECTION_REFUSED @ http://localhost:8502/D%C3%A9mo/_stcore/host-config:0
[  162191ms] [ERROR] Failed to load resource: net::ERR_CONNECTION_REFUSED @ http://localhost:8502/_stcore/health:0
[  162191ms] [ERROR] Client Error in reaching server endpoint - No response received when attempting to reach /_stcore/health @ http://localhost:8502/static/js/index.CqTPbV5Y.js:144
[  162192ms] [ERROR] Is Streamlit still running? If you accidentally stopped Streamlit, just restart it in your terminal: @ http://localhost:8502/static/js/index.CqTPbV5Y.js:150
[  162207ms] [ERROR] Failed to load resource: net::ERR_CONNECTION_REFUSED @ http://localhost:8502/_stcore/host-config:0
[  166520ms] [ERROR] Failed to load resource: net::ERR_CONNECTION_REFUSED @ http://localhost:8502/D%C3%A9mo/_stcore/health:0
[  166520ms] [ERROR] Client Error in reaching server endpoint - No response received when attempting to reach /D%C3%A9mo/_stcore/health @ http://localhost:8502/static/js/index.CqTPbV5Y.js:144
[  166520ms] [ERROR] Is Streamlit still running? If you accidentally stopped Streamlit, just restart it in your terminal: @ http://localhost:8502/static/js/index.CqTPbV5Y.js:150
[  166535ms] [ERROR] Failed to load resource: net::ERR_CONNECTION_REFUSED @ http://localhost:8502/D%C3%A9mo/_stcore/host-config:0
[  170858ms] [ERROR] Failed to load resource: net::ERR_CONNECTION_REFUSED @ http://localhost:8502/_stcore/health:0
[  170858ms] [ERROR] Client Error in reaching server endpoint - No response received when attempting to reach /_stcore/health @ http://localhost:8502/static/js/index.CqTPbV5Y.js:144
[  170859ms] [ERROR] Is Streamlit still running? If you accidentally stopped Streamlit, just restart it in your terminal: @ http://localhost:8502/static/js/index.CqTPbV5Y.js:150
[  170859ms] [ERROR] Failed to load resource: net::ERR_CONNECTION_REFUSED @ http://localhost:8502/_stcore/host-config:0
[  175178ms] [ERROR] Failed to load resource: net::ERR_CONNECTION_REFUSED @ http://localhost:8502/D%C3%A9mo/_stcore/health:0
[  175178ms] [ERROR] Client Error in reaching server endpoint - No response received when attempting to reach /D%C3%A9mo/_stcore/health @ http://localhost:8502/static/js/index.CqTPbV5Y.js:144
[  175179ms] [ERROR] Is Streamlit still running? If you accidentally stopped Streamlit, just restart it in your terminal: @ http://localhost:8502/static/js/index.CqTPbV5Y.js:150
[  175195ms] [ERROR] Failed to load resource: net::ERR_CONNECTION_REFUSED @ http://localhost:8502/D%C3%A9mo/_stcore/host-config:0
[  179517ms] [ERROR] Failed to load resource: net::ERR_CONNECTION_REFUSED @ http://localhost:8502/_stcore/health:0
[  179518ms] [ERROR] Client Error in reaching server endpoint - No response received when attempting to reach /_stcore/health @ http://localhost:8502/static/js/index.CqTPbV5Y.js:144
[  179518ms] [ERROR] Is Streamlit still running? If you accidentally stopped Streamlit, just restart it in your terminal: @ http://localhost:8502/static/js/index.CqTPbV5Y.js:150
[  179518ms] [ERROR] Failed to load resource: net::ERR_CONNECTION_REFUSED @ http://localhost:8502/_stcore/host-config:0
[  183886ms] [ERROR] Failed to load resource: net::ERR_CONNECTION_REFUSED @ http://localhost:8502/D%C3%A9mo/_stcore/health:0
[  183886ms] [ERROR] Client Error in reaching server endpoint - No response received when attempting to reach /D%C3%A9mo/_stcore/health @ http://localhost:8502/static/js/index.CqTPbV5Y.js:144
[  183886ms] [ERROR] Is Streamlit still running? If you accidentally stopped Streamlit, just restart it in your terminal: @ http://localhost:8502/static/js/index.CqTPbV5Y.js:150
[  183886ms] [ERROR] Failed to load resource: net::ERR_CONNECTION_REFUSED @ http://localhost:8502/D%C3%A9mo/_stcore/host-config:0
[  188207ms] [ERROR] Failed to load resource: net::ERR_CONNECTION_REFUSED @ http://localhost:8502/_stcore/health:0
[  188207ms] [ERROR] Client Error in reaching server endpoint - No response received when attempting to reach /_stcore/health @ http://localhost:8502/static/js/index.CqTPbV5Y.js:144
[  188207ms] [ERROR] Is Streamlit still running? If you accidentally stopped Streamlit, just restart it in your terminal: @ http://localhost:8502/static/js/index.CqTPbV5Y.js:150
[  188224ms] [ERROR] Failed to load resource: net::ERR_CONNECTION_REFUSED @ http://localhost:8502/_stcore/host-config:0
[  192546ms] [ERROR] Failed to load resource: net::ERR_CONNECTION_REFUSED @ http://localhost:8502/D%C3%A9mo/_stcore/health:0
[  192546ms] [ERROR] Client Error in reaching server endpoint - No response received when attempting to reach /D%C3%A9mo/_stcore/health @ http://localhost:8502/static/js/index.CqTPbV5Y.js:144
[  192546ms] [ERROR] Is Streamlit still running? If you accidentally stopped Streamlit, just restart it in your terminal: @ http://localhost:8502/static/js/index.CqTPbV5Y.js:150
[  192563ms] [ERROR] Failed to load resource: net::ERR_CONNECTION_REFUSED @ http://localhost:8502/D%C3%A9mo/_stcore/host-config:0
